05-Mar-2025 16:11:36.823 INFO [main] org.apache.catalina.startup.VersionLoggerListener.log Server version name:   Apache Tomcat/9.0.98
05-Mar-2025 16:11:36.827 INFO [main] org.apache.catalina.startup.VersionLoggerListener.log Server built:          Dec 5 2024 19:50:29 UTC
05-Mar-2025 16:11:36.827 INFO [main] org.apache.catalina.startup.VersionLoggerListener.log Server version number: 9.0.98.0
05-Mar-2025 16:11:36.827 INFO [main] org.apache.catalina.startup.VersionLoggerListener.log OS Name:               Windows 11
05-Mar-2025 16:11:36.827 INFO [main] org.apache.catalina.startup.VersionLoggerListener.log OS Version:            10.0
05-Mar-2025 16:11:36.827 INFO [main] org.apache.catalina.startup.VersionLoggerListener.log Architecture:          amd64
05-Mar-2025 16:11:36.828 INFO [main] org.apache.catalina.startup.VersionLoggerListener.log Java Home:             C:\Program Files\Java\jdk-21
05-Mar-2025 16:11:36.828 INFO [main] org.apache.catalina.startup.VersionLoggerListener.log JVM Version:           21.0.5+9-LTS-239
05-Mar-2025 16:11:36.829 INFO [main] org.apache.catalina.startup.VersionLoggerListener.log JVM Vendor:            Oracle Corporation
05-Mar-2025 16:11:36.829 INFO [main] org.apache.catalina.startup.VersionLoggerListener.log CATALINA_BASE:         C:\Users\Logan\Documents\GitHub\CSC435-Webservices-Collection\HW3\tomcat
05-Mar-2025 16:11:36.829 INFO [main] org.apache.catalina.startup.VersionLoggerListener.log CATALINA_HOME:         C:\Users\Logan\Documents\GitHub\CSC435-Webservices-Collection\HW3\tomcat
05-Mar-2025 16:11:36.842 INFO [main] org.apache.catalina.startup.VersionLoggerListener.log Command line argument: --add-opens=java.base/java.lang=ALL-UNNAMED
05-Mar-2025 16:11:36.842 INFO [main] org.apache.catalina.startup.VersionLoggerListener.log Command line argument: --add-opens=java.base/java.io=ALL-UNNAMED
05-Mar-2025 16:11:36.842 INFO [main] org.apache.catalina.startup.VersionLoggerListener.log Command line argument: --add-opens=java.base/java.util=ALL-UNNAMED
05-Mar-2025 16:11:36.842 INFO [main] org.apache.catalina.startup.VersionLoggerListener.log Command line argument: --add-opens=java.base/java.util.concurrent=ALL-UNNAMED
05-Mar-2025 16:11:36.843 INFO [main] org.apache.catalina.startup.VersionLoggerListener.log Command line argument: --add-opens=java.rmi/sun.rmi.transport=ALL-UNNAMED
05-Mar-2025 16:11:36.843 INFO [main] org.apache.catalina.startup.VersionLoggerListener.log Command line argument: -Djava.util.logging.config.file=C:\Users\Logan\Documents\GitHub\CSC435-Webservices-Collection\HW3\tomcat\conf\logging.properties
05-Mar-2025 16:11:36.843 INFO [main] org.apache.catalina.startup.VersionLoggerListener.log Command line argument: -Djava.util.logging.manager=org.apache.juli.ClassLoaderLogManager
05-Mar-2025 16:11:36.843 INFO [main] org.apache.catalina.startup.VersionLoggerListener.log Command line argument: -Djdk.tls.ephemeralDHKeySize=2048
05-Mar-2025 16:11:36.843 INFO [main] org.apache.catalina.startup.VersionLoggerListener.log Command line argument: -Djava.protocol.handler.pkgs=org.apache.catalina.webresources
05-Mar-2025 16:11:36.843 INFO [main] org.apache.catalina.startup.VersionLoggerListener.log Command line argument: -Dignore.endorsed.dirs=
05-Mar-2025 16:11:36.844 INFO [main] org.apache.catalina.startup.VersionLoggerListener.log Command line argument: -Dcatalina.base=C:\Users\Logan\Documents\GitHub\CSC435-Webservices-Collection\HW3\tomcat
05-Mar-2025 16:11:36.844 INFO [main] org.apache.catalina.startup.VersionLoggerListener.log Command line argument: -Dcatalina.home=C:\Users\Logan\Documents\GitHub\CSC435-Webservices-Collection\HW3\tomcat
05-Mar-2025 16:11:36.844 INFO [main] org.apache.catalina.startup.VersionLoggerListener.log Command line argument: -Djava.io.tmpdir=C:\Users\Logan\Documents\GitHub\CSC435-Webservices-Collection\HW3\tomcat\temp
05-Mar-2025 16:11:36.852 INFO [main] org.apache.catalina.core.AprLifecycleListener.lifecycleEvent Loaded Apache Tomcat Native library [1.3.1] using APR version [1.7.4].
05-Mar-2025 16:11:36.852 INFO [main] org.apache.catalina.core.AprLifecycleListener.lifecycleEvent APR capabilities: IPv6 [true], sendfile [true], accept filters [false], random [true], UDS [true].
05-Mar-2025 16:11:36.852 INFO [main] org.apache.catalina.core.AprLifecycleListener.lifecycleEvent APR/OpenSSL configuration: useAprConnector [false], useOpenSSL [true]
05-Mar-2025 16:11:36.871 INFO [main] org.apache.catalina.core.AprLifecycleListener.initializeSSL OpenSSL successfully initialized [OpenSSL 3.0.14 4 Jun 2024]
05-Mar-2025 16:11:37.199 INFO [main] org.apache.coyote.AbstractProtocol.init Initializing ProtocolHandler ["http-nio-8080"]
05-Mar-2025 16:11:37.215 SEVERE [main] org.apache.catalina.util.LifecycleBase.handleSubClassException Failed to initialize component [Connector["http-nio-8080"]]
	org.apache.catalina.LifecycleException: Protocol handler initialization failed
		at org.apache.catalina.connector.Connector.initInternal(Connector.java:1027)
		at org.apache.catalina.util.LifecycleBase.init(LifecycleBase.java:122)
		at org.apache.catalina.core.StandardService.initInternal(StandardService.java:525)
		at org.apache.catalina.util.LifecycleBase.init(LifecycleBase.java:122)
		at org.apache.catalina.core.StandardServer.initInternal(StandardServer.java:986)
		at org.apache.catalina.util.LifecycleBase.init(LifecycleBase.java:122)
		at org.apache.catalina.startup.Catalina.load(Catalina.java:690)
		at org.apache.catalina.startup.Catalina.load(Catalina.java:713)
		at java.base/jdk.internal.reflect.DirectMethodHandleAccessor.invoke(DirectMethodHandleAccessor.java:103)
		at java.base/java.lang.reflect.Method.invoke(Method.java:580)
		at org.apache.catalina.startup.Bootstrap.load(Bootstrap.java:302)
		at org.apache.catalina.startup.Bootstrap.main(Bootstrap.java:472)
	Caused by: java.net.BindException: Address already in use: bind
		at java.base/sun.nio.ch.Net.bind0(Native Method)
		at java.base/sun.nio.ch.Net.bind(Net.java:565)
		at java.base/sun.nio.ch.ServerSocketChannelImpl.netBind(ServerSocketChannelImpl.java:344)
		at java.base/sun.nio.ch.ServerSocketChannelImpl.bind(ServerSocketChannelImpl.java:301)
		at org.apache.tomcat.util.net.NioEndpoint.initServerSocket(NioEndpoint.java:268)
		at org.apache.tomcat.util.net.NioEndpoint.bind(NioEndpoint.java:223)
		at org.apache.tomcat.util.net.AbstractEndpoint.bindWithCleanup(AbstractEndpoint.java:1373)
		at org.apache.tomcat.util.net.AbstractEndpoint.init(AbstractEndpoint.java:1386)
		at org.apache.coyote.AbstractProtocol.init(AbstractProtocol.java:663)
		at org.apache.coyote.http11.AbstractHttp11Protocol.init(AbstractHttp11Protocol.java:80)
		at org.apache.catalina.connector.Connector.initInternal(Connector.java:1025)
		... 11 more
05-Mar-2025 16:11:37.216 INFO [main] org.apache.catalina.startup.Catalina.load Server initialization in [611] milliseconds
05-Mar-2025 16:11:37.266 INFO [main] org.apache.catalina.core.StandardService.startInternal Starting service [Catalina]
05-Mar-2025 16:11:37.268 INFO [main] org.apache.catalina.core.StandardEngine.startInternal Starting Servlet engine: [Apache Tomcat/9.0.98]
05-Mar-2025 16:11:37.288 INFO [main] org.apache.catalina.startup.HostConfig.deployWAR Deploying web application archive [C:\Users\Logan\Documents\GitHub\CSC435-Webservices-Collection\HW3\tomcat\webapps\store.war]
05-Mar-2025 16:11:37.307 INFO [main] org.apache.catalina.startup.ExpandWar.expand An expanded directory [C:\Users\Logan\Documents\GitHub\CSC435-Webservices-Collection\HW3\tomcat\webapps\store] was found with a last modified time that did not match the associated WAR. It will be deleted.
05-Mar-2025 16:11:37.758 INFO [main] org.apache.jasper.servlet.TldScanner.scanJars At least one JAR was scanned for TLDs yet contained no TLDs. Enable debug logging for this logger for a complete list of JARs that were scanned but no TLDs were found in them. Skipping unneeded JARs during scanning can improve startup time and JSP compilation time.
05-Mar-2025 16:11:37.820 INFO [main] org.apache.catalina.startup.HostConfig.deployWAR Deployment of web application archive [C:\Users\Logan\Documents\GitHub\CSC435-Webservices-Collection\HW3\tomcat\webapps\store.war] has finished in [531] ms
05-Mar-2025 16:11:37.826 INFO [main] org.apache.catalina.startup.Catalina.start Server startup in [607] milliseconds
05-Mar-2025 16:16:11.988 INFO [main] org.apache.catalina.startup.VersionLoggerListener.log Server version name:   Apache Tomcat/9.0.98
05-Mar-2025 16:16:11.992 INFO [main] org.apache.catalina.startup.VersionLoggerListener.log Server built:          Dec 5 2024 19:50:29 UTC
05-Mar-2025 16:16:11.992 INFO [main] org.apache.catalina.startup.VersionLoggerListener.log Server version number: 9.0.98.0
05-Mar-2025 16:16:11.992 INFO [main] org.apache.catalina.startup.VersionLoggerListener.log OS Name:               Windows 11
05-Mar-2025 16:16:11.993 INFO [main] org.apache.catalina.startup.VersionLoggerListener.log OS Version:            10.0
05-Mar-2025 16:16:11.993 INFO [main] org.apache.catalina.startup.VersionLoggerListener.log Architecture:          amd64
05-Mar-2025 16:16:11.993 INFO [main] org.apache.catalina.startup.VersionLoggerListener.log Java Home:             C:\Program Files\Java\jdk-21
05-Mar-2025 16:16:11.993 INFO [main] org.apache.catalina.startup.VersionLoggerListener.log JVM Version:           21.0.5+9-LTS-239
05-Mar-2025 16:16:11.993 INFO [main] org.apache.catalina.startup.VersionLoggerListener.log JVM Vendor:            Oracle Corporation
05-Mar-2025 16:16:11.993 INFO [main] org.apache.catalina.startup.VersionLoggerListener.log CATALINA_BASE:         C:\Users\Logan\Documents\GitHub\CSC435-Webservices-Collection\HW3\tomcat
05-Mar-2025 16:16:11.993 INFO [main] org.apache.catalina.startup.VersionLoggerListener.log CATALINA_HOME:         C:\Users\Logan\Documents\GitHub\CSC435-Webservices-Collection\HW3\tomcat
05-Mar-2025 16:16:12.004 INFO [main] org.apache.catalina.startup.VersionLoggerListener.log Command line argument: --add-opens=java.base/java.lang=ALL-UNNAMED
05-Mar-2025 16:16:12.005 INFO [main] org.apache.catalina.startup.VersionLoggerListener.log Command line argument: --add-opens=java.base/java.io=ALL-UNNAMED
05-Mar-2025 16:16:12.005 INFO [main] org.apache.catalina.startup.VersionLoggerListener.log Command line argument: --add-opens=java.base/java.util=ALL-UNNAMED
05-Mar-2025 16:16:12.006 INFO [main] org.apache.catalina.startup.VersionLoggerListener.log Command line argument: --add-opens=java.base/java.util.concurrent=ALL-UNNAMED
05-Mar-2025 16:16:12.006 INFO [main] org.apache.catalina.startup.VersionLoggerListener.log Command line argument: --add-opens=java.rmi/sun.rmi.transport=ALL-UNNAMED
05-Mar-2025 16:16:12.007 INFO [main] org.apache.catalina.startup.VersionLoggerListener.log Command line argument: -Djava.util.logging.config.file=C:\Users\Logan\Documents\GitHub\CSC435-Webservices-Collection\HW3\tomcat\conf\logging.properties
05-Mar-2025 16:16:12.007 INFO [main] org.apache.catalina.startup.VersionLoggerListener.log Command line argument: -Djava.util.logging.manager=org.apache.juli.ClassLoaderLogManager
05-Mar-2025 16:16:12.007 INFO [main] org.apache.catalina.startup.VersionLoggerListener.log Command line argument: -Djdk.tls.ephemeralDHKeySize=2048
05-Mar-2025 16:16:12.007 INFO [main] org.apache.catalina.startup.VersionLoggerListener.log Command line argument: -Djava.protocol.handler.pkgs=org.apache.catalina.webresources
05-Mar-2025 16:16:12.008 INFO [main] org.apache.catalina.startup.VersionLoggerListener.log Command line argument: -Dignore.endorsed.dirs=
05-Mar-2025 16:16:12.008 INFO [main] org.apache.catalina.startup.VersionLoggerListener.log Command line argument: -Dcatalina.base=C:\Users\Logan\Documents\GitHub\CSC435-Webservices-Collection\HW3\tomcat
05-Mar-2025 16:16:12.008 INFO [main] org.apache.catalina.startup.VersionLoggerListener.log Command line argument: -Dcatalina.home=C:\Users\Logan\Documents\GitHub\CSC435-Webservices-Collection\HW3\tomcat
05-Mar-2025 16:16:12.008 INFO [main] org.apache.catalina.startup.VersionLoggerListener.log Command line argument: -Djava.io.tmpdir=C:\Users\Logan\Documents\GitHub\CSC435-Webservices-Collection\HW3\tomcat\temp
05-Mar-2025 16:16:12.012 INFO [main] org.apache.catalina.core.AprLifecycleListener.lifecycleEvent Loaded Apache Tomcat Native library [1.3.1] using APR version [1.7.4].
05-Mar-2025 16:16:12.014 INFO [main] org.apache.catalina.core.AprLifecycleListener.lifecycleEvent APR capabilities: IPv6 [true], sendfile [true], accept filters [false], random [true], UDS [true].
05-Mar-2025 16:16:12.014 INFO [main] org.apache.catalina.core.AprLifecycleListener.lifecycleEvent APR/OpenSSL configuration: useAprConnector [false], useOpenSSL [true]
05-Mar-2025 16:16:12.019 INFO [main] org.apache.catalina.core.AprLifecycleListener.initializeSSL OpenSSL successfully initialized [OpenSSL 3.0.14 4 Jun 2024]
05-Mar-2025 16:16:12.384 INFO [main] org.apache.coyote.AbstractProtocol.init Initializing ProtocolHandler ["http-nio-8080"]
05-Mar-2025 16:16:12.401 SEVERE [main] org.apache.catalina.util.LifecycleBase.handleSubClassException Failed to initialize component [Connector["http-nio-8080"]]
	org.apache.catalina.LifecycleException: Protocol handler initialization failed
		at org.apache.catalina.connector.Connector.initInternal(Connector.java:1027)
		at org.apache.catalina.util.LifecycleBase.init(LifecycleBase.java:122)
		at org.apache.catalina.core.StandardService.initInternal(StandardService.java:525)
		at org.apache.catalina.util.LifecycleBase.init(LifecycleBase.java:122)
		at org.apache.catalina.core.StandardServer.initInternal(StandardServer.java:986)
		at org.apache.catalina.util.LifecycleBase.init(LifecycleBase.java:122)
		at org.apache.catalina.startup.Catalina.load(Catalina.java:690)
		at org.apache.catalina.startup.Catalina.load(Catalina.java:713)
		at java.base/jdk.internal.reflect.DirectMethodHandleAccessor.invoke(DirectMethodHandleAccessor.java:103)
		at java.base/java.lang.reflect.Method.invoke(Method.java:580)
		at org.apache.catalina.startup.Bootstrap.load(Bootstrap.java:302)
		at org.apache.catalina.startup.Bootstrap.main(Bootstrap.java:472)
	Caused by: java.net.BindException: Address already in use: bind
		at java.base/sun.nio.ch.Net.bind0(Native Method)
		at java.base/sun.nio.ch.Net.bind(Net.java:565)
		at java.base/sun.nio.ch.ServerSocketChannelImpl.netBind(ServerSocketChannelImpl.java:344)
		at java.base/sun.nio.ch.ServerSocketChannelImpl.bind(ServerSocketChannelImpl.java:301)
		at org.apache.tomcat.util.net.NioEndpoint.initServerSocket(NioEndpoint.java:268)
		at org.apache.tomcat.util.net.NioEndpoint.bind(NioEndpoint.java:223)
		at org.apache.tomcat.util.net.AbstractEndpoint.bindWithCleanup(AbstractEndpoint.java:1373)
		at org.apache.tomcat.util.net.AbstractEndpoint.init(AbstractEndpoint.java:1386)
		at org.apache.coyote.AbstractProtocol.init(AbstractProtocol.java:663)
		at org.apache.coyote.http11.AbstractHttp11Protocol.init(AbstractHttp11Protocol.java:80)
		at org.apache.catalina.connector.Connector.initInternal(Connector.java:1025)
		... 11 more
05-Mar-2025 16:16:12.403 INFO [main] org.apache.catalina.startup.Catalina.load Server initialization in [608] milliseconds
05-Mar-2025 16:16:12.452 INFO [main] org.apache.catalina.core.StandardService.startInternal Starting service [Catalina]
05-Mar-2025 16:16:12.452 INFO [main] org.apache.catalina.core.StandardEngine.startInternal Starting Servlet engine: [Apache Tomcat/9.0.98]
05-Mar-2025 16:16:12.472 INFO [main] org.apache.catalina.startup.HostConfig.deployWAR Deploying web application archive [C:\Users\Logan\Documents\GitHub\CSC435-Webservices-Collection\HW3\tomcat\webapps\store.war]
05-Mar-2025 16:16:12.821 INFO [main] org.apache.jasper.servlet.TldScanner.scanJars At least one JAR was scanned for TLDs yet contained no TLDs. Enable debug logging for this logger for a complete list of JARs that were scanned but no TLDs were found in them. Skipping unneeded JARs during scanning can improve startup time and JSP compilation time.
05-Mar-2025 16:16:12.883 INFO [main] org.apache.catalina.startup.HostConfig.deployWAR Deployment of web application archive [C:\Users\Logan\Documents\GitHub\CSC435-Webservices-Collection\HW3\tomcat\webapps\store.war] has finished in [412] ms
05-Mar-2025 16:16:12.898 INFO [main] org.apache.catalina.startup.Catalina.start Server startup in [493] milliseconds
05-Mar-2025 16:17:29.229 INFO [main] org.apache.catalina.startup.VersionLoggerListener.log Server version name:   Apache Tomcat/9.0.98
05-Mar-2025 16:17:29.232 INFO [main] org.apache.catalina.startup.VersionLoggerListener.log Server built:          Dec 5 2024 19:50:29 UTC
05-Mar-2025 16:17:29.232 INFO [main] org.apache.catalina.startup.VersionLoggerListener.log Server version number: 9.0.98.0
05-Mar-2025 16:17:29.233 INFO [main] org.apache.catalina.startup.VersionLoggerListener.log OS Name:               Windows 11
05-Mar-2025 16:17:29.233 INFO [main] org.apache.catalina.startup.VersionLoggerListener.log OS Version:            10.0
05-Mar-2025 16:17:29.233 INFO [main] org.apache.catalina.startup.VersionLoggerListener.log Architecture:          amd64
05-Mar-2025 16:17:29.233 INFO [main] org.apache.catalina.startup.VersionLoggerListener.log Java Home:             C:\Program Files\Java\jdk-21
05-Mar-2025 16:17:29.233 INFO [main] org.apache.catalina.startup.VersionLoggerListener.log JVM Version:           21.0.5+9-LTS-239
05-Mar-2025 16:17:29.233 INFO [main] org.apache.catalina.startup.VersionLoggerListener.log JVM Vendor:            Oracle Corporation
05-Mar-2025 16:17:29.233 INFO [main] org.apache.catalina.startup.VersionLoggerListener.log CATALINA_BASE:         C:\Users\Logan\Documents\GitHub\CSC435-Webservices-Collection\HW3\tomcat
05-Mar-2025 16:17:29.233 INFO [main] org.apache.catalina.startup.VersionLoggerListener.log CATALINA_HOME:         C:\Users\Logan\Documents\GitHub\CSC435-Webservices-Collection\HW3\tomcat
05-Mar-2025 16:17:29.244 INFO [main] org.apache.catalina.startup.VersionLoggerListener.log Command line argument: --add-opens=java.base/java.lang=ALL-UNNAMED
05-Mar-2025 16:17:29.244 INFO [main] org.apache.catalina.startup.VersionLoggerListener.log Command line argument: --add-opens=java.base/java.io=ALL-UNNAMED
05-Mar-2025 16:17:29.245 INFO [main] org.apache.catalina.startup.VersionLoggerListener.log Command line argument: --add-opens=java.base/java.util=ALL-UNNAMED
05-Mar-2025 16:17:29.245 INFO [main] org.apache.catalina.startup.VersionLoggerListener.log Command line argument: --add-opens=java.base/java.util.concurrent=ALL-UNNAMED
05-Mar-2025 16:17:29.245 INFO [main] org.apache.catalina.startup.VersionLoggerListener.log Command line argument: --add-opens=java.rmi/sun.rmi.transport=ALL-UNNAMED
05-Mar-2025 16:17:29.246 INFO [main] org.apache.catalina.startup.VersionLoggerListener.log Command line argument: -Djava.util.logging.config.file=C:\Users\Logan\Documents\GitHub\CSC435-Webservices-Collection\HW3\tomcat\conf\logging.properties
05-Mar-2025 16:17:29.246 INFO [main] org.apache.catalina.startup.VersionLoggerListener.log Command line argument: -Djava.util.logging.manager=org.apache.juli.ClassLoaderLogManager
05-Mar-2025 16:17:29.246 INFO [main] org.apache.catalina.startup.VersionLoggerListener.log Command line argument: -Djdk.tls.ephemeralDHKeySize=2048
05-Mar-2025 16:17:29.246 INFO [main] org.apache.catalina.startup.VersionLoggerListener.log Command line argument: -Djava.protocol.handler.pkgs=org.apache.catalina.webresources
05-Mar-2025 16:17:29.247 INFO [main] org.apache.catalina.startup.VersionLoggerListener.log Command line argument: -Dignore.endorsed.dirs=
05-Mar-2025 16:17:29.247 INFO [main] org.apache.catalina.startup.VersionLoggerListener.log Command line argument: -Dcatalina.base=C:\Users\Logan\Documents\GitHub\CSC435-Webservices-Collection\HW3\tomcat
05-Mar-2025 16:17:29.247 INFO [main] org.apache.catalina.startup.VersionLoggerListener.log Command line argument: -Dcatalina.home=C:\Users\Logan\Documents\GitHub\CSC435-Webservices-Collection\HW3\tomcat
05-Mar-2025 16:17:29.247 INFO [main] org.apache.catalina.startup.VersionLoggerListener.log Command line argument: -Djava.io.tmpdir=C:\Users\Logan\Documents\GitHub\CSC435-Webservices-Collection\HW3\tomcat\temp
05-Mar-2025 16:17:29.252 INFO [main] org.apache.catalina.core.AprLifecycleListener.lifecycleEvent Loaded Apache Tomcat Native library [1.3.1] using APR version [1.7.4].
05-Mar-2025 16:17:29.253 INFO [main] org.apache.catalina.core.AprLifecycleListener.lifecycleEvent APR capabilities: IPv6 [true], sendfile [true], accept filters [false], random [true], UDS [true].
05-Mar-2025 16:17:29.253 INFO [main] org.apache.catalina.core.AprLifecycleListener.lifecycleEvent APR/OpenSSL configuration: useAprConnector [false], useOpenSSL [true]
05-Mar-2025 16:17:29.260 INFO [main] org.apache.catalina.core.AprLifecycleListener.initializeSSL OpenSSL successfully initialized [OpenSSL 3.0.14 4 Jun 2024]
05-Mar-2025 16:17:29.576 INFO [main] org.apache.coyote.AbstractProtocol.init Initializing ProtocolHandler ["http-nio-8090"]
05-Mar-2025 16:17:29.603 INFO [main] org.apache.catalina.startup.Catalina.load Server initialization in [556] milliseconds
05-Mar-2025 16:17:29.650 INFO [main] org.apache.catalina.core.StandardService.startInternal Starting service [Catalina]
05-Mar-2025 16:17:29.651 INFO [main] org.apache.catalina.core.StandardEngine.startInternal Starting Servlet engine: [Apache Tomcat/9.0.98]
05-Mar-2025 16:17:29.669 INFO [main] org.apache.catalina.startup.HostConfig.deployWAR Deploying web application archive [C:\Users\Logan\Documents\GitHub\CSC435-Webservices-Collection\HW3\tomcat\webapps\store.war]
05-Mar-2025 16:17:29.986 INFO [main] org.apache.jasper.servlet.TldScanner.scanJars At least one JAR was scanned for TLDs yet contained no TLDs. Enable debug logging for this logger for a complete list of JARs that were scanned but no TLDs were found in them. Skipping unneeded JARs during scanning can improve startup time and JSP compilation time.
05-Mar-2025 16:17:30.036 INFO [main] org.apache.catalina.startup.HostConfig.deployWAR Deployment of web application archive [C:\Users\Logan\Documents\GitHub\CSC435-Webservices-Collection\HW3\tomcat\webapps\store.war] has finished in [366] ms
05-Mar-2025 16:17:30.042 INFO [main] org.apache.coyote.AbstractProtocol.start Starting ProtocolHandler ["http-nio-8090"]
05-Mar-2025 16:17:30.086 INFO [main] org.apache.catalina.startup.Catalina.start Server startup in [482] milliseconds
05-Mar-2025 16:25:39.705 INFO [main] org.apache.catalina.startup.VersionLoggerListener.log Server version name:   Apache Tomcat/9.0.98
05-Mar-2025 16:25:39.709 INFO [main] org.apache.catalina.startup.VersionLoggerListener.log Server built:          Dec 5 2024 19:50:29 UTC
05-Mar-2025 16:25:39.709 INFO [main] org.apache.catalina.startup.VersionLoggerListener.log Server version number: 9.0.98.0
05-Mar-2025 16:25:39.709 INFO [main] org.apache.catalina.startup.VersionLoggerListener.log OS Name:               Windows 11
05-Mar-2025 16:25:39.709 INFO [main] org.apache.catalina.startup.VersionLoggerListener.log OS Version:            10.0
05-Mar-2025 16:25:39.709 INFO [main] org.apache.catalina.startup.VersionLoggerListener.log Architecture:          amd64
05-Mar-2025 16:25:39.709 INFO [main] org.apache.catalina.startup.VersionLoggerListener.log Java Home:             C:\Program Files\Java\jdk-21
05-Mar-2025 16:25:39.709 INFO [main] org.apache.catalina.startup.VersionLoggerListener.log JVM Version:           21.0.5+9-LTS-239
05-Mar-2025 16:25:39.710 INFO [main] org.apache.catalina.startup.VersionLoggerListener.log JVM Vendor:            Oracle Corporation
05-Mar-2025 16:25:39.710 INFO [main] org.apache.catalina.startup.VersionLoggerListener.log CATALINA_BASE:         C:\Users\Logan\Documents\GitHub\CSC435-Webservices-Collection\HW3\tomcat
05-Mar-2025 16:25:39.710 INFO [main] org.apache.catalina.startup.VersionLoggerListener.log CATALINA_HOME:         C:\Users\Logan\Documents\GitHub\CSC435-Webservices-Collection\HW3\tomcat
05-Mar-2025 16:25:39.722 INFO [main] org.apache.catalina.startup.VersionLoggerListener.log Command line argument: --add-opens=java.base/java.lang=ALL-UNNAMED
05-Mar-2025 16:25:39.722 INFO [main] org.apache.catalina.startup.VersionLoggerListener.log Command line argument: --add-opens=java.base/java.io=ALL-UNNAMED
05-Mar-2025 16:25:39.722 INFO [main] org.apache.catalina.startup.VersionLoggerListener.log Command line argument: --add-opens=java.base/java.util=ALL-UNNAMED
05-Mar-2025 16:25:39.722 INFO [main] org.apache.catalina.startup.VersionLoggerListener.log Command line argument: --add-opens=java.base/java.util.concurrent=ALL-UNNAMED
05-Mar-2025 16:25:39.723 INFO [main] org.apache.catalina.startup.VersionLoggerListener.log Command line argument: --add-opens=java.rmi/sun.rmi.transport=ALL-UNNAMED
05-Mar-2025 16:25:39.723 INFO [main] org.apache.catalina.startup.VersionLoggerListener.log Command line argument: -Djava.util.logging.config.file=C:\Users\Logan\Documents\GitHub\CSC435-Webservices-Collection\HW3\tomcat\conf\logging.properties
05-Mar-2025 16:25:39.723 INFO [main] org.apache.catalina.startup.VersionLoggerListener.log Command line argument: -Djava.util.logging.manager=org.apache.juli.ClassLoaderLogManager
05-Mar-2025 16:25:39.723 INFO [main] org.apache.catalina.startup.VersionLoggerListener.log Command line argument: -Djdk.tls.ephemeralDHKeySize=2048
05-Mar-2025 16:25:39.724 INFO [main] org.apache.catalina.startup.VersionLoggerListener.log Command line argument: -Djava.protocol.handler.pkgs=org.apache.catalina.webresources
05-Mar-2025 16:25:39.724 INFO [main] org.apache.catalina.startup.VersionLoggerListener.log Command line argument: -Dignore.endorsed.dirs=
05-Mar-2025 16:25:39.724 INFO [main] org.apache.catalina.startup.VersionLoggerListener.log Command line argument: -Dcatalina.base=C:\Users\Logan\Documents\GitHub\CSC435-Webservices-Collection\HW3\tomcat
05-Mar-2025 16:25:39.724 INFO [main] org.apache.catalina.startup.VersionLoggerListener.log Command line argument: -Dcatalina.home=C:\Users\Logan\Documents\GitHub\CSC435-Webservices-Collection\HW3\tomcat
05-Mar-2025 16:25:39.725 INFO [main] org.apache.catalina.startup.VersionLoggerListener.log Command line argument: -Djava.io.tmpdir=C:\Users\Logan\Documents\GitHub\CSC435-Webservices-Collection\HW3\tomcat\temp
05-Mar-2025 16:25:39.730 INFO [main] org.apache.catalina.core.AprLifecycleListener.lifecycleEvent Loaded Apache Tomcat Native library [1.3.1] using APR version [1.7.4].
05-Mar-2025 16:25:39.730 INFO [main] org.apache.catalina.core.AprLifecycleListener.lifecycleEvent APR capabilities: IPv6 [true], sendfile [true], accept filters [false], random [true], UDS [true].
05-Mar-2025 16:25:39.730 INFO [main] org.apache.catalina.core.AprLifecycleListener.lifecycleEvent APR/OpenSSL configuration: useAprConnector [false], useOpenSSL [true]
05-Mar-2025 16:25:39.737 INFO [main] org.apache.catalina.core.AprLifecycleListener.initializeSSL OpenSSL successfully initialized [OpenSSL 3.0.14 4 Jun 2024]
05-Mar-2025 16:25:40.055 INFO [main] org.apache.coyote.AbstractProtocol.init Initializing ProtocolHandler ["http-nio-8090"]
05-Mar-2025 16:25:40.079 INFO [main] org.apache.catalina.startup.Catalina.load Server initialization in [568] milliseconds
05-Mar-2025 16:25:40.129 INFO [main] org.apache.catalina.core.StandardService.startInternal Starting service [Catalina]
05-Mar-2025 16:25:40.130 INFO [main] org.apache.catalina.core.StandardEngine.startInternal Starting Servlet engine: [Apache Tomcat/9.0.98]
05-Mar-2025 16:25:40.147 INFO [main] org.apache.catalina.startup.HostConfig.deployWAR Deploying web application archive [C:\Users\Logan\Documents\GitHub\CSC435-Webservices-Collection\HW3\tomcat\webapps\store.war]
05-Mar-2025 16:25:40.166 INFO [main] org.apache.catalina.startup.ExpandWar.expand An expanded directory [C:\Users\Logan\Documents\GitHub\CSC435-Webservices-Collection\HW3\tomcat\webapps\store] was found with a last modified time that did not match the associated WAR. It will be deleted.
05-Mar-2025 16:25:40.750 INFO [main] org.apache.jasper.servlet.TldScanner.scanJars At least one JAR was scanned for TLDs yet contained no TLDs. Enable debug logging for this logger for a complete list of JARs that were scanned but no TLDs were found in them. Skipping unneeded JARs during scanning can improve startup time and JSP compilation time.
05-Mar-2025 16:25:40.802 INFO [main] org.apache.catalina.startup.HostConfig.deployWAR Deployment of web application archive [C:\Users\Logan\Documents\GitHub\CSC435-Webservices-Collection\HW3\tomcat\webapps\store.war] has finished in [654] ms
05-Mar-2025 16:25:40.808 INFO [main] org.apache.coyote.AbstractProtocol.start Starting ProtocolHandler ["http-nio-8090"]
05-Mar-2025 16:25:40.835 INFO [main] org.apache.catalina.startup.Catalina.start Server startup in [755] milliseconds
05-Mar-2025 21:23:08.323 INFO [main] org.apache.catalina.startup.VersionLoggerListener.log Server version name:   Apache Tomcat/9.0.98
05-Mar-2025 21:23:08.328 INFO [main] org.apache.catalina.startup.VersionLoggerListener.log Server built:          Dec 5 2024 19:50:29 UTC
05-Mar-2025 21:23:08.328 INFO [main] org.apache.catalina.startup.VersionLoggerListener.log Server version number: 9.0.98.0
05-Mar-2025 21:23:08.329 INFO [main] org.apache.catalina.startup.VersionLoggerListener.log OS Name:               Windows 11
05-Mar-2025 21:23:08.329 INFO [main] org.apache.catalina.startup.VersionLoggerListener.log OS Version:            10.0
05-Mar-2025 21:23:08.329 INFO [main] org.apache.catalina.startup.VersionLoggerListener.log Architecture:          amd64
05-Mar-2025 21:23:08.329 INFO [main] org.apache.catalina.startup.VersionLoggerListener.log Java Home:             C:\Program Files\Java\jdk-21
05-Mar-2025 21:23:08.329 INFO [main] org.apache.catalina.startup.VersionLoggerListener.log JVM Version:           21.0.5+9-LTS-239
05-Mar-2025 21:23:08.330 INFO [main] org.apache.catalina.startup.VersionLoggerListener.log JVM Vendor:            Oracle Corporation
05-Mar-2025 21:23:08.330 INFO [main] org.apache.catalina.startup.VersionLoggerListener.log CATALINA_BASE:         C:\Users\Logan\Documents\GitHub\CSC435-Webservices-Collection\HW3\tomcat
05-Mar-2025 21:23:08.330 INFO [main] org.apache.catalina.startup.VersionLoggerListener.log CATALINA_HOME:         C:\Users\Logan\Documents\GitHub\CSC435-Webservices-Collection\HW3\tomcat
05-Mar-2025 21:23:08.356 INFO [main] org.apache.catalina.startup.VersionLoggerListener.log Command line argument: --add-opens=java.base/java.lang=ALL-UNNAMED
05-Mar-2025 21:23:08.356 INFO [main] org.apache.catalina.startup.VersionLoggerListener.log Command line argument: --add-opens=java.base/java.io=ALL-UNNAMED
05-Mar-2025 21:23:08.357 INFO [main] org.apache.catalina.startup.VersionLoggerListener.log Command line argument: --add-opens=java.base/java.util=ALL-UNNAMED
05-Mar-2025 21:23:08.357 INFO [main] org.apache.catalina.startup.VersionLoggerListener.log Command line argument: --add-opens=java.base/java.util.concurrent=ALL-UNNAMED
05-Mar-2025 21:23:08.357 INFO [main] org.apache.catalina.startup.VersionLoggerListener.log Command line argument: --add-opens=java.rmi/sun.rmi.transport=ALL-UNNAMED
05-Mar-2025 21:23:08.358 INFO [main] org.apache.catalina.startup.VersionLoggerListener.log Command line argument: -Djava.util.logging.config.file=C:\Users\Logan\Documents\GitHub\CSC435-Webservices-Collection\HW3\tomcat\conf\logging.properties
05-Mar-2025 21:23:08.358 INFO [main] org.apache.catalina.startup.VersionLoggerListener.log Command line argument: -Djava.util.logging.manager=org.apache.juli.ClassLoaderLogManager
05-Mar-2025 21:23:08.358 INFO [main] org.apache.catalina.startup.VersionLoggerListener.log Command line argument: -Djdk.tls.ephemeralDHKeySize=2048
05-Mar-2025 21:23:08.359 INFO [main] org.apache.catalina.startup.VersionLoggerListener.log Command line argument: -Djava.protocol.handler.pkgs=org.apache.catalina.webresources
05-Mar-2025 21:23:08.359 INFO [main] org.apache.catalina.startup.VersionLoggerListener.log Command line argument: -Dignore.endorsed.dirs=
05-Mar-2025 21:23:08.360 INFO [main] org.apache.catalina.startup.VersionLoggerListener.log Command line argument: -Dcatalina.base=C:\Users\Logan\Documents\GitHub\CSC435-Webservices-Collection\HW3\tomcat
05-Mar-2025 21:23:08.360 INFO [main] org.apache.catalina.startup.VersionLoggerListener.log Command line argument: -Dcatalina.home=C:\Users\Logan\Documents\GitHub\CSC435-Webservices-Collection\HW3\tomcat
05-Mar-2025 21:23:08.360 INFO [main] org.apache.catalina.startup.VersionLoggerListener.log Command line argument: -Djava.io.tmpdir=C:\Users\Logan\Documents\GitHub\CSC435-Webservices-Collection\HW3\tomcat\temp
05-Mar-2025 21:23:08.373 INFO [main] org.apache.catalina.core.AprLifecycleListener.lifecycleEvent Loaded Apache Tomcat Native library [1.3.1] using APR version [1.7.4].
05-Mar-2025 21:23:08.373 INFO [main] org.apache.catalina.core.AprLifecycleListener.lifecycleEvent APR capabilities: IPv6 [true], sendfile [true], accept filters [false], random [true], UDS [true].
05-Mar-2025 21:23:08.373 INFO [main] org.apache.catalina.core.AprLifecycleListener.lifecycleEvent APR/OpenSSL configuration: useAprConnector [false], useOpenSSL [true]
05-Mar-2025 21:23:08.399 INFO [main] org.apache.catalina.core.AprLifecycleListener.initializeSSL OpenSSL successfully initialized [OpenSSL 3.0.14 4 Jun 2024]
05-Mar-2025 21:23:08.835 INFO [main] org.apache.coyote.AbstractProtocol.init Initializing ProtocolHandler ["http-nio-8090"]
05-Mar-2025 21:23:08.854 SEVERE [main] org.apache.catalina.util.LifecycleBase.handleSubClassException Failed to initialize component [Connector["http-nio-8090"]]
	org.apache.catalina.LifecycleException: Protocol handler initialization failed
		at org.apache.catalina.connector.Connector.initInternal(Connector.java:1027)
		at org.apache.catalina.util.LifecycleBase.init(LifecycleBase.java:122)
		at org.apache.catalina.core.StandardService.initInternal(StandardService.java:525)
		at org.apache.catalina.util.LifecycleBase.init(LifecycleBase.java:122)
		at org.apache.catalina.core.StandardServer.initInternal(StandardServer.java:986)
		at org.apache.catalina.util.LifecycleBase.init(LifecycleBase.java:122)
		at org.apache.catalina.startup.Catalina.load(Catalina.java:690)
		at org.apache.catalina.startup.Catalina.load(Catalina.java:713)
		at java.base/jdk.internal.reflect.DirectMethodHandleAccessor.invoke(DirectMethodHandleAccessor.java:103)
		at java.base/java.lang.reflect.Method.invoke(Method.java:580)
		at org.apache.catalina.startup.Bootstrap.load(Bootstrap.java:302)
		at org.apache.catalina.startup.Bootstrap.main(Bootstrap.java:472)
	Caused by: java.net.BindException: Address already in use: bind
		at java.base/sun.nio.ch.Net.bind0(Native Method)
		at java.base/sun.nio.ch.Net.bind(Net.java:565)
		at java.base/sun.nio.ch.ServerSocketChannelImpl.netBind(ServerSocketChannelImpl.java:344)
		at java.base/sun.nio.ch.ServerSocketChannelImpl.bind(ServerSocketChannelImpl.java:301)
		at org.apache.tomcat.util.net.NioEndpoint.initServerSocket(NioEndpoint.java:268)
		at org.apache.tomcat.util.net.NioEndpoint.bind(NioEndpoint.java:223)
		at org.apache.tomcat.util.net.AbstractEndpoint.bindWithCleanup(AbstractEndpoint.java:1373)
		at org.apache.tomcat.util.net.AbstractEndpoint.init(AbstractEndpoint.java:1386)
		at org.apache.coyote.AbstractProtocol.init(AbstractProtocol.java:663)
		at org.apache.coyote.http11.AbstractHttp11Protocol.init(AbstractHttp11Protocol.java:80)
		at org.apache.catalina.connector.Connector.initInternal(Connector.java:1025)
		... 11 more
05-Mar-2025 21:23:08.856 INFO [main] org.apache.catalina.startup.Catalina.load Server initialization in [931] milliseconds
05-Mar-2025 21:23:08.914 INFO [main] org.apache.catalina.core.StandardService.startInternal Starting service [Catalina]
05-Mar-2025 21:23:08.914 INFO [main] org.apache.catalina.core.StandardEngine.startInternal Starting Servlet engine: [Apache Tomcat/9.0.98]
05-Mar-2025 21:23:08.935 INFO [main] org.apache.catalina.startup.HostConfig.deployWAR Deploying web application archive [C:\Users\Logan\Documents\GitHub\CSC435-Webservices-Collection\HW3\tomcat\webapps\store.war]
05-Mar-2025 21:23:08.961 INFO [main] org.apache.catalina.startup.ExpandWar.expand An expanded directory [C:\Users\Logan\Documents\GitHub\CSC435-Webservices-Collection\HW3\tomcat\webapps\store] was found with a last modified time that did not match the associated WAR. It will be deleted.
05-Mar-2025 21:23:09.428 INFO [Catalina-utility-2] org.apache.catalina.startup.HostConfig.undeploy Undeploying context [/store]
05-Mar-2025 21:23:09.581 SEVERE [Catalina-utility-2] org.apache.catalina.startup.ExpandWar.deleteDir [C:\Users\Logan\Documents\GitHub\CSC435-Webservices-Collection\HW3\tomcat\webapps\store\WEB-INF\lib] could not be completely deleted. The presence of the remaining files may cause problems
05-Mar-2025 21:23:09.587 SEVERE [Catalina-utility-2] org.apache.catalina.startup.ExpandWar.deleteDir [C:\Users\Logan\Documents\GitHub\CSC435-Webservices-Collection\HW3\tomcat\webapps\store\WEB-INF] could not be completely deleted. The presence of the remaining files may cause problems
05-Mar-2025 21:23:09.588 SEVERE [Catalina-utility-2] org.apache.catalina.startup.ExpandWar.deleteDir [C:\Users\Logan\Documents\GitHub\CSC435-Webservices-Collection\HW3\tomcat\webapps\store] could not be completely deleted. The presence of the remaining files may cause problems
05-Mar-2025 21:23:09.588 SEVERE [Catalina-utility-2] org.apache.catalina.startup.ExpandWar.delete [C:\Users\Logan\Documents\GitHub\CSC435-Webservices-Collection\HW3\tomcat\webapps\store] could not be completely deleted. The presence of the remaining files may cause problems
05-Mar-2025 21:23:09.594 INFO [Catalina-utility-2] org.apache.catalina.startup.HostConfig.deployWAR Deploying web application archive [C:\Users\Logan\Documents\GitHub\CSC435-Webservices-Collection\HW3\tomcat\webapps\store.war]
05-Mar-2025 21:23:09.698 INFO [main] org.apache.jasper.servlet.TldScanner.scanJars At least one JAR was scanned for TLDs yet contained no TLDs. Enable debug logging for this logger for a complete list of JARs that were scanned but no TLDs were found in them. Skipping unneeded JARs during scanning can improve startup time and JSP compilation time.
05-Mar-2025 21:23:09.762 INFO [main] org.apache.catalina.startup.HostConfig.deployWAR Deployment of web application archive [C:\Users\Logan\Documents\GitHub\CSC435-Webservices-Collection\HW3\tomcat\webapps\store.war] has finished in [824] ms
05-Mar-2025 21:23:09.773 INFO [main] org.apache.catalina.startup.Catalina.start Server startup in [916] milliseconds
05-Mar-2025 21:23:09.789 SEVERE [main] org.apache.catalina.core.StandardServer.await Failed to create server shutdown socket on address [localhost] and port [8005] (base port [8005] and offset [0])
	java.net.BindException: Address already in use: bind
		at java.base/sun.nio.ch.Net.bind0(Native Method)
		at java.base/sun.nio.ch.Net.bind(Net.java:565)
		at java.base/sun.nio.ch.Net.bind(Net.java:554)
		at java.base/sun.nio.ch.NioSocketImpl.bind(NioSocketImpl.java:636)
		at java.base/java.net.ServerSocket.bind(ServerSocket.java:391)
		at java.base/java.net.ServerSocket.<init>(ServerSocket.java:278)
		at org.apache.catalina.core.StandardServer.await(StandardServer.java:537)
		at org.apache.catalina.startup.Catalina.await(Catalina.java:829)
		at org.apache.catalina.startup.Catalina.start(Catalina.java:777)
		at java.base/jdk.internal.reflect.DirectMethodHandleAccessor.invoke(DirectMethodHandleAccessor.java:103)
		at java.base/java.lang.reflect.Method.invoke(Method.java:580)
		at org.apache.catalina.startup.Bootstrap.start(Bootstrap.java:345)
		at org.apache.catalina.startup.Bootstrap.main(Bootstrap.java:473)
05-Mar-2025 21:23:09.790 INFO [main] org.apache.coyote.AbstractProtocol.pause Pausing ProtocolHandler ["http-nio-8090"]
05-Mar-2025 21:23:09.790 INFO [main] org.apache.catalina.core.StandardService.stopInternal Stopping service [Catalina]
05-Mar-2025 21:23:09.805 INFO [main] org.apache.coyote.AbstractProtocol.stop Stopping ProtocolHandler ["http-nio-8090"]
05-Mar-2025 21:23:09.806 INFO [main] org.apache.coyote.AbstractProtocol.destroy Destroying ProtocolHandler ["http-nio-8090"]
05-Mar-2025 21:23:10.064 INFO [Catalina-utility-2] org.apache.jasper.servlet.TldScanner.scanJars At least one JAR was scanned for TLDs yet contained no TLDs. Enable debug logging for this logger for a complete list of JARs that were scanned but no TLDs were found in them. Skipping unneeded JARs during scanning can improve startup time and JSP compilation time.
05-Mar-2025 21:23:10.074 INFO [Catalina-utility-2] org.apache.catalina.startup.HostConfig.deployWAR Deployment of web application archive [C:\Users\Logan\Documents\GitHub\CSC435-Webservices-Collection\HW3\tomcat\webapps\store.war] has finished in [479] ms
05-Mar-2025 21:23:17.420 INFO [main] org.apache.catalina.startup.VersionLoggerListener.log Server version name:   Apache Tomcat/9.0.98
05-Mar-2025 21:23:17.425 INFO [main] org.apache.catalina.startup.VersionLoggerListener.log Server built:          Dec 5 2024 19:50:29 UTC
05-Mar-2025 21:23:17.425 INFO [main] org.apache.catalina.startup.VersionLoggerListener.log Server version number: 9.0.98.0
05-Mar-2025 21:23:17.425 INFO [main] org.apache.catalina.startup.VersionLoggerListener.log OS Name:               Windows 11
05-Mar-2025 21:23:17.425 INFO [main] org.apache.catalina.startup.VersionLoggerListener.log OS Version:            10.0
05-Mar-2025 21:23:17.426 INFO [main] org.apache.catalina.startup.VersionLoggerListener.log Architecture:          amd64
05-Mar-2025 21:23:17.426 INFO [main] org.apache.catalina.startup.VersionLoggerListener.log Java Home:             C:\Program Files\Java\jdk-21
05-Mar-2025 21:23:17.426 INFO [main] org.apache.catalina.startup.VersionLoggerListener.log JVM Version:           21.0.5+9-LTS-239
05-Mar-2025 21:23:17.426 INFO [main] org.apache.catalina.startup.VersionLoggerListener.log JVM Vendor:            Oracle Corporation
05-Mar-2025 21:23:17.426 INFO [main] org.apache.catalina.startup.VersionLoggerListener.log CATALINA_BASE:         C:\Users\Logan\Documents\GitHub\CSC435-Webservices-Collection\HW3\tomcat
05-Mar-2025 21:23:17.427 INFO [main] org.apache.catalina.startup.VersionLoggerListener.log CATALINA_HOME:         C:\Users\Logan\Documents\GitHub\CSC435-Webservices-Collection\HW3\tomcat
05-Mar-2025 21:23:17.437 INFO [main] org.apache.catalina.startup.VersionLoggerListener.log Command line argument: --add-opens=java.base/java.lang=ALL-UNNAMED
05-Mar-2025 21:23:17.437 INFO [main] org.apache.catalina.startup.VersionLoggerListener.log Command line argument: --add-opens=java.base/java.io=ALL-UNNAMED
05-Mar-2025 21:23:17.438 INFO [main] org.apache.catalina.startup.VersionLoggerListener.log Command line argument: --add-opens=java.base/java.util=ALL-UNNAMED
05-Mar-2025 21:23:17.438 INFO [main] org.apache.catalina.startup.VersionLoggerListener.log Command line argument: --add-opens=java.base/java.util.concurrent=ALL-UNNAMED
05-Mar-2025 21:23:17.438 INFO [main] org.apache.catalina.startup.VersionLoggerListener.log Command line argument: --add-opens=java.rmi/sun.rmi.transport=ALL-UNNAMED
05-Mar-2025 21:23:17.439 INFO [main] org.apache.catalina.startup.VersionLoggerListener.log Command line argument: -Djava.util.logging.config.file=C:\Users\Logan\Documents\GitHub\CSC435-Webservices-Collection\HW3\tomcat\conf\logging.properties
05-Mar-2025 21:23:17.439 INFO [main] org.apache.catalina.startup.VersionLoggerListener.log Command line argument: -Djava.util.logging.manager=org.apache.juli.ClassLoaderLogManager
05-Mar-2025 21:23:17.439 INFO [main] org.apache.catalina.startup.VersionLoggerListener.log Command line argument: -Djdk.tls.ephemeralDHKeySize=2048
05-Mar-2025 21:23:17.439 INFO [main] org.apache.catalina.startup.VersionLoggerListener.log Command line argument: -Djava.protocol.handler.pkgs=org.apache.catalina.webresources
05-Mar-2025 21:23:17.440 INFO [main] org.apache.catalina.startup.VersionLoggerListener.log Command line argument: -Dignore.endorsed.dirs=
05-Mar-2025 21:23:17.440 INFO [main] org.apache.catalina.startup.VersionLoggerListener.log Command line argument: -Dcatalina.base=C:\Users\Logan\Documents\GitHub\CSC435-Webservices-Collection\HW3\tomcat
05-Mar-2025 21:23:17.440 INFO [main] org.apache.catalina.startup.VersionLoggerListener.log Command line argument: -Dcatalina.home=C:\Users\Logan\Documents\GitHub\CSC435-Webservices-Collection\HW3\tomcat
05-Mar-2025 21:23:17.440 INFO [main] org.apache.catalina.startup.VersionLoggerListener.log Command line argument: -Djava.io.tmpdir=C:\Users\Logan\Documents\GitHub\CSC435-Webservices-Collection\HW3\tomcat\temp
05-Mar-2025 21:23:17.445 INFO [main] org.apache.catalina.core.AprLifecycleListener.lifecycleEvent Loaded Apache Tomcat Native library [1.3.1] using APR version [1.7.4].
05-Mar-2025 21:23:17.445 INFO [main] org.apache.catalina.core.AprLifecycleListener.lifecycleEvent APR capabilities: IPv6 [true], sendfile [true], accept filters [false], random [true], UDS [true].
05-Mar-2025 21:23:17.447 INFO [main] org.apache.catalina.core.AprLifecycleListener.lifecycleEvent APR/OpenSSL configuration: useAprConnector [false], useOpenSSL [true]
05-Mar-2025 21:23:17.455 INFO [main] org.apache.catalina.core.AprLifecycleListener.initializeSSL OpenSSL successfully initialized [OpenSSL 3.0.14 4 Jun 2024]
05-Mar-2025 21:23:17.856 INFO [main] org.apache.coyote.AbstractProtocol.init Initializing ProtocolHandler ["http-nio-8090"]
05-Mar-2025 21:23:17.883 INFO [main] org.apache.catalina.startup.Catalina.load Server initialization in [669] milliseconds
05-Mar-2025 21:23:17.937 INFO [main] org.apache.catalina.core.StandardService.startInternal Starting service [Catalina]
05-Mar-2025 21:23:17.937 INFO [main] org.apache.catalina.core.StandardEngine.startInternal Starting Servlet engine: [Apache Tomcat/9.0.98]
05-Mar-2025 21:23:17.963 INFO [main] org.apache.catalina.startup.HostConfig.deployWAR Deploying web application archive [C:\Users\Logan\Documents\GitHub\CSC435-Webservices-Collection\HW3\tomcat\webapps\store.war]
05-Mar-2025 21:23:18.561 INFO [main] org.apache.jasper.servlet.TldScanner.scanJars At least one JAR was scanned for TLDs yet contained no TLDs. Enable debug logging for this logger for a complete list of JARs that were scanned but no TLDs were found in them. Skipping unneeded JARs during scanning can improve startup time and JSP compilation time.
05-Mar-2025 21:23:18.620 INFO [main] org.apache.catalina.startup.HostConfig.deployWAR Deployment of web application archive [C:\Users\Logan\Documents\GitHub\CSC435-Webservices-Collection\HW3\tomcat\webapps\store.war] has finished in [657] ms
05-Mar-2025 21:23:18.628 INFO [main] org.apache.coyote.AbstractProtocol.start Starting ProtocolHandler ["http-nio-8090"]
05-Mar-2025 21:23:18.664 INFO [main] org.apache.catalina.startup.Catalina.start Server startup in [778] milliseconds
05-Mar-2025 21:28:18.578 INFO [main] org.apache.catalina.startup.VersionLoggerListener.log Server version name:   Apache Tomcat/9.0.98
05-Mar-2025 21:28:18.582 INFO [main] org.apache.catalina.startup.VersionLoggerListener.log Server built:          Dec 5 2024 19:50:29 UTC
05-Mar-2025 21:28:18.582 INFO [main] org.apache.catalina.startup.VersionLoggerListener.log Server version number: 9.0.98.0
05-Mar-2025 21:28:18.583 INFO [main] org.apache.catalina.startup.VersionLoggerListener.log OS Name:               Windows 11
05-Mar-2025 21:28:18.583 INFO [main] org.apache.catalina.startup.VersionLoggerListener.log OS Version:            10.0
05-Mar-2025 21:28:18.583 INFO [main] org.apache.catalina.startup.VersionLoggerListener.log Architecture:          amd64
05-Mar-2025 21:28:18.583 INFO [main] org.apache.catalina.startup.VersionLoggerListener.log Java Home:             C:\Program Files\Java\jdk-21
05-Mar-2025 21:28:18.583 INFO [main] org.apache.catalina.startup.VersionLoggerListener.log JVM Version:           21.0.5+9-LTS-239
05-Mar-2025 21:28:18.584 INFO [main] org.apache.catalina.startup.VersionLoggerListener.log JVM Vendor:            Oracle Corporation
05-Mar-2025 21:28:18.584 INFO [main] org.apache.catalina.startup.VersionLoggerListener.log CATALINA_BASE:         C:\Users\Logan\Documents\GitHub\CSC435-Webservices-Collection\HW3\tomcat
05-Mar-2025 21:28:18.584 INFO [main] org.apache.catalina.startup.VersionLoggerListener.log CATALINA_HOME:         C:\Users\Logan\Documents\GitHub\CSC435-Webservices-Collection\HW3\tomcat
05-Mar-2025 21:28:18.597 INFO [main] org.apache.catalina.startup.VersionLoggerListener.log Command line argument: --add-opens=java.base/java.lang=ALL-UNNAMED
05-Mar-2025 21:28:18.598 INFO [main] org.apache.catalina.startup.VersionLoggerListener.log Command line argument: --add-opens=java.base/java.io=ALL-UNNAMED
05-Mar-2025 21:28:18.598 INFO [main] org.apache.catalina.startup.VersionLoggerListener.log Command line argument: --add-opens=java.base/java.util=ALL-UNNAMED
05-Mar-2025 21:28:18.598 INFO [main] org.apache.catalina.startup.VersionLoggerListener.log Command line argument: --add-opens=java.base/java.util.concurrent=ALL-UNNAMED
05-Mar-2025 21:28:18.599 INFO [main] org.apache.catalina.startup.VersionLoggerListener.log Command line argument: --add-opens=java.rmi/sun.rmi.transport=ALL-UNNAMED
05-Mar-2025 21:28:18.599 INFO [main] org.apache.catalina.startup.VersionLoggerListener.log Command line argument: -Djava.util.logging.config.file=C:\Users\Logan\Documents\GitHub\CSC435-Webservices-Collection\HW3\tomcat\conf\logging.properties
05-Mar-2025 21:28:18.599 INFO [main] org.apache.catalina.startup.VersionLoggerListener.log Command line argument: -Djava.util.logging.manager=org.apache.juli.ClassLoaderLogManager
05-Mar-2025 21:28:18.599 INFO [main] org.apache.catalina.startup.VersionLoggerListener.log Command line argument: -Djdk.tls.ephemeralDHKeySize=2048
05-Mar-2025 21:28:18.599 INFO [main] org.apache.catalina.startup.VersionLoggerListener.log Command line argument: -Djava.protocol.handler.pkgs=org.apache.catalina.webresources
05-Mar-2025 21:28:18.600 INFO [main] org.apache.catalina.startup.VersionLoggerListener.log Command line argument: -Dignore.endorsed.dirs=
05-Mar-2025 21:28:18.600 INFO [main] org.apache.catalina.startup.VersionLoggerListener.log Command line argument: -Dcatalina.base=C:\Users\Logan\Documents\GitHub\CSC435-Webservices-Collection\HW3\tomcat
05-Mar-2025 21:28:18.600 INFO [main] org.apache.catalina.startup.VersionLoggerListener.log Command line argument: -Dcatalina.home=C:\Users\Logan\Documents\GitHub\CSC435-Webservices-Collection\HW3\tomcat
05-Mar-2025 21:28:18.600 INFO [main] org.apache.catalina.startup.VersionLoggerListener.log Command line argument: -Djava.io.tmpdir=C:\Users\Logan\Documents\GitHub\CSC435-Webservices-Collection\HW3\tomcat\temp
05-Mar-2025 21:28:18.605 INFO [main] org.apache.catalina.core.AprLifecycleListener.lifecycleEvent Loaded Apache Tomcat Native library [1.3.1] using APR version [1.7.4].
05-Mar-2025 21:28:18.605 INFO [main] org.apache.catalina.core.AprLifecycleListener.lifecycleEvent APR capabilities: IPv6 [true], sendfile [true], accept filters [false], random [true], UDS [true].
05-Mar-2025 21:28:18.606 INFO [main] org.apache.catalina.core.AprLifecycleListener.lifecycleEvent APR/OpenSSL configuration: useAprConnector [false], useOpenSSL [true]
05-Mar-2025 21:28:18.614 INFO [main] org.apache.catalina.core.AprLifecycleListener.initializeSSL OpenSSL successfully initialized [OpenSSL 3.0.14 4 Jun 2024]
05-Mar-2025 21:28:18.969 INFO [main] org.apache.coyote.AbstractProtocol.init Initializing ProtocolHandler ["http-nio-8090"]
05-Mar-2025 21:28:18.996 INFO [main] org.apache.catalina.startup.Catalina.load Server initialization in [617] milliseconds
05-Mar-2025 21:28:19.052 INFO [main] org.apache.catalina.core.StandardService.startInternal Starting service [Catalina]
05-Mar-2025 21:28:19.052 INFO [main] org.apache.catalina.core.StandardEngine.startInternal Starting Servlet engine: [Apache Tomcat/9.0.98]
05-Mar-2025 21:28:19.072 INFO [main] org.apache.catalina.startup.HostConfig.deployWAR Deploying web application archive [C:\Users\Logan\Documents\GitHub\CSC435-Webservices-Collection\HW3\tomcat\webapps\store.war]
05-Mar-2025 21:28:19.718 INFO [main] org.apache.jasper.servlet.TldScanner.scanJars At least one JAR was scanned for TLDs yet contained no TLDs. Enable debug logging for this logger for a complete list of JARs that were scanned but no TLDs were found in them. Skipping unneeded JARs during scanning can improve startup time and JSP compilation time.
05-Mar-2025 21:28:19.789 INFO [main] org.apache.catalina.startup.HostConfig.deployWAR Deployment of web application archive [C:\Users\Logan\Documents\GitHub\CSC435-Webservices-Collection\HW3\tomcat\webapps\store.war] has finished in [716] ms
05-Mar-2025 21:28:19.796 INFO [main] org.apache.coyote.AbstractProtocol.start Starting ProtocolHandler ["http-nio-8090"]
05-Mar-2025 21:28:19.835 INFO [main] org.apache.catalina.startup.Catalina.start Server startup in [836] milliseconds
05-Mar-2025 21:31:38.341 INFO [main] org.apache.catalina.startup.VersionLoggerListener.log Server version name:   Apache Tomcat/9.0.98
05-Mar-2025 21:31:38.346 INFO [main] org.apache.catalina.startup.VersionLoggerListener.log Server built:          Dec 5 2024 19:50:29 UTC
05-Mar-2025 21:31:38.347 INFO [main] org.apache.catalina.startup.VersionLoggerListener.log Server version number: 9.0.98.0
05-Mar-2025 21:31:38.347 INFO [main] org.apache.catalina.startup.VersionLoggerListener.log OS Name:               Windows 11
05-Mar-2025 21:31:38.347 INFO [main] org.apache.catalina.startup.VersionLoggerListener.log OS Version:            10.0
05-Mar-2025 21:31:38.347 INFO [main] org.apache.catalina.startup.VersionLoggerListener.log Architecture:          amd64
05-Mar-2025 21:31:38.347 INFO [main] org.apache.catalina.startup.VersionLoggerListener.log Java Home:             C:\Program Files\Java\jdk-21
05-Mar-2025 21:31:38.347 INFO [main] org.apache.catalina.startup.VersionLoggerListener.log JVM Version:           21.0.5+9-LTS-239
05-Mar-2025 21:31:38.348 INFO [main] org.apache.catalina.startup.VersionLoggerListener.log JVM Vendor:            Oracle Corporation
05-Mar-2025 21:31:38.348 INFO [main] org.apache.catalina.startup.VersionLoggerListener.log CATALINA_BASE:         C:\Users\Logan\Documents\GitHub\CSC435-Webservices-Collection\HW3\tomcat
05-Mar-2025 21:31:38.348 INFO [main] org.apache.catalina.startup.VersionLoggerListener.log CATALINA_HOME:         C:\Users\Logan\Documents\GitHub\CSC435-Webservices-Collection\HW3\tomcat
05-Mar-2025 21:31:38.359 INFO [main] org.apache.catalina.startup.VersionLoggerListener.log Command line argument: --add-opens=java.base/java.lang=ALL-UNNAMED
05-Mar-2025 21:31:38.359 INFO [main] org.apache.catalina.startup.VersionLoggerListener.log Command line argument: --add-opens=java.base/java.io=ALL-UNNAMED
05-Mar-2025 21:31:38.360 INFO [main] org.apache.catalina.startup.VersionLoggerListener.log Command line argument: --add-opens=java.base/java.util=ALL-UNNAMED
05-Mar-2025 21:31:38.360 INFO [main] org.apache.catalina.startup.VersionLoggerListener.log Command line argument: --add-opens=java.base/java.util.concurrent=ALL-UNNAMED
05-Mar-2025 21:31:38.360 INFO [main] org.apache.catalina.startup.VersionLoggerListener.log Command line argument: --add-opens=java.rmi/sun.rmi.transport=ALL-UNNAMED
05-Mar-2025 21:31:38.361 INFO [main] org.apache.catalina.startup.VersionLoggerListener.log Command line argument: -Djava.util.logging.config.file=C:\Users\Logan\Documents\GitHub\CSC435-Webservices-Collection\HW3\tomcat\conf\logging.properties
05-Mar-2025 21:31:38.361 INFO [main] org.apache.catalina.startup.VersionLoggerListener.log Command line argument: -Djava.util.logging.manager=org.apache.juli.ClassLoaderLogManager
05-Mar-2025 21:31:38.362 INFO [main] org.apache.catalina.startup.VersionLoggerListener.log Command line argument: -Djdk.tls.ephemeralDHKeySize=2048
05-Mar-2025 21:31:38.362 INFO [main] org.apache.catalina.startup.VersionLoggerListener.log Command line argument: -Djava.protocol.handler.pkgs=org.apache.catalina.webresources
05-Mar-2025 21:31:38.362 INFO [main] org.apache.catalina.startup.VersionLoggerListener.log Command line argument: -Dignore.endorsed.dirs=
05-Mar-2025 21:31:38.363 INFO [main] org.apache.catalina.startup.VersionLoggerListener.log Command line argument: -Dcatalina.base=C:\Users\Logan\Documents\GitHub\CSC435-Webservices-Collection\HW3\tomcat
05-Mar-2025 21:31:38.363 INFO [main] org.apache.catalina.startup.VersionLoggerListener.log Command line argument: -Dcatalina.home=C:\Users\Logan\Documents\GitHub\CSC435-Webservices-Collection\HW3\tomcat
05-Mar-2025 21:31:38.363 INFO [main] org.apache.catalina.startup.VersionLoggerListener.log Command line argument: -Djava.io.tmpdir=C:\Users\Logan\Documents\GitHub\CSC435-Webservices-Collection\HW3\tomcat\temp
05-Mar-2025 21:31:38.369 INFO [main] org.apache.catalina.core.AprLifecycleListener.lifecycleEvent Loaded Apache Tomcat Native library [1.3.1] using APR version [1.7.4].
05-Mar-2025 21:31:38.369 INFO [main] org.apache.catalina.core.AprLifecycleListener.lifecycleEvent APR capabilities: IPv6 [true], sendfile [true], accept filters [false], random [true], UDS [true].
05-Mar-2025 21:31:38.369 INFO [main] org.apache.catalina.core.AprLifecycleListener.lifecycleEvent APR/OpenSSL configuration: useAprConnector [false], useOpenSSL [true]
05-Mar-2025 21:31:38.375 INFO [main] org.apache.catalina.core.AprLifecycleListener.initializeSSL OpenSSL successfully initialized [OpenSSL 3.0.14 4 Jun 2024]
05-Mar-2025 21:31:38.831 INFO [main] org.apache.coyote.AbstractProtocol.init Initializing ProtocolHandler ["http-nio-8091"]
05-Mar-2025 21:31:38.869 INFO [main] org.apache.catalina.startup.Catalina.load Server initialization in [747] milliseconds
05-Mar-2025 21:31:38.933 INFO [main] org.apache.catalina.core.StandardService.startInternal Starting service [Catalina]
05-Mar-2025 21:31:38.934 INFO [main] org.apache.catalina.core.StandardEngine.startInternal Starting Servlet engine: [Apache Tomcat/9.0.98]
05-Mar-2025 21:31:38.956 INFO [main] org.apache.catalina.startup.HostConfig.deployWAR Deploying web application archive [C:\Users\Logan\Documents\GitHub\CSC435-Webservices-Collection\HW3\tomcat\webapps\store.war]
05-Mar-2025 21:31:39.770 INFO [main] org.apache.jasper.servlet.TldScanner.scanJars At least one JAR was scanned for TLDs yet contained no TLDs. Enable debug logging for this logger for a complete list of JARs that were scanned but no TLDs were found in them. Skipping unneeded JARs during scanning can improve startup time and JSP compilation time.
05-Mar-2025 21:31:39.857 INFO [main] org.apache.catalina.startup.HostConfig.deployWAR Deployment of web application archive [C:\Users\Logan\Documents\GitHub\CSC435-Webservices-Collection\HW3\tomcat\webapps\store.war] has finished in [898] ms
05-Mar-2025 21:31:39.871 INFO [main] org.apache.coyote.AbstractProtocol.start Starting ProtocolHandler ["http-nio-8091"]
05-Mar-2025 21:31:39.913 INFO [main] org.apache.catalina.startup.Catalina.start Server startup in [1043] milliseconds
05-Mar-2025 21:32:06.735 WARNING [main] org.apache.catalina.core.StandardServer.await Invalid shutdown command [GET / HTTP/1.1] received
05-Mar-2025 21:32:07.821 WARNING [main] org.apache.catalina.core.StandardServer.await Invalid shutdown command [GET / HTTP/1.1] received
05-Mar-2025 21:32:07.826 WARNING [main] org.apache.catalina.core.StandardServer.await Invalid shutdown command [GET / HTTP/1.1] received
05-Mar-2025 21:32:08.131 WARNING [main] org.apache.catalina.core.StandardServer.await Invalid shutdown command [GET / HTTP/1.1] received
05-Mar-2025 21:32:18.408 WARNING [main] org.apache.catalina.core.StandardServer.await An IO exception occurred trying to read the shutdown command
	java.net.SocketTimeoutException: Read timed out
		at java.base/sun.nio.ch.NioSocketImpl.timedRead(NioSocketImpl.java:278)
		at java.base/sun.nio.ch.NioSocketImpl.implRead(NioSocketImpl.java:304)
		at java.base/sun.nio.ch.NioSocketImpl.read(NioSocketImpl.java:346)
		at java.base/sun.nio.ch.NioSocketImpl$1.read(NioSocketImpl.java:796)
		at java.base/java.net.Socket$SocketInputStream.read(Socket.java:1099)
		at java.base/java.net.Socket$SocketInputStream.read(Socket.java:1093)
		at org.apache.catalina.core.StandardServer.await(StandardServer.java:593)
		at org.apache.catalina.startup.Catalina.await(Catalina.java:829)
		at org.apache.catalina.startup.Catalina.start(Catalina.java:777)
		at java.base/jdk.internal.reflect.DirectMethodHandleAccessor.invoke(DirectMethodHandleAccessor.java:103)
		at java.base/java.lang.reflect.Method.invoke(Method.java:580)
		at org.apache.catalina.startup.Bootstrap.start(Bootstrap.java:345)
		at org.apache.catalina.startup.Bootstrap.main(Bootstrap.java:473)
05-Mar-2025 21:32:18.412 WARNING [main] org.apache.catalina.core.StandardServer.await Invalid shutdown command [] received
05-Mar-2025 21:36:41.844 INFO [main] org.apache.catalina.startup.VersionLoggerListener.log Server version name:   Apache Tomcat/9.0.98
05-Mar-2025 21:36:41.847 INFO [main] org.apache.catalina.startup.VersionLoggerListener.log Server built:          Dec 5 2024 19:50:29 UTC
05-Mar-2025 21:36:41.847 INFO [main] org.apache.catalina.startup.VersionLoggerListener.log Server version number: 9.0.98.0
05-Mar-2025 21:36:41.848 INFO [main] org.apache.catalina.startup.VersionLoggerListener.log OS Name:               Windows 11
05-Mar-2025 21:36:41.848 INFO [main] org.apache.catalina.startup.VersionLoggerListener.log OS Version:            10.0
05-Mar-2025 21:36:41.848 INFO [main] org.apache.catalina.startup.VersionLoggerListener.log Architecture:          amd64
05-Mar-2025 21:36:41.848 INFO [main] org.apache.catalina.startup.VersionLoggerListener.log Java Home:             C:\Program Files\Java\jdk-21
05-Mar-2025 21:36:41.848 INFO [main] org.apache.catalina.startup.VersionLoggerListener.log JVM Version:           21.0.5+9-LTS-239
05-Mar-2025 21:36:41.848 INFO [main] org.apache.catalina.startup.VersionLoggerListener.log JVM Vendor:            Oracle Corporation
05-Mar-2025 21:36:41.849 INFO [main] org.apache.catalina.startup.VersionLoggerListener.log CATALINA_BASE:         C:\Users\Logan\Documents\GitHub\CSC435-Webservices-Collection\HW3\tomcat
05-Mar-2025 21:36:41.849 INFO [main] org.apache.catalina.startup.VersionLoggerListener.log CATALINA_HOME:         C:\Users\Logan\Documents\GitHub\CSC435-Webservices-Collection\HW3\tomcat
05-Mar-2025 21:36:41.859 INFO [main] org.apache.catalina.startup.VersionLoggerListener.log Command line argument: --add-opens=java.base/java.lang=ALL-UNNAMED
05-Mar-2025 21:36:41.859 INFO [main] org.apache.catalina.startup.VersionLoggerListener.log Command line argument: --add-opens=java.base/java.io=ALL-UNNAMED
05-Mar-2025 21:36:41.859 INFO [main] org.apache.catalina.startup.VersionLoggerListener.log Command line argument: --add-opens=java.base/java.util=ALL-UNNAMED
05-Mar-2025 21:36:41.859 INFO [main] org.apache.catalina.startup.VersionLoggerListener.log Command line argument: --add-opens=java.base/java.util.concurrent=ALL-UNNAMED
05-Mar-2025 21:36:41.860 INFO [main] org.apache.catalina.startup.VersionLoggerListener.log Command line argument: --add-opens=java.rmi/sun.rmi.transport=ALL-UNNAMED
05-Mar-2025 21:36:41.860 INFO [main] org.apache.catalina.startup.VersionLoggerListener.log Command line argument: -Djava.util.logging.config.file=C:\Users\Logan\Documents\GitHub\CSC435-Webservices-Collection\HW3\tomcat\conf\logging.properties
05-Mar-2025 21:36:41.860 INFO [main] org.apache.catalina.startup.VersionLoggerListener.log Command line argument: -Djava.util.logging.manager=org.apache.juli.ClassLoaderLogManager
05-Mar-2025 21:36:41.860 INFO [main] org.apache.catalina.startup.VersionLoggerListener.log Command line argument: -Djdk.tls.ephemeralDHKeySize=2048
05-Mar-2025 21:36:41.860 INFO [main] org.apache.catalina.startup.VersionLoggerListener.log Command line argument: -Djava.protocol.handler.pkgs=org.apache.catalina.webresources
05-Mar-2025 21:36:41.860 INFO [main] org.apache.catalina.startup.VersionLoggerListener.log Command line argument: -Dignore.endorsed.dirs=
05-Mar-2025 21:36:41.860 INFO [main] org.apache.catalina.startup.VersionLoggerListener.log Command line argument: -Dcatalina.base=C:\Users\Logan\Documents\GitHub\CSC435-Webservices-Collection\HW3\tomcat
05-Mar-2025 21:36:41.861 INFO [main] org.apache.catalina.startup.VersionLoggerListener.log Command line argument: -Dcatalina.home=C:\Users\Logan\Documents\GitHub\CSC435-Webservices-Collection\HW3\tomcat
05-Mar-2025 21:36:41.861 INFO [main] org.apache.catalina.startup.VersionLoggerListener.log Command line argument: -Djava.io.tmpdir=C:\Users\Logan\Documents\GitHub\CSC435-Webservices-Collection\HW3\tomcat\temp
05-Mar-2025 21:36:41.865 INFO [main] org.apache.catalina.core.AprLifecycleListener.lifecycleEvent Loaded Apache Tomcat Native library [1.3.1] using APR version [1.7.4].
05-Mar-2025 21:36:41.866 INFO [main] org.apache.catalina.core.AprLifecycleListener.lifecycleEvent APR capabilities: IPv6 [true], sendfile [true], accept filters [false], random [true], UDS [true].
05-Mar-2025 21:36:41.866 INFO [main] org.apache.catalina.core.AprLifecycleListener.lifecycleEvent APR/OpenSSL configuration: useAprConnector [false], useOpenSSL [true]
05-Mar-2025 21:36:41.873 INFO [main] org.apache.catalina.core.AprLifecycleListener.initializeSSL OpenSSL successfully initialized [OpenSSL 3.0.14 4 Jun 2024]
05-Mar-2025 21:36:42.228 INFO [main] org.apache.coyote.AbstractProtocol.init Initializing ProtocolHandler ["http-nio-8091"]
05-Mar-2025 21:36:42.257 INFO [main] org.apache.catalina.startup.Catalina.load Server initialization in [601] milliseconds
05-Mar-2025 21:36:42.299 INFO [main] org.apache.catalina.core.StandardService.startInternal Starting service [Catalina]
05-Mar-2025 21:36:42.299 INFO [main] org.apache.catalina.core.StandardEngine.startInternal Starting Servlet engine: [Apache Tomcat/9.0.98]
05-Mar-2025 21:36:42.320 INFO [main] org.apache.catalina.startup.HostConfig.deployWAR Deploying web application archive [C:\Users\Logan\Documents\GitHub\CSC435-Webservices-Collection\HW3\tomcat\webapps\store.war]
05-Mar-2025 21:36:42.886 INFO [main] org.apache.jasper.servlet.TldScanner.scanJars At least one JAR was scanned for TLDs yet contained no TLDs. Enable debug logging for this logger for a complete list of JARs that were scanned but no TLDs were found in them. Skipping unneeded JARs during scanning can improve startup time and JSP compilation time.
05-Mar-2025 21:36:42.945 INFO [main] org.apache.catalina.startup.HostConfig.deployWAR Deployment of web application archive [C:\Users\Logan\Documents\GitHub\CSC435-Webservices-Collection\HW3\tomcat\webapps\store.war] has finished in [625] ms
05-Mar-2025 21:36:42.951 INFO [main] org.apache.coyote.AbstractProtocol.start Starting ProtocolHandler ["http-nio-8091"]
05-Mar-2025 21:36:42.981 INFO [main] org.apache.catalina.startup.Catalina.start Server startup in [722] milliseconds
05-Mar-2025 21:46:59.793 INFO [Thread-1] org.apache.coyote.AbstractProtocol.pause Pausing ProtocolHandler ["http-nio-8091"]
05-Mar-2025 21:46:59.829 INFO [Thread-1] org.apache.catalina.core.StandardService.stopInternal Stopping service [Catalina]
05-Mar-2025 21:46:59.861 INFO [Thread-1] org.apache.coyote.AbstractProtocol.stop Stopping ProtocolHandler ["http-nio-8091"]
05-Mar-2025 21:46:59.870 INFO [Thread-1] org.apache.coyote.AbstractProtocol.destroy Destroying ProtocolHandler ["http-nio-8091"]
05-Mar-2025 21:47:36.046 INFO [main] org.apache.catalina.startup.VersionLoggerListener.log Server version name:   Apache Tomcat/9.0.98
05-Mar-2025 21:47:36.052 INFO [main] org.apache.catalina.startup.VersionLoggerListener.log Server built:          Dec 5 2024 19:50:29 UTC
05-Mar-2025 21:47:36.053 INFO [main] org.apache.catalina.startup.VersionLoggerListener.log Server version number: 9.0.98.0
05-Mar-2025 21:47:36.053 INFO [main] org.apache.catalina.startup.VersionLoggerListener.log OS Name:               Windows 11
05-Mar-2025 21:47:36.053 INFO [main] org.apache.catalina.startup.VersionLoggerListener.log OS Version:            10.0
05-Mar-2025 21:47:36.053 INFO [main] org.apache.catalina.startup.VersionLoggerListener.log Architecture:          amd64
05-Mar-2025 21:47:36.053 INFO [main] org.apache.catalina.startup.VersionLoggerListener.log Java Home:             C:\Program Files\Java\jdk-21
05-Mar-2025 21:47:36.053 INFO [main] org.apache.catalina.startup.VersionLoggerListener.log JVM Version:           21.0.5+9-LTS-239
05-Mar-2025 21:47:36.055 INFO [main] org.apache.catalina.startup.VersionLoggerListener.log JVM Vendor:            Oracle Corporation
05-Mar-2025 21:47:36.055 INFO [main] org.apache.catalina.startup.VersionLoggerListener.log CATALINA_BASE:         C:\Users\Logan\Documents\GitHub\CSC435-Webservices-Collection\HW3\tomcat
05-Mar-2025 21:47:36.055 INFO [main] org.apache.catalina.startup.VersionLoggerListener.log CATALINA_HOME:         C:\Users\Logan\Documents\GitHub\CSC435-Webservices-Collection\HW3\tomcat
05-Mar-2025 21:47:36.064 INFO [main] org.apache.catalina.startup.VersionLoggerListener.log Command line argument: --add-opens=java.base/java.lang=ALL-UNNAMED
05-Mar-2025 21:47:36.065 INFO [main] org.apache.catalina.startup.VersionLoggerListener.log Command line argument: --add-opens=java.base/java.io=ALL-UNNAMED
05-Mar-2025 21:47:36.065 INFO [main] org.apache.catalina.startup.VersionLoggerListener.log Command line argument: --add-opens=java.base/java.util=ALL-UNNAMED
05-Mar-2025 21:47:36.065 INFO [main] org.apache.catalina.startup.VersionLoggerListener.log Command line argument: --add-opens=java.base/java.util.concurrent=ALL-UNNAMED
05-Mar-2025 21:47:36.065 INFO [main] org.apache.catalina.startup.VersionLoggerListener.log Command line argument: --add-opens=java.rmi/sun.rmi.transport=ALL-UNNAMED
05-Mar-2025 21:47:36.065 INFO [main] org.apache.catalina.startup.VersionLoggerListener.log Command line argument: -Djava.util.logging.config.file=C:\Users\Logan\Documents\GitHub\CSC435-Webservices-Collection\HW3\tomcat\conf\logging.properties
05-Mar-2025 21:47:36.066 INFO [main] org.apache.catalina.startup.VersionLoggerListener.log Command line argument: -Djava.util.logging.manager=org.apache.juli.ClassLoaderLogManager
05-Mar-2025 21:47:36.067 INFO [main] org.apache.catalina.startup.VersionLoggerListener.log Command line argument: -Djdk.tls.ephemeralDHKeySize=2048
05-Mar-2025 21:47:36.067 INFO [main] org.apache.catalina.startup.VersionLoggerListener.log Command line argument: -Djava.protocol.handler.pkgs=org.apache.catalina.webresources
05-Mar-2025 21:47:36.068 INFO [main] org.apache.catalina.startup.VersionLoggerListener.log Command line argument: -Dignore.endorsed.dirs=
05-Mar-2025 21:47:36.068 INFO [main] org.apache.catalina.startup.VersionLoggerListener.log Command line argument: -Dcatalina.base=C:\Users\Logan\Documents\GitHub\CSC435-Webservices-Collection\HW3\tomcat
05-Mar-2025 21:47:36.068 INFO [main] org.apache.catalina.startup.VersionLoggerListener.log Command line argument: -Dcatalina.home=C:\Users\Logan\Documents\GitHub\CSC435-Webservices-Collection\HW3\tomcat
05-Mar-2025 21:47:36.068 INFO [main] org.apache.catalina.startup.VersionLoggerListener.log Command line argument: -Djava.io.tmpdir=C:\Users\Logan\Documents\GitHub\CSC435-Webservices-Collection\HW3\tomcat\temp
05-Mar-2025 21:47:36.073 INFO [main] org.apache.catalina.core.AprLifecycleListener.lifecycleEvent Loaded Apache Tomcat Native library [1.3.1] using APR version [1.7.4].
05-Mar-2025 21:47:36.073 INFO [main] org.apache.catalina.core.AprLifecycleListener.lifecycleEvent APR capabilities: IPv6 [true], sendfile [true], accept filters [false], random [true], UDS [true].
05-Mar-2025 21:47:36.073 INFO [main] org.apache.catalina.core.AprLifecycleListener.lifecycleEvent APR/OpenSSL configuration: useAprConnector [false], useOpenSSL [true]
05-Mar-2025 21:47:36.080 INFO [main] org.apache.catalina.core.AprLifecycleListener.initializeSSL OpenSSL successfully initialized [OpenSSL 3.0.14 4 Jun 2024]
05-Mar-2025 21:47:36.467 INFO [main] org.apache.coyote.AbstractProtocol.init Initializing ProtocolHandler ["http-nio-8090"]
05-Mar-2025 21:47:36.493 INFO [main] org.apache.catalina.startup.Catalina.load Server initialization in [703] milliseconds
05-Mar-2025 21:47:36.547 INFO [main] org.apache.catalina.core.StandardService.startInternal Starting service [Catalina]
05-Mar-2025 21:47:36.548 INFO [main] org.apache.catalina.core.StandardEngine.startInternal Starting Servlet engine: [Apache Tomcat/9.0.98]
05-Mar-2025 21:47:36.576 INFO [main] org.apache.catalina.startup.HostConfig.deployWAR Deploying web application archive [C:\Users\Logan\Documents\GitHub\CSC435-Webservices-Collection\HW3\tomcat\webapps\store.war]
05-Mar-2025 21:47:37.159 INFO [main] org.apache.jasper.servlet.TldScanner.scanJars At least one JAR was scanned for TLDs yet contained no TLDs. Enable debug logging for this logger for a complete list of JARs that were scanned but no TLDs were found in them. Skipping unneeded JARs during scanning can improve startup time and JSP compilation time.
05-Mar-2025 21:47:37.212 INFO [main] org.apache.catalina.startup.HostConfig.deployWAR Deployment of web application archive [C:\Users\Logan\Documents\GitHub\CSC435-Webservices-Collection\HW3\tomcat\webapps\store.war] has finished in [636] ms
05-Mar-2025 21:47:37.219 INFO [main] org.apache.coyote.AbstractProtocol.start Starting ProtocolHandler ["http-nio-8090"]
05-Mar-2025 21:47:37.251 INFO [main] org.apache.catalina.startup.Catalina.start Server startup in [757] milliseconds
