22-Feb-2025 20:35:28.398 INFO [main] org.apache.catalina.startup.VersionLoggerListener.log Server version name:   Apache Tomcat/9.0.98
22-Feb-2025 20:35:28.403 INFO [main] org.apache.catalina.startup.VersionLoggerListener.log Server built:          Dec 5 2024 19:50:29 UTC
22-Feb-2025 20:35:28.404 INFO [main] org.apache.catalina.startup.VersionLoggerListener.log Server version number: 9.0.98.0
22-Feb-2025 20:35:28.404 INFO [main] org.apache.catalina.startup.VersionLoggerListener.log OS Name:               Windows 11
22-Feb-2025 20:35:28.404 INFO [main] org.apache.catalina.startup.VersionLoggerListener.log OS Version:            10.0
22-Feb-2025 20:35:28.404 INFO [main] org.apache.catalina.startup.VersionLoggerListener.log Architecture:          amd64
22-Feb-2025 20:35:28.404 INFO [main] org.apache.catalina.startup.VersionLoggerListener.log Java Home:             C:\Program Files\Java\jdk-21
22-Feb-2025 20:35:28.405 INFO [main] org.apache.catalina.startup.VersionLoggerListener.log JVM Version:           21.0.5+9-LTS-239
22-Feb-2025 20:35:28.405 INFO [main] org.apache.catalina.startup.VersionLoggerListener.log JVM Vendor:            Oracle Corporation
22-Feb-2025 20:35:28.405 INFO [main] org.apache.catalina.startup.VersionLoggerListener.log CATALINA_BASE:         C:\Users\Logan\Documents\GitHub\CSC435-Webservices-Collection\HW2\tomcat
22-Feb-2025 20:35:28.405 INFO [main] org.apache.catalina.startup.VersionLoggerListener.log CATALINA_HOME:         C:\Users\Logan\Documents\GitHub\CSC435-Webservices-Collection\HW2\tomcat
22-Feb-2025 20:35:28.420 INFO [main] org.apache.catalina.startup.VersionLoggerListener.log Command line argument: --add-opens=java.base/java.lang=ALL-UNNAMED
22-Feb-2025 20:35:28.420 INFO [main] org.apache.catalina.startup.VersionLoggerListener.log Command line argument: --add-opens=java.base/java.io=ALL-UNNAMED
22-Feb-2025 20:35:28.421 INFO [main] org.apache.catalina.startup.VersionLoggerListener.log Command line argument: --add-opens=java.base/java.util=ALL-UNNAMED
22-Feb-2025 20:35:28.421 INFO [main] org.apache.catalina.startup.VersionLoggerListener.log Command line argument: --add-opens=java.base/java.util.concurrent=ALL-UNNAMED
22-Feb-2025 20:35:28.423 INFO [main] org.apache.catalina.startup.VersionLoggerListener.log Command line argument: --add-opens=java.rmi/sun.rmi.transport=ALL-UNNAMED
22-Feb-2025 20:35:28.423 INFO [main] org.apache.catalina.startup.VersionLoggerListener.log Command line argument: -Djava.util.logging.config.file=C:\Users\Logan\Documents\GitHub\CSC435-Webservices-Collection\HW2\tomcat\conf\logging.properties
22-Feb-2025 20:35:28.423 INFO [main] org.apache.catalina.startup.VersionLoggerListener.log Command line argument: -Djava.util.logging.manager=org.apache.juli.ClassLoaderLogManager
22-Feb-2025 20:35:28.423 INFO [main] org.apache.catalina.startup.VersionLoggerListener.log Command line argument: -Djdk.tls.ephemeralDHKeySize=2048
22-Feb-2025 20:35:28.424 INFO [main] org.apache.catalina.startup.VersionLoggerListener.log Command line argument: -Djava.protocol.handler.pkgs=org.apache.catalina.webresources
22-Feb-2025 20:35:28.424 INFO [main] org.apache.catalina.startup.VersionLoggerListener.log Command line argument: -Dignore.endorsed.dirs=
22-Feb-2025 20:35:28.424 INFO [main] org.apache.catalina.startup.VersionLoggerListener.log Command line argument: -Dcatalina.base=C:\Users\Logan\Documents\GitHub\CSC435-Webservices-Collection\HW2\tomcat
22-Feb-2025 20:35:28.424 INFO [main] org.apache.catalina.startup.VersionLoggerListener.log Command line argument: -Dcatalina.home=C:\Users\Logan\Documents\GitHub\CSC435-Webservices-Collection\HW2\tomcat
22-Feb-2025 20:35:28.425 INFO [main] org.apache.catalina.startup.VersionLoggerListener.log Command line argument: -Djava.io.tmpdir=C:\Users\Logan\Documents\GitHub\CSC435-Webservices-Collection\HW2\tomcat\temp
22-Feb-2025 20:35:28.433 INFO [main] org.apache.catalina.core.AprLifecycleListener.lifecycleEvent Loaded Apache Tomcat Native library [1.3.1] using APR version [1.7.4].
22-Feb-2025 20:35:28.433 INFO [main] org.apache.catalina.core.AprLifecycleListener.lifecycleEvent APR capabilities: IPv6 [true], sendfile [true], accept filters [false], random [true], UDS [true].
22-Feb-2025 20:35:28.433 INFO [main] org.apache.catalina.core.AprLifecycleListener.lifecycleEvent APR/OpenSSL configuration: useAprConnector [false], useOpenSSL [true]
22-Feb-2025 20:35:28.456 INFO [main] org.apache.catalina.core.AprLifecycleListener.initializeSSL OpenSSL successfully initialized [OpenSSL 3.0.14 4 Jun 2024]
22-Feb-2025 20:35:28.800 INFO [main] org.apache.coyote.AbstractProtocol.init Initializing ProtocolHandler ["http-nio-8080"]
22-Feb-2025 20:35:28.828 INFO [main] org.apache.catalina.startup.Catalina.load Server initialization in [648] milliseconds
22-Feb-2025 20:35:28.875 INFO [main] org.apache.catalina.core.StandardService.startInternal Starting service [Catalina]
22-Feb-2025 20:35:28.877 INFO [main] org.apache.catalina.core.StandardEngine.startInternal Starting Servlet engine: [Apache Tomcat/9.0.98]
22-Feb-2025 20:35:28.897 INFO [main] org.apache.catalina.startup.HostConfig.deployWAR Deploying web application archive [C:\Users\Logan\Documents\GitHub\CSC435-Webservices-Collection\HW2\tomcat\webapps\store.war]
22-Feb-2025 20:35:28.916 INFO [main] org.apache.catalina.startup.ExpandWar.expand An expanded directory [C:\Users\Logan\Documents\GitHub\CSC435-Webservices-Collection\HW2\tomcat\webapps\store] was found with a last modified time that did not match the associated WAR. It will be deleted.
22-Feb-2025 20:35:29.305 INFO [main] org.apache.jasper.servlet.TldScanner.scanJars At least one JAR was scanned for TLDs yet contained no TLDs. Enable debug logging for this logger for a complete list of JARs that were scanned but no TLDs were found in them. Skipping unneeded JARs during scanning can improve startup time and JSP compilation time.
22-Feb-2025 20:35:29.377 INFO [main] org.apache.catalina.startup.HostConfig.deployWAR Deployment of web application archive [C:\Users\Logan\Documents\GitHub\CSC435-Webservices-Collection\HW2\tomcat\webapps\store.war] has finished in [480] ms
22-Feb-2025 20:35:29.385 INFO [main] org.apache.coyote.AbstractProtocol.start Starting ProtocolHandler ["http-nio-8080"]
22-Feb-2025 20:35:29.425 INFO [main] org.apache.catalina.startup.Catalina.start Server startup in [595] milliseconds
22-Feb-2025 20:55:08.491 INFO [Thread-1] org.apache.coyote.AbstractProtocol.pause Pausing ProtocolHandler ["http-nio-8080"]
22-Feb-2025 20:55:08.523 INFO [Thread-1] org.apache.catalina.core.StandardService.stopInternal Stopping service [Catalina]
22-Feb-2025 20:55:08.549 INFO [Thread-1] org.apache.coyote.AbstractProtocol.stop Stopping ProtocolHandler ["http-nio-8080"]
22-Feb-2025 20:55:08.560 INFO [Thread-1] org.apache.coyote.AbstractProtocol.destroy Destroying ProtocolHandler ["http-nio-8080"]
22-Feb-2025 21:25:20.978 INFO [main] org.apache.catalina.startup.VersionLoggerListener.log Server version name:   Apache Tomcat/9.0.98
22-Feb-2025 21:25:20.982 INFO [main] org.apache.catalina.startup.VersionLoggerListener.log Server built:          Dec 5 2024 19:50:29 UTC
22-Feb-2025 21:25:20.982 INFO [main] org.apache.catalina.startup.VersionLoggerListener.log Server version number: 9.0.98.0
22-Feb-2025 21:25:20.982 INFO [main] org.apache.catalina.startup.VersionLoggerListener.log OS Name:               Windows 11
22-Feb-2025 21:25:20.982 INFO [main] org.apache.catalina.startup.VersionLoggerListener.log OS Version:            10.0
22-Feb-2025 21:25:20.983 INFO [main] org.apache.catalina.startup.VersionLoggerListener.log Architecture:          amd64
22-Feb-2025 21:25:20.983 INFO [main] org.apache.catalina.startup.VersionLoggerListener.log Java Home:             C:\Program Files\Java\jdk-21
22-Feb-2025 21:25:20.983 INFO [main] org.apache.catalina.startup.VersionLoggerListener.log JVM Version:           21.0.5+9-LTS-239
22-Feb-2025 21:25:20.983 INFO [main] org.apache.catalina.startup.VersionLoggerListener.log JVM Vendor:            Oracle Corporation
22-Feb-2025 21:25:20.983 INFO [main] org.apache.catalina.startup.VersionLoggerListener.log CATALINA_BASE:         C:\Users\Logan\Documents\GitHub\CSC435-Webservices-Collection\HW2\tomcat
22-Feb-2025 21:25:20.984 INFO [main] org.apache.catalina.startup.VersionLoggerListener.log CATALINA_HOME:         C:\Users\Logan\Documents\GitHub\CSC435-Webservices-Collection\HW2\tomcat
22-Feb-2025 21:25:20.995 INFO [main] org.apache.catalina.startup.VersionLoggerListener.log Command line argument: --add-opens=java.base/java.lang=ALL-UNNAMED
22-Feb-2025 21:25:20.995 INFO [main] org.apache.catalina.startup.VersionLoggerListener.log Command line argument: --add-opens=java.base/java.io=ALL-UNNAMED
22-Feb-2025 21:25:20.995 INFO [main] org.apache.catalina.startup.VersionLoggerListener.log Command line argument: --add-opens=java.base/java.util=ALL-UNNAMED
22-Feb-2025 21:25:20.995 INFO [main] org.apache.catalina.startup.VersionLoggerListener.log Command line argument: --add-opens=java.base/java.util.concurrent=ALL-UNNAMED
22-Feb-2025 21:25:20.995 INFO [main] org.apache.catalina.startup.VersionLoggerListener.log Command line argument: --add-opens=java.rmi/sun.rmi.transport=ALL-UNNAMED
22-Feb-2025 21:25:20.995 INFO [main] org.apache.catalina.startup.VersionLoggerListener.log Command line argument: -Djava.util.logging.config.file=C:\Users\Logan\Documents\GitHub\CSC435-Webservices-Collection\HW2\tomcat\conf\logging.properties
22-Feb-2025 21:25:20.995 INFO [main] org.apache.catalina.startup.VersionLoggerListener.log Command line argument: -Djava.util.logging.manager=org.apache.juli.ClassLoaderLogManager
22-Feb-2025 21:25:20.996 INFO [main] org.apache.catalina.startup.VersionLoggerListener.log Command line argument: -Djdk.tls.ephemeralDHKeySize=2048
22-Feb-2025 21:25:20.996 INFO [main] org.apache.catalina.startup.VersionLoggerListener.log Command line argument: -Djava.protocol.handler.pkgs=org.apache.catalina.webresources
22-Feb-2025 21:25:20.996 INFO [main] org.apache.catalina.startup.VersionLoggerListener.log Command line argument: -Dignore.endorsed.dirs=
22-Feb-2025 21:25:20.996 INFO [main] org.apache.catalina.startup.VersionLoggerListener.log Command line argument: -Dcatalina.base=C:\Users\Logan\Documents\GitHub\CSC435-Webservices-Collection\HW2\tomcat
22-Feb-2025 21:25:20.997 INFO [main] org.apache.catalina.startup.VersionLoggerListener.log Command line argument: -Dcatalina.home=C:\Users\Logan\Documents\GitHub\CSC435-Webservices-Collection\HW2\tomcat
22-Feb-2025 21:25:20.997 INFO [main] org.apache.catalina.startup.VersionLoggerListener.log Command line argument: -Djava.io.tmpdir=C:\Users\Logan\Documents\GitHub\CSC435-Webservices-Collection\HW2\tomcat\temp
22-Feb-2025 21:25:21.002 INFO [main] org.apache.catalina.core.AprLifecycleListener.lifecycleEvent Loaded Apache Tomcat Native library [1.3.1] using APR version [1.7.4].
22-Feb-2025 21:25:21.002 INFO [main] org.apache.catalina.core.AprLifecycleListener.lifecycleEvent APR capabilities: IPv6 [true], sendfile [true], accept filters [false], random [true], UDS [true].
22-Feb-2025 21:25:21.002 INFO [main] org.apache.catalina.core.AprLifecycleListener.lifecycleEvent APR/OpenSSL configuration: useAprConnector [false], useOpenSSL [true]
22-Feb-2025 21:25:21.009 INFO [main] org.apache.catalina.core.AprLifecycleListener.initializeSSL OpenSSL successfully initialized [OpenSSL 3.0.14 4 Jun 2024]
22-Feb-2025 21:25:21.392 INFO [main] org.apache.coyote.AbstractProtocol.init Initializing ProtocolHandler ["http-nio-8080"]
22-Feb-2025 21:25:21.421 INFO [main] org.apache.catalina.startup.Catalina.load Server initialization in [651] milliseconds
22-Feb-2025 21:25:21.511 INFO [main] org.apache.catalina.core.StandardService.startInternal Starting service [Catalina]
22-Feb-2025 21:25:21.511 INFO [main] org.apache.catalina.core.StandardEngine.startInternal Starting Servlet engine: [Apache Tomcat/9.0.98]
22-Feb-2025 21:25:21.537 INFO [main] org.apache.catalina.startup.HostConfig.deployWAR Deploying web application archive [C:\Users\Logan\Documents\GitHub\CSC435-Webservices-Collection\HW2\tomcat\webapps\store.war]
22-Feb-2025 21:25:21.938 INFO [main] org.apache.jasper.servlet.TldScanner.scanJars At least one JAR was scanned for TLDs yet contained no TLDs. Enable debug logging for this logger for a complete list of JARs that were scanned but no TLDs were found in them. Skipping unneeded JARs during scanning can improve startup time and JSP compilation time.
22-Feb-2025 21:25:22.010 INFO [main] org.apache.catalina.startup.HostConfig.deployWAR Deployment of web application archive [C:\Users\Logan\Documents\GitHub\CSC435-Webservices-Collection\HW2\tomcat\webapps\store.war] has finished in [473] ms
22-Feb-2025 21:25:22.016 INFO [main] org.apache.coyote.AbstractProtocol.start Starting ProtocolHandler ["http-nio-8080"]
22-Feb-2025 21:25:22.049 INFO [main] org.apache.catalina.startup.Catalina.start Server startup in [626] milliseconds
22-Feb-2025 21:29:58.656 INFO [Thread-1] org.apache.coyote.AbstractProtocol.pause Pausing ProtocolHandler ["http-nio-8080"]
22-Feb-2025 21:29:58.692 INFO [Thread-1] org.apache.catalina.core.StandardService.stopInternal Stopping service [Catalina]
22-Feb-2025 21:29:58.721 INFO [Thread-1] org.apache.coyote.AbstractProtocol.stop Stopping ProtocolHandler ["http-nio-8080"]
22-Feb-2025 21:29:58.743 INFO [Thread-1] org.apache.coyote.AbstractProtocol.destroy Destroying ProtocolHandler ["http-nio-8080"]
