04-Feb-2025 14:24:11.893 INFO [main] org.apache.catalina.startup.VersionLoggerListener.log Server version name:   Apache Tomcat/9.0.98
04-Feb-2025 14:24:11.896 INFO [main] org.apache.catalina.startup.VersionLoggerListener.log Server built:          Dec 5 2024 19:50:29 UTC
04-Feb-2025 14:24:11.897 INFO [main] org.apache.catalina.startup.VersionLoggerListener.log Server version number: 9.0.98.0
04-Feb-2025 14:24:11.897 INFO [main] org.apache.catalina.startup.VersionLoggerListener.log OS Name:               Windows 10
04-Feb-2025 14:24:11.897 INFO [main] org.apache.catalina.startup.VersionLoggerListener.log OS Version:            10.0
04-Feb-2025 14:24:11.897 INFO [main] org.apache.catalina.startup.VersionLoggerListener.log Architecture:          amd64
04-Feb-2025 14:24:11.897 INFO [main] org.apache.catalina.startup.VersionLoggerListener.log Java Home:             C:\Program Files\Microsoft\jdk-17.0.11.9-hotspot
04-Feb-2025 14:24:11.897 INFO [main] org.apache.catalina.startup.VersionLoggerListener.log JVM Version:           17.0.11+9-LTS
04-Feb-2025 14:24:11.897 INFO [main] org.apache.catalina.startup.VersionLoggerListener.log JVM Vendor:            Microsoft
04-Feb-2025 14:24:11.898 INFO [main] org.apache.catalina.startup.VersionLoggerListener.log CATALINA_BASE:         C:\Users\logyw\OneDrive\Desktop\CSC435WebServices\tomcat
04-Feb-2025 14:24:11.898 INFO [main] org.apache.catalina.startup.VersionLoggerListener.log CATALINA_HOME:         C:\Users\logyw\OneDrive\Desktop\CSC435WebServices\tomcat
04-Feb-2025 14:24:11.909 INFO [main] org.apache.catalina.startup.VersionLoggerListener.log Command line argument: --add-opens=java.base/java.lang=ALL-UNNAMED
04-Feb-2025 14:24:11.909 INFO [main] org.apache.catalina.startup.VersionLoggerListener.log Command line argument: --add-opens=java.base/java.io=ALL-UNNAMED
04-Feb-2025 14:24:11.909 INFO [main] org.apache.catalina.startup.VersionLoggerListener.log Command line argument: --add-opens=java.base/java.util=ALL-UNNAMED
04-Feb-2025 14:24:11.909 INFO [main] org.apache.catalina.startup.VersionLoggerListener.log Command line argument: --add-opens=java.base/java.util.concurrent=ALL-UNNAMED
04-Feb-2025 14:24:11.909 INFO [main] org.apache.catalina.startup.VersionLoggerListener.log Command line argument: --add-opens=java.rmi/sun.rmi.transport=ALL-UNNAMED
04-Feb-2025 14:24:11.910 INFO [main] org.apache.catalina.startup.VersionLoggerListener.log Command line argument: -Djava.util.logging.config.file=C:\Users\logyw\OneDrive\Desktop\CSC435WebServices\tomcat\conf\logging.properties
04-Feb-2025 14:24:11.910 INFO [main] org.apache.catalina.startup.VersionLoggerListener.log Command line argument: -Djava.util.logging.manager=org.apache.juli.ClassLoaderLogManager
04-Feb-2025 14:24:11.910 INFO [main] org.apache.catalina.startup.VersionLoggerListener.log Command line argument: -Djdk.tls.ephemeralDHKeySize=2048
04-Feb-2025 14:24:11.911 INFO [main] org.apache.catalina.startup.VersionLoggerListener.log Command line argument: -Djava.protocol.handler.pkgs=org.apache.catalina.webresources
04-Feb-2025 14:24:11.911 INFO [main] org.apache.catalina.startup.VersionLoggerListener.log Command line argument: -Dignore.endorsed.dirs=
04-Feb-2025 14:24:11.911 INFO [main] org.apache.catalina.startup.VersionLoggerListener.log Command line argument: -Dcatalina.base=C:\Users\logyw\OneDrive\Desktop\CSC435WebServices\tomcat
04-Feb-2025 14:24:11.911 INFO [main] org.apache.catalina.startup.VersionLoggerListener.log Command line argument: -Dcatalina.home=C:\Users\logyw\OneDrive\Desktop\CSC435WebServices\tomcat
04-Feb-2025 14:24:11.911 INFO [main] org.apache.catalina.startup.VersionLoggerListener.log Command line argument: -Djava.io.tmpdir=C:\Users\logyw\OneDrive\Desktop\CSC435WebServices\tomcat\temp
04-Feb-2025 14:24:11.917 INFO [main] org.apache.catalina.core.AprLifecycleListener.lifecycleEvent Loaded Apache Tomcat Native library [1.3.1] using APR version [1.7.4].
04-Feb-2025 14:24:11.919 INFO [main] org.apache.catalina.core.AprLifecycleListener.lifecycleEvent APR capabilities: IPv6 [true], sendfile [true], accept filters [false], random [true], UDS [true].
04-Feb-2025 14:24:11.919 INFO [main] org.apache.catalina.core.AprLifecycleListener.lifecycleEvent APR/OpenSSL configuration: useAprConnector [false], useOpenSSL [true]
04-Feb-2025 14:24:11.933 INFO [main] org.apache.catalina.core.AprLifecycleListener.initializeSSL OpenSSL successfully initialized [OpenSSL 3.0.14 4 Jun 2024]
04-Feb-2025 14:24:12.126 INFO [main] org.apache.coyote.AbstractProtocol.init Initializing ProtocolHandler ["http-nio-9999"]
04-Feb-2025 14:24:12.150 INFO [main] org.apache.catalina.startup.Catalina.load Server initialization in [397] milliseconds
04-Feb-2025 14:24:12.184 INFO [main] org.apache.catalina.core.StandardService.startInternal Starting service [Catalina]
04-Feb-2025 14:24:12.185 INFO [main] org.apache.catalina.core.StandardEngine.startInternal Starting Servlet engine: [Apache Tomcat/9.0.98]
04-Feb-2025 14:24:12.192 INFO [main] org.apache.catalina.startup.HostConfig.deployDirectory Deploying web application directory [C:\Users\logyw\OneDrive\Desktop\CSC435WebServices\tomcat\webapps\docs]
04-Feb-2025 14:24:12.436 INFO [main] org.apache.catalina.startup.HostConfig.deployDirectory Deployment of web application directory [C:\Users\logyw\OneDrive\Desktop\CSC435WebServices\tomcat\webapps\docs] has finished in [243] ms
04-Feb-2025 14:24:12.436 INFO [main] org.apache.catalina.startup.HostConfig.deployDirectory Deploying web application directory [C:\Users\logyw\OneDrive\Desktop\CSC435WebServices\tomcat\webapps\examples]
04-Feb-2025 14:24:12.907 INFO [main] org.apache.catalina.startup.HostConfig.deployDirectory Deployment of web application directory [C:\Users\logyw\OneDrive\Desktop\CSC435WebServices\tomcat\webapps\examples] has finished in [471] ms
04-Feb-2025 14:24:12.908 INFO [main] org.apache.catalina.startup.HostConfig.deployDirectory Deploying web application directory [C:\Users\logyw\OneDrive\Desktop\CSC435WebServices\tomcat\webapps\host-manager]
04-Feb-2025 14:24:12.948 INFO [main] org.apache.catalina.startup.HostConfig.deployDirectory Deployment of web application directory [C:\Users\logyw\OneDrive\Desktop\CSC435WebServices\tomcat\webapps\host-manager] has finished in [40] ms
04-Feb-2025 14:24:12.949 INFO [main] org.apache.catalina.startup.HostConfig.deployDirectory Deploying web application directory [C:\Users\logyw\OneDrive\Desktop\CSC435WebServices\tomcat\webapps\manager]
04-Feb-2025 14:24:12.988 INFO [main] org.apache.catalina.startup.HostConfig.deployDirectory Deployment of web application directory [C:\Users\logyw\OneDrive\Desktop\CSC435WebServices\tomcat\webapps\manager] has finished in [38] ms
04-Feb-2025 14:24:12.988 INFO [main] org.apache.catalina.startup.HostConfig.deployDirectory Deploying web application directory [C:\Users\logyw\OneDrive\Desktop\CSC435WebServices\tomcat\webapps\quote]
04-Feb-2025 14:24:13.029 INFO [main] org.apache.catalina.startup.HostConfig.deployDirectory Deployment of web application directory [C:\Users\logyw\OneDrive\Desktop\CSC435WebServices\tomcat\webapps\quote] has finished in [41] ms
04-Feb-2025 14:24:13.030 INFO [main] org.apache.catalina.startup.HostConfig.deployDirectory Deploying web application directory [C:\Users\logyw\OneDrive\Desktop\CSC435WebServices\tomcat\webapps\ROOT]
04-Feb-2025 14:24:13.056 INFO [main] org.apache.catalina.startup.HostConfig.deployDirectory Deployment of web application directory [C:\Users\logyw\OneDrive\Desktop\CSC435WebServices\tomcat\webapps\ROOT] has finished in [25] ms
04-Feb-2025 14:24:13.059 INFO [main] org.apache.coyote.AbstractProtocol.start Starting ProtocolHandler ["http-nio-9999"]
04-Feb-2025 14:24:13.092 INFO [main] org.apache.catalina.startup.Catalina.start Server startup in [941] milliseconds
04-Feb-2025 14:53:50.906 INFO [main] org.apache.catalina.startup.VersionLoggerListener.log Server version name:   Apache Tomcat/9.0.98
04-Feb-2025 14:53:50.908 INFO [main] org.apache.catalina.startup.VersionLoggerListener.log Server built:          Dec 5 2024 19:50:29 UTC
04-Feb-2025 14:53:50.908 INFO [main] org.apache.catalina.startup.VersionLoggerListener.log Server version number: 9.0.98.0
04-Feb-2025 14:53:50.908 INFO [main] org.apache.catalina.startup.VersionLoggerListener.log OS Name:               Windows 10
04-Feb-2025 14:53:50.908 INFO [main] org.apache.catalina.startup.VersionLoggerListener.log OS Version:            10.0
04-Feb-2025 14:53:50.908 INFO [main] org.apache.catalina.startup.VersionLoggerListener.log Architecture:          amd64
04-Feb-2025 14:53:50.908 INFO [main] org.apache.catalina.startup.VersionLoggerListener.log Java Home:             C:\Program Files\Microsoft\jdk-17.0.11.9-hotspot
04-Feb-2025 14:53:50.908 INFO [main] org.apache.catalina.startup.VersionLoggerListener.log JVM Version:           17.0.11+9-LTS
04-Feb-2025 14:53:50.908 INFO [main] org.apache.catalina.startup.VersionLoggerListener.log JVM Vendor:            Microsoft
04-Feb-2025 14:53:50.909 INFO [main] org.apache.catalina.startup.VersionLoggerListener.log CATALINA_BASE:         C:\Users\logyw\OneDrive\Desktop\CSC435WebServices\tomcat
04-Feb-2025 14:53:50.909 INFO [main] org.apache.catalina.startup.VersionLoggerListener.log CATALINA_HOME:         C:\Users\logyw\OneDrive\Desktop\CSC435WebServices\tomcat
04-Feb-2025 14:53:50.915 INFO [main] org.apache.catalina.startup.VersionLoggerListener.log Command line argument: --add-opens=java.base/java.lang=ALL-UNNAMED
04-Feb-2025 14:53:50.915 INFO [main] org.apache.catalina.startup.VersionLoggerListener.log Command line argument: --add-opens=java.base/java.io=ALL-UNNAMED
04-Feb-2025 14:53:50.915 INFO [main] org.apache.catalina.startup.VersionLoggerListener.log Command line argument: --add-opens=java.base/java.util=ALL-UNNAMED
04-Feb-2025 14:53:50.915 INFO [main] org.apache.catalina.startup.VersionLoggerListener.log Command line argument: --add-opens=java.base/java.util.concurrent=ALL-UNNAMED
04-Feb-2025 14:53:50.915 INFO [main] org.apache.catalina.startup.VersionLoggerListener.log Command line argument: --add-opens=java.rmi/sun.rmi.transport=ALL-UNNAMED
04-Feb-2025 14:53:50.916 INFO [main] org.apache.catalina.startup.VersionLoggerListener.log Command line argument: -Djava.util.logging.config.file=C:\Users\logyw\OneDrive\Desktop\CSC435WebServices\tomcat\conf\logging.properties
04-Feb-2025 14:53:50.916 INFO [main] org.apache.catalina.startup.VersionLoggerListener.log Command line argument: -Djava.util.logging.manager=org.apache.juli.ClassLoaderLogManager
04-Feb-2025 14:53:50.916 INFO [main] org.apache.catalina.startup.VersionLoggerListener.log Command line argument: -Djdk.tls.ephemeralDHKeySize=2048
04-Feb-2025 14:53:50.916 INFO [main] org.apache.catalina.startup.VersionLoggerListener.log Command line argument: -Djava.protocol.handler.pkgs=org.apache.catalina.webresources
04-Feb-2025 14:53:50.917 INFO [main] org.apache.catalina.startup.VersionLoggerListener.log Command line argument: -Dignore.endorsed.dirs=
04-Feb-2025 14:53:50.917 INFO [main] org.apache.catalina.startup.VersionLoggerListener.log Command line argument: -Dcatalina.base=C:\Users\logyw\OneDrive\Desktop\CSC435WebServices\tomcat
04-Feb-2025 14:53:50.917 INFO [main] org.apache.catalina.startup.VersionLoggerListener.log Command line argument: -Dcatalina.home=C:\Users\logyw\OneDrive\Desktop\CSC435WebServices\tomcat
04-Feb-2025 14:53:50.917 INFO [main] org.apache.catalina.startup.VersionLoggerListener.log Command line argument: -Djava.io.tmpdir=C:\Users\logyw\OneDrive\Desktop\CSC435WebServices\tomcat\temp
04-Feb-2025 14:53:50.920 INFO [main] org.apache.catalina.core.AprLifecycleListener.lifecycleEvent Loaded Apache Tomcat Native library [1.3.1] using APR version [1.7.4].
04-Feb-2025 14:53:50.920 INFO [main] org.apache.catalina.core.AprLifecycleListener.lifecycleEvent APR capabilities: IPv6 [true], sendfile [true], accept filters [false], random [true], UDS [true].
04-Feb-2025 14:53:50.920 INFO [main] org.apache.catalina.core.AprLifecycleListener.lifecycleEvent APR/OpenSSL configuration: useAprConnector [false], useOpenSSL [true]
04-Feb-2025 14:53:50.924 INFO [main] org.apache.catalina.core.AprLifecycleListener.initializeSSL OpenSSL successfully initialized [OpenSSL 3.0.14 4 Jun 2024]
04-Feb-2025 14:53:51.099 INFO [main] org.apache.coyote.AbstractProtocol.init Initializing ProtocolHandler ["http-nio-9999"]
04-Feb-2025 14:53:51.111 SEVERE [main] org.apache.catalina.util.LifecycleBase.handleSubClassException Failed to initialize component [Connector["http-nio-9999"]]
	org.apache.catalina.LifecycleException: Protocol handler initialization failed
		at org.apache.catalina.connector.Connector.initInternal(Connector.java:1027)
		at org.apache.catalina.util.LifecycleBase.init(LifecycleBase.java:122)
		at org.apache.catalina.core.StandardService.initInternal(StandardService.java:525)
		at org.apache.catalina.util.LifecycleBase.init(LifecycleBase.java:122)
		at org.apache.catalina.core.StandardServer.initInternal(StandardServer.java:986)
		at org.apache.catalina.util.LifecycleBase.init(LifecycleBase.java:122)
		at org.apache.catalina.startup.Catalina.load(Catalina.java:690)
		at org.apache.catalina.startup.Catalina.load(Catalina.java:713)
		at java.base/jdk.internal.reflect.NativeMethodAccessorImpl.invoke0(Native Method)
		at java.base/jdk.internal.reflect.NativeMethodAccessorImpl.invoke(NativeMethodAccessorImpl.java:77)
		at java.base/jdk.internal.reflect.DelegatingMethodAccessorImpl.invoke(DelegatingMethodAccessorImpl.java:43)
		at java.base/java.lang.reflect.Method.invoke(Method.java:568)
		at org.apache.catalina.startup.Bootstrap.load(Bootstrap.java:302)
		at org.apache.catalina.startup.Bootstrap.main(Bootstrap.java:472)
	Caused by: java.net.BindException: Address already in use: bind
		at java.base/sun.nio.ch.Net.bind0(Native Method)
		at java.base/sun.nio.ch.Net.bind(Net.java:555)
		at java.base/sun.nio.ch.ServerSocketChannelImpl.netBind(ServerSocketChannelImpl.java:337)
		at java.base/sun.nio.ch.ServerSocketChannelImpl.bind(ServerSocketChannelImpl.java:294)
		at org.apache.tomcat.util.net.NioEndpoint.initServerSocket(NioEndpoint.java:268)
		at org.apache.tomcat.util.net.NioEndpoint.bind(NioEndpoint.java:223)
		at org.apache.tomcat.util.net.AbstractEndpoint.bindWithCleanup(AbstractEndpoint.java:1373)
		at org.apache.tomcat.util.net.AbstractEndpoint.init(AbstractEndpoint.java:1386)
		at org.apache.coyote.AbstractProtocol.init(AbstractProtocol.java:663)
		at org.apache.coyote.http11.AbstractHttp11Protocol.init(AbstractHttp11Protocol.java:80)
		at org.apache.catalina.connector.Connector.initInternal(Connector.java:1025)
		... 13 more
04-Feb-2025 14:53:51.112 INFO [main] org.apache.catalina.startup.Catalina.load Server initialization in [317] milliseconds
04-Feb-2025 14:53:51.140 INFO [main] org.apache.catalina.core.StandardService.startInternal Starting service [Catalina]
04-Feb-2025 14:53:51.141 INFO [main] org.apache.catalina.core.StandardEngine.startInternal Starting Servlet engine: [Apache Tomcat/9.0.98]
04-Feb-2025 14:53:51.147 INFO [main] org.apache.catalina.startup.HostConfig.deployDirectory Deploying web application directory [C:\Users\logyw\OneDrive\Desktop\CSC435WebServices\tomcat\webapps\docs]
04-Feb-2025 14:53:51.369 INFO [main] org.apache.catalina.startup.HostConfig.deployDirectory Deployment of web application directory [C:\Users\logyw\OneDrive\Desktop\CSC435WebServices\tomcat\webapps\docs] has finished in [221] ms
04-Feb-2025 14:53:51.369 INFO [main] org.apache.catalina.startup.HostConfig.deployDirectory Deploying web application directory [C:\Users\logyw\OneDrive\Desktop\CSC435WebServices\tomcat\webapps\examples]
04-Feb-2025 14:53:51.833 INFO [main] org.apache.catalina.startup.HostConfig.deployDirectory Deployment of web application directory [C:\Users\logyw\OneDrive\Desktop\CSC435WebServices\tomcat\webapps\examples] has finished in [464] ms
04-Feb-2025 14:53:51.833 INFO [main] org.apache.catalina.startup.HostConfig.deployDirectory Deploying web application directory [C:\Users\logyw\OneDrive\Desktop\CSC435WebServices\tomcat\webapps\host-manager]
04-Feb-2025 14:53:51.877 INFO [main] org.apache.catalina.startup.HostConfig.deployDirectory Deployment of web application directory [C:\Users\logyw\OneDrive\Desktop\CSC435WebServices\tomcat\webapps\host-manager] has finished in [44] ms
04-Feb-2025 14:53:51.877 INFO [main] org.apache.catalina.startup.HostConfig.deployDirectory Deploying web application directory [C:\Users\logyw\OneDrive\Desktop\CSC435WebServices\tomcat\webapps\manager]
04-Feb-2025 14:53:51.917 INFO [main] org.apache.catalina.startup.HostConfig.deployDirectory Deployment of web application directory [C:\Users\logyw\OneDrive\Desktop\CSC435WebServices\tomcat\webapps\manager] has finished in [40] ms
04-Feb-2025 14:53:51.917 INFO [main] org.apache.catalina.startup.HostConfig.deployDirectory Deploying web application directory [C:\Users\logyw\OneDrive\Desktop\CSC435WebServices\tomcat\webapps\quote]
04-Feb-2025 14:53:51.959 INFO [main] org.apache.catalina.startup.HostConfig.deployDirectory Deployment of web application directory [C:\Users\logyw\OneDrive\Desktop\CSC435WebServices\tomcat\webapps\quote] has finished in [42] ms
04-Feb-2025 14:53:51.960 INFO [main] org.apache.catalina.startup.HostConfig.deployDirectory Deploying web application directory [C:\Users\logyw\OneDrive\Desktop\CSC435WebServices\tomcat\webapps\ROOT]
04-Feb-2025 14:53:51.987 INFO [main] org.apache.catalina.startup.HostConfig.deployDirectory Deployment of web application directory [C:\Users\logyw\OneDrive\Desktop\CSC435WebServices\tomcat\webapps\ROOT] has finished in [27] ms
04-Feb-2025 14:53:51.990 INFO [main] org.apache.catalina.startup.Catalina.start Server startup in [878] milliseconds
04-Feb-2025 14:53:51.995 SEVERE [main] org.apache.catalina.core.StandardServer.await Failed to create server shutdown socket on address [localhost] and port [8005] (base port [8005] and offset [0])
	java.net.BindException: Address already in use: bind
		at java.base/sun.nio.ch.Net.bind0(Native Method)
		at java.base/sun.nio.ch.Net.bind(Net.java:555)
		at java.base/sun.nio.ch.Net.bind(Net.java:544)
		at java.base/sun.nio.ch.NioSocketImpl.bind(NioSocketImpl.java:648)
		at java.base/java.net.ServerSocket.bind(ServerSocket.java:388)
		at java.base/java.net.ServerSocket.<init>(ServerSocket.java:274)
		at org.apache.catalina.core.StandardServer.await(StandardServer.java:537)
		at org.apache.catalina.startup.Catalina.await(Catalina.java:829)
		at org.apache.catalina.startup.Catalina.start(Catalina.java:777)
		at java.base/jdk.internal.reflect.NativeMethodAccessorImpl.invoke0(Native Method)
		at java.base/jdk.internal.reflect.NativeMethodAccessorImpl.invoke(NativeMethodAccessorImpl.java:77)
		at java.base/jdk.internal.reflect.DelegatingMethodAccessorImpl.invoke(DelegatingMethodAccessorImpl.java:43)
		at java.base/java.lang.reflect.Method.invoke(Method.java:568)
		at org.apache.catalina.startup.Bootstrap.start(Bootstrap.java:345)
		at org.apache.catalina.startup.Bootstrap.main(Bootstrap.java:473)
04-Feb-2025 14:53:51.995 INFO [main] org.apache.coyote.AbstractProtocol.pause Pausing ProtocolHandler ["http-nio-9999"]
04-Feb-2025 14:53:51.995 INFO [main] org.apache.catalina.core.StandardService.stopInternal Stopping service [Catalina]
04-Feb-2025 14:53:52.010 INFO [main] org.apache.coyote.AbstractProtocol.stop Stopping ProtocolHandler ["http-nio-9999"]
04-Feb-2025 14:53:52.011 INFO [main] org.apache.coyote.AbstractProtocol.destroy Destroying ProtocolHandler ["http-nio-9999"]
04-Feb-2025 14:57:20.892 INFO [main] org.apache.catalina.startup.VersionLoggerListener.log Server version name:   Apache Tomcat/9.0.98
04-Feb-2025 14:57:20.894 INFO [main] org.apache.catalina.startup.VersionLoggerListener.log Server built:          Dec 5 2024 19:50:29 UTC
04-Feb-2025 14:57:20.894 INFO [main] org.apache.catalina.startup.VersionLoggerListener.log Server version number: 9.0.98.0
04-Feb-2025 14:57:20.894 INFO [main] org.apache.catalina.startup.VersionLoggerListener.log OS Name:               Windows 10
04-Feb-2025 14:57:20.894 INFO [main] org.apache.catalina.startup.VersionLoggerListener.log OS Version:            10.0
04-Feb-2025 14:57:20.894 INFO [main] org.apache.catalina.startup.VersionLoggerListener.log Architecture:          amd64
04-Feb-2025 14:57:20.894 INFO [main] org.apache.catalina.startup.VersionLoggerListener.log Java Home:             C:\Program Files\Microsoft\jdk-17.0.11.9-hotspot
04-Feb-2025 14:57:20.894 INFO [main] org.apache.catalina.startup.VersionLoggerListener.log JVM Version:           17.0.11+9-LTS
04-Feb-2025 14:57:20.895 INFO [main] org.apache.catalina.startup.VersionLoggerListener.log JVM Vendor:            Microsoft
04-Feb-2025 14:57:20.895 INFO [main] org.apache.catalina.startup.VersionLoggerListener.log CATALINA_BASE:         C:\Users\logyw\OneDrive\Desktop\CSC435WebServices\tomcat
04-Feb-2025 14:57:20.895 INFO [main] org.apache.catalina.startup.VersionLoggerListener.log CATALINA_HOME:         C:\Users\logyw\OneDrive\Desktop\CSC435WebServices\tomcat
04-Feb-2025 14:57:20.901 INFO [main] org.apache.catalina.startup.VersionLoggerListener.log Command line argument: --add-opens=java.base/java.lang=ALL-UNNAMED
04-Feb-2025 14:57:20.901 INFO [main] org.apache.catalina.startup.VersionLoggerListener.log Command line argument: --add-opens=java.base/java.io=ALL-UNNAMED
04-Feb-2025 14:57:20.901 INFO [main] org.apache.catalina.startup.VersionLoggerListener.log Command line argument: --add-opens=java.base/java.util=ALL-UNNAMED
04-Feb-2025 14:57:20.901 INFO [main] org.apache.catalina.startup.VersionLoggerListener.log Command line argument: --add-opens=java.base/java.util.concurrent=ALL-UNNAMED
04-Feb-2025 14:57:20.901 INFO [main] org.apache.catalina.startup.VersionLoggerListener.log Command line argument: --add-opens=java.rmi/sun.rmi.transport=ALL-UNNAMED
04-Feb-2025 14:57:20.902 INFO [main] org.apache.catalina.startup.VersionLoggerListener.log Command line argument: -Djava.util.logging.config.file=C:\Users\logyw\OneDrive\Desktop\CSC435WebServices\tomcat\conf\logging.properties
04-Feb-2025 14:57:20.902 INFO [main] org.apache.catalina.startup.VersionLoggerListener.log Command line argument: -Djava.util.logging.manager=org.apache.juli.ClassLoaderLogManager
04-Feb-2025 14:57:20.902 INFO [main] org.apache.catalina.startup.VersionLoggerListener.log Command line argument: -Djdk.tls.ephemeralDHKeySize=2048
04-Feb-2025 14:57:20.902 INFO [main] org.apache.catalina.startup.VersionLoggerListener.log Command line argument: -Djava.protocol.handler.pkgs=org.apache.catalina.webresources
04-Feb-2025 14:57:20.902 INFO [main] org.apache.catalina.startup.VersionLoggerListener.log Command line argument: -Dignore.endorsed.dirs=
04-Feb-2025 14:57:20.903 INFO [main] org.apache.catalina.startup.VersionLoggerListener.log Command line argument: -Dcatalina.base=C:\Users\logyw\OneDrive\Desktop\CSC435WebServices\tomcat
04-Feb-2025 14:57:20.903 INFO [main] org.apache.catalina.startup.VersionLoggerListener.log Command line argument: -Dcatalina.home=C:\Users\logyw\OneDrive\Desktop\CSC435WebServices\tomcat
04-Feb-2025 14:57:20.903 INFO [main] org.apache.catalina.startup.VersionLoggerListener.log Command line argument: -Djava.io.tmpdir=C:\Users\logyw\OneDrive\Desktop\CSC435WebServices\tomcat\temp
04-Feb-2025 14:57:20.905 INFO [main] org.apache.catalina.core.AprLifecycleListener.lifecycleEvent Loaded Apache Tomcat Native library [1.3.1] using APR version [1.7.4].
04-Feb-2025 14:57:20.906 INFO [main] org.apache.catalina.core.AprLifecycleListener.lifecycleEvent APR capabilities: IPv6 [true], sendfile [true], accept filters [false], random [true], UDS [true].
04-Feb-2025 14:57:20.906 INFO [main] org.apache.catalina.core.AprLifecycleListener.lifecycleEvent APR/OpenSSL configuration: useAprConnector [false], useOpenSSL [true]
04-Feb-2025 14:57:20.910 INFO [main] org.apache.catalina.core.AprLifecycleListener.initializeSSL OpenSSL successfully initialized [OpenSSL 3.0.14 4 Jun 2024]
04-Feb-2025 14:57:21.068 INFO [main] org.apache.coyote.AbstractProtocol.init Initializing ProtocolHandler ["http-nio-9999"]
04-Feb-2025 14:57:21.085 INFO [main] org.apache.catalina.startup.Catalina.load Server initialization in [308] milliseconds
04-Feb-2025 14:57:21.117 INFO [main] org.apache.catalina.core.StandardService.startInternal Starting service [Catalina]
04-Feb-2025 14:57:21.117 INFO [main] org.apache.catalina.core.StandardEngine.startInternal Starting Servlet engine: [Apache Tomcat/9.0.98]
04-Feb-2025 14:57:21.125 INFO [main] org.apache.catalina.startup.HostConfig.deployDirectory Deploying web application directory [C:\Users\logyw\OneDrive\Desktop\CSC435WebServices\tomcat\webapps\docs]
04-Feb-2025 14:57:21.349 INFO [main] org.apache.catalina.startup.HostConfig.deployDirectory Deployment of web application directory [C:\Users\logyw\OneDrive\Desktop\CSC435WebServices\tomcat\webapps\docs] has finished in [224] ms
04-Feb-2025 14:57:21.349 INFO [main] org.apache.catalina.startup.HostConfig.deployDirectory Deploying web application directory [C:\Users\logyw\OneDrive\Desktop\CSC435WebServices\tomcat\webapps\examples]
04-Feb-2025 14:57:21.786 INFO [main] org.apache.catalina.startup.HostConfig.deployDirectory Deployment of web application directory [C:\Users\logyw\OneDrive\Desktop\CSC435WebServices\tomcat\webapps\examples] has finished in [437] ms
04-Feb-2025 14:57:21.786 INFO [main] org.apache.catalina.startup.HostConfig.deployDirectory Deploying web application directory [C:\Users\logyw\OneDrive\Desktop\CSC435WebServices\tomcat\webapps\host-manager]
04-Feb-2025 14:57:21.826 INFO [main] org.apache.catalina.startup.HostConfig.deployDirectory Deployment of web application directory [C:\Users\logyw\OneDrive\Desktop\CSC435WebServices\tomcat\webapps\host-manager] has finished in [40] ms
04-Feb-2025 14:57:21.826 INFO [main] org.apache.catalina.startup.HostConfig.deployDirectory Deploying web application directory [C:\Users\logyw\OneDrive\Desktop\CSC435WebServices\tomcat\webapps\manager]
04-Feb-2025 14:57:21.866 INFO [main] org.apache.catalina.startup.HostConfig.deployDirectory Deployment of web application directory [C:\Users\logyw\OneDrive\Desktop\CSC435WebServices\tomcat\webapps\manager] has finished in [40] ms
04-Feb-2025 14:57:21.866 INFO [main] org.apache.catalina.startup.HostConfig.deployDirectory Deploying web application directory [C:\Users\logyw\OneDrive\Desktop\CSC435WebServices\tomcat\webapps\quote]
04-Feb-2025 14:57:21.897 INFO [main] org.apache.catalina.startup.HostConfig.deployDirectory Deployment of web application directory [C:\Users\logyw\OneDrive\Desktop\CSC435WebServices\tomcat\webapps\quote] has finished in [31] ms
04-Feb-2025 14:57:21.897 INFO [main] org.apache.catalina.startup.HostConfig.deployDirectory Deploying web application directory [C:\Users\logyw\OneDrive\Desktop\CSC435WebServices\tomcat\webapps\ROOT]
04-Feb-2025 14:57:21.925 INFO [main] org.apache.catalina.startup.HostConfig.deployDirectory Deployment of web application directory [C:\Users\logyw\OneDrive\Desktop\CSC435WebServices\tomcat\webapps\ROOT] has finished in [28] ms
04-Feb-2025 14:57:21.928 INFO [main] org.apache.coyote.AbstractProtocol.start Starting ProtocolHandler ["http-nio-9999"]
04-Feb-2025 14:57:21.957 INFO [main] org.apache.catalina.startup.Catalina.start Server startup in [871] milliseconds
04-Feb-2025 15:04:24.793 INFO [main] org.apache.catalina.startup.VersionLoggerListener.log Server version name:   Apache Tomcat/9.0.98
04-Feb-2025 15:04:24.795 INFO [main] org.apache.catalina.startup.VersionLoggerListener.log Server built:          Dec 5 2024 19:50:29 UTC
04-Feb-2025 15:04:24.796 INFO [main] org.apache.catalina.startup.VersionLoggerListener.log Server version number: 9.0.98.0
04-Feb-2025 15:04:24.796 INFO [main] org.apache.catalina.startup.VersionLoggerListener.log OS Name:               Windows 10
04-Feb-2025 15:04:24.796 INFO [main] org.apache.catalina.startup.VersionLoggerListener.log OS Version:            10.0
04-Feb-2025 15:04:24.796 INFO [main] org.apache.catalina.startup.VersionLoggerListener.log Architecture:          amd64
04-Feb-2025 15:04:24.796 INFO [main] org.apache.catalina.startup.VersionLoggerListener.log Java Home:             C:\Program Files\Microsoft\jdk-17.0.11.9-hotspot
04-Feb-2025 15:04:24.796 INFO [main] org.apache.catalina.startup.VersionLoggerListener.log JVM Version:           17.0.11+9-LTS
04-Feb-2025 15:04:24.796 INFO [main] org.apache.catalina.startup.VersionLoggerListener.log JVM Vendor:            Microsoft
04-Feb-2025 15:04:24.796 INFO [main] org.apache.catalina.startup.VersionLoggerListener.log CATALINA_BASE:         C:\Users\logyw\OneDrive\Desktop\CSC435WebServices\tomcat
04-Feb-2025 15:04:24.796 INFO [main] org.apache.catalina.startup.VersionLoggerListener.log CATALINA_HOME:         C:\Users\logyw\OneDrive\Desktop\CSC435WebServices\tomcat
04-Feb-2025 15:04:24.803 INFO [main] org.apache.catalina.startup.VersionLoggerListener.log Command line argument: --add-opens=java.base/java.lang=ALL-UNNAMED
04-Feb-2025 15:04:24.803 INFO [main] org.apache.catalina.startup.VersionLoggerListener.log Command line argument: --add-opens=java.base/java.io=ALL-UNNAMED
04-Feb-2025 15:04:24.803 INFO [main] org.apache.catalina.startup.VersionLoggerListener.log Command line argument: --add-opens=java.base/java.util=ALL-UNNAMED
04-Feb-2025 15:04:24.803 INFO [main] org.apache.catalina.startup.VersionLoggerListener.log Command line argument: --add-opens=java.base/java.util.concurrent=ALL-UNNAMED
04-Feb-2025 15:04:24.803 INFO [main] org.apache.catalina.startup.VersionLoggerListener.log Command line argument: --add-opens=java.rmi/sun.rmi.transport=ALL-UNNAMED
04-Feb-2025 15:04:24.803 INFO [main] org.apache.catalina.startup.VersionLoggerListener.log Command line argument: -Djava.util.logging.config.file=C:\Users\logyw\OneDrive\Desktop\CSC435WebServices\tomcat\conf\logging.properties
04-Feb-2025 15:04:24.803 INFO [main] org.apache.catalina.startup.VersionLoggerListener.log Command line argument: -Djava.util.logging.manager=org.apache.juli.ClassLoaderLogManager
04-Feb-2025 15:04:24.804 INFO [main] org.apache.catalina.startup.VersionLoggerListener.log Command line argument: -Djdk.tls.ephemeralDHKeySize=2048
04-Feb-2025 15:04:24.804 INFO [main] org.apache.catalina.startup.VersionLoggerListener.log Command line argument: -Djava.protocol.handler.pkgs=org.apache.catalina.webresources
04-Feb-2025 15:04:24.804 INFO [main] org.apache.catalina.startup.VersionLoggerListener.log Command line argument: -Dignore.endorsed.dirs=
04-Feb-2025 15:04:24.804 INFO [main] org.apache.catalina.startup.VersionLoggerListener.log Command line argument: -Dcatalina.base=C:\Users\logyw\OneDrive\Desktop\CSC435WebServices\tomcat
04-Feb-2025 15:04:24.804 INFO [main] org.apache.catalina.startup.VersionLoggerListener.log Command line argument: -Dcatalina.home=C:\Users\logyw\OneDrive\Desktop\CSC435WebServices\tomcat
04-Feb-2025 15:04:24.805 INFO [main] org.apache.catalina.startup.VersionLoggerListener.log Command line argument: -Djava.io.tmpdir=C:\Users\logyw\OneDrive\Desktop\CSC435WebServices\tomcat\temp
04-Feb-2025 15:04:24.807 INFO [main] org.apache.catalina.core.AprLifecycleListener.lifecycleEvent Loaded Apache Tomcat Native library [1.3.1] using APR version [1.7.4].
04-Feb-2025 15:04:24.807 INFO [main] org.apache.catalina.core.AprLifecycleListener.lifecycleEvent APR capabilities: IPv6 [true], sendfile [true], accept filters [false], random [true], UDS [true].
04-Feb-2025 15:04:24.808 INFO [main] org.apache.catalina.core.AprLifecycleListener.lifecycleEvent APR/OpenSSL configuration: useAprConnector [false], useOpenSSL [true]
04-Feb-2025 15:04:24.812 INFO [main] org.apache.catalina.core.AprLifecycleListener.initializeSSL OpenSSL successfully initialized [OpenSSL 3.0.14 4 Jun 2024]
04-Feb-2025 15:04:24.968 INFO [main] org.apache.coyote.AbstractProtocol.init Initializing ProtocolHandler ["http-nio-9999"]
04-Feb-2025 15:04:24.985 INFO [main] org.apache.catalina.startup.Catalina.load Server initialization in [299] milliseconds
04-Feb-2025 15:04:25.015 INFO [main] org.apache.catalina.core.StandardService.startInternal Starting service [Catalina]
04-Feb-2025 15:04:25.015 INFO [main] org.apache.catalina.core.StandardEngine.startInternal Starting Servlet engine: [Apache Tomcat/9.0.98]
04-Feb-2025 15:04:25.021 INFO [main] org.apache.catalina.startup.HostConfig.deployDirectory Deploying web application directory [C:\Users\logyw\OneDrive\Desktop\CSC435WebServices\tomcat\webapps\docs]
04-Feb-2025 15:04:25.226 INFO [main] org.apache.catalina.startup.HostConfig.deployDirectory Deployment of web application directory [C:\Users\logyw\OneDrive\Desktop\CSC435WebServices\tomcat\webapps\docs] has finished in [205] ms
04-Feb-2025 15:04:25.227 INFO [main] org.apache.catalina.startup.HostConfig.deployDirectory Deploying web application directory [C:\Users\logyw\OneDrive\Desktop\CSC435WebServices\tomcat\webapps\examples]
04-Feb-2025 15:04:25.653 INFO [main] org.apache.catalina.startup.HostConfig.deployDirectory Deployment of web application directory [C:\Users\logyw\OneDrive\Desktop\CSC435WebServices\tomcat\webapps\examples] has finished in [425] ms
04-Feb-2025 15:04:25.653 INFO [main] org.apache.catalina.startup.HostConfig.deployDirectory Deploying web application directory [C:\Users\logyw\OneDrive\Desktop\CSC435WebServices\tomcat\webapps\host-manager]
04-Feb-2025 15:04:25.693 INFO [main] org.apache.catalina.startup.HostConfig.deployDirectory Deployment of web application directory [C:\Users\logyw\OneDrive\Desktop\CSC435WebServices\tomcat\webapps\host-manager] has finished in [39] ms
04-Feb-2025 15:04:25.693 INFO [main] org.apache.catalina.startup.HostConfig.deployDirectory Deploying web application directory [C:\Users\logyw\OneDrive\Desktop\CSC435WebServices\tomcat\webapps\manager]
04-Feb-2025 15:04:25.733 INFO [main] org.apache.catalina.startup.HostConfig.deployDirectory Deployment of web application directory [C:\Users\logyw\OneDrive\Desktop\CSC435WebServices\tomcat\webapps\manager] has finished in [39] ms
04-Feb-2025 15:04:25.733 INFO [main] org.apache.catalina.startup.HostConfig.deployDirectory Deploying web application directory [C:\Users\logyw\OneDrive\Desktop\CSC435WebServices\tomcat\webapps\quote]
04-Feb-2025 15:04:25.775 INFO [main] org.apache.catalina.startup.HostConfig.deployDirectory Deployment of web application directory [C:\Users\logyw\OneDrive\Desktop\CSC435WebServices\tomcat\webapps\quote] has finished in [42] ms
04-Feb-2025 15:04:25.775 INFO [main] org.apache.catalina.startup.HostConfig.deployDirectory Deploying web application directory [C:\Users\logyw\OneDrive\Desktop\CSC435WebServices\tomcat\webapps\ROOT]
04-Feb-2025 15:04:25.804 INFO [main] org.apache.catalina.startup.HostConfig.deployDirectory Deployment of web application directory [C:\Users\logyw\OneDrive\Desktop\CSC435WebServices\tomcat\webapps\ROOT] has finished in [29] ms
04-Feb-2025 15:04:25.807 INFO [main] org.apache.coyote.AbstractProtocol.start Starting ProtocolHandler ["http-nio-9999"]
04-Feb-2025 15:04:25.834 INFO [main] org.apache.catalina.startup.Catalina.start Server startup in [848] milliseconds
04-Feb-2025 15:23:20.455 INFO [main] org.apache.catalina.startup.VersionLoggerListener.log Server version name:   Apache Tomcat/9.0.98
04-Feb-2025 15:23:20.457 INFO [main] org.apache.catalina.startup.VersionLoggerListener.log Server built:          Dec 5 2024 19:50:29 UTC
04-Feb-2025 15:23:20.457 INFO [main] org.apache.catalina.startup.VersionLoggerListener.log Server version number: 9.0.98.0
04-Feb-2025 15:23:20.457 INFO [main] org.apache.catalina.startup.VersionLoggerListener.log OS Name:               Windows 10
04-Feb-2025 15:23:20.457 INFO [main] org.apache.catalina.startup.VersionLoggerListener.log OS Version:            10.0
04-Feb-2025 15:23:20.458 INFO [main] org.apache.catalina.startup.VersionLoggerListener.log Architecture:          amd64
04-Feb-2025 15:23:20.458 INFO [main] org.apache.catalina.startup.VersionLoggerListener.log Java Home:             C:\Program Files\Microsoft\jdk-17.0.11.9-hotspot
04-Feb-2025 15:23:20.458 INFO [main] org.apache.catalina.startup.VersionLoggerListener.log JVM Version:           17.0.11+9-LTS
04-Feb-2025 15:23:20.458 INFO [main] org.apache.catalina.startup.VersionLoggerListener.log JVM Vendor:            Microsoft
04-Feb-2025 15:23:20.458 INFO [main] org.apache.catalina.startup.VersionLoggerListener.log CATALINA_BASE:         C:\Users\logyw\OneDrive\Desktop\CSC435WebServices\tomcat
04-Feb-2025 15:23:20.458 INFO [main] org.apache.catalina.startup.VersionLoggerListener.log CATALINA_HOME:         C:\Users\logyw\OneDrive\Desktop\CSC435WebServices\tomcat
04-Feb-2025 15:23:20.464 INFO [main] org.apache.catalina.startup.VersionLoggerListener.log Command line argument: --add-opens=java.base/java.lang=ALL-UNNAMED
04-Feb-2025 15:23:20.464 INFO [main] org.apache.catalina.startup.VersionLoggerListener.log Command line argument: --add-opens=java.base/java.io=ALL-UNNAMED
04-Feb-2025 15:23:20.464 INFO [main] org.apache.catalina.startup.VersionLoggerListener.log Command line argument: --add-opens=java.base/java.util=ALL-UNNAMED
04-Feb-2025 15:23:20.464 INFO [main] org.apache.catalina.startup.VersionLoggerListener.log Command line argument: --add-opens=java.base/java.util.concurrent=ALL-UNNAMED
04-Feb-2025 15:23:20.464 INFO [main] org.apache.catalina.startup.VersionLoggerListener.log Command line argument: --add-opens=java.rmi/sun.rmi.transport=ALL-UNNAMED
04-Feb-2025 15:23:20.465 INFO [main] org.apache.catalina.startup.VersionLoggerListener.log Command line argument: -Djava.util.logging.config.file=C:\Users\logyw\OneDrive\Desktop\CSC435WebServices\tomcat\conf\logging.properties
04-Feb-2025 15:23:20.465 INFO [main] org.apache.catalina.startup.VersionLoggerListener.log Command line argument: -Djava.util.logging.manager=org.apache.juli.ClassLoaderLogManager
04-Feb-2025 15:23:20.465 INFO [main] org.apache.catalina.startup.VersionLoggerListener.log Command line argument: -Djdk.tls.ephemeralDHKeySize=2048
04-Feb-2025 15:23:20.465 INFO [main] org.apache.catalina.startup.VersionLoggerListener.log Command line argument: -Djava.protocol.handler.pkgs=org.apache.catalina.webresources
04-Feb-2025 15:23:20.465 INFO [main] org.apache.catalina.startup.VersionLoggerListener.log Command line argument: -Dignore.endorsed.dirs=
04-Feb-2025 15:23:20.466 INFO [main] org.apache.catalina.startup.VersionLoggerListener.log Command line argument: -Dcatalina.base=C:\Users\logyw\OneDrive\Desktop\CSC435WebServices\tomcat
04-Feb-2025 15:23:20.466 INFO [main] org.apache.catalina.startup.VersionLoggerListener.log Command line argument: -Dcatalina.home=C:\Users\logyw\OneDrive\Desktop\CSC435WebServices\tomcat
04-Feb-2025 15:23:20.466 INFO [main] org.apache.catalina.startup.VersionLoggerListener.log Command line argument: -Djava.io.tmpdir=C:\Users\logyw\OneDrive\Desktop\CSC435WebServices\tomcat\temp
04-Feb-2025 15:23:20.469 INFO [main] org.apache.catalina.core.AprLifecycleListener.lifecycleEvent Loaded Apache Tomcat Native library [1.3.1] using APR version [1.7.4].
04-Feb-2025 15:23:20.470 INFO [main] org.apache.catalina.core.AprLifecycleListener.lifecycleEvent APR capabilities: IPv6 [true], sendfile [true], accept filters [false], random [true], UDS [true].
04-Feb-2025 15:23:20.470 INFO [main] org.apache.catalina.core.AprLifecycleListener.lifecycleEvent APR/OpenSSL configuration: useAprConnector [false], useOpenSSL [true]
04-Feb-2025 15:23:20.475 INFO [main] org.apache.catalina.core.AprLifecycleListener.initializeSSL OpenSSL successfully initialized [OpenSSL 3.0.14 4 Jun 2024]
04-Feb-2025 15:23:20.628 INFO [main] org.apache.coyote.AbstractProtocol.init Initializing ProtocolHandler ["http-nio-9999"]
04-Feb-2025 15:23:20.639 SEVERE [main] org.apache.catalina.util.LifecycleBase.handleSubClassException Failed to initialize component [Connector["http-nio-9999"]]
	org.apache.catalina.LifecycleException: Protocol handler initialization failed
		at org.apache.catalina.connector.Connector.initInternal(Connector.java:1027)
		at org.apache.catalina.util.LifecycleBase.init(LifecycleBase.java:122)
		at org.apache.catalina.core.StandardService.initInternal(StandardService.java:525)
		at org.apache.catalina.util.LifecycleBase.init(LifecycleBase.java:122)
		at org.apache.catalina.core.StandardServer.initInternal(StandardServer.java:986)
		at org.apache.catalina.util.LifecycleBase.init(LifecycleBase.java:122)
		at org.apache.catalina.startup.Catalina.load(Catalina.java:690)
		at org.apache.catalina.startup.Catalina.load(Catalina.java:713)
		at java.base/jdk.internal.reflect.NativeMethodAccessorImpl.invoke0(Native Method)
		at java.base/jdk.internal.reflect.NativeMethodAccessorImpl.invoke(NativeMethodAccessorImpl.java:77)
		at java.base/jdk.internal.reflect.DelegatingMethodAccessorImpl.invoke(DelegatingMethodAccessorImpl.java:43)
		at java.base/java.lang.reflect.Method.invoke(Method.java:568)
		at org.apache.catalina.startup.Bootstrap.load(Bootstrap.java:302)
		at org.apache.catalina.startup.Bootstrap.main(Bootstrap.java:472)
	Caused by: java.net.BindException: Address already in use: bind
		at java.base/sun.nio.ch.Net.bind0(Native Method)
		at java.base/sun.nio.ch.Net.bind(Net.java:555)
		at java.base/sun.nio.ch.ServerSocketChannelImpl.netBind(ServerSocketChannelImpl.java:337)
		at java.base/sun.nio.ch.ServerSocketChannelImpl.bind(ServerSocketChannelImpl.java:294)
		at org.apache.tomcat.util.net.NioEndpoint.initServerSocket(NioEndpoint.java:268)
		at org.apache.tomcat.util.net.NioEndpoint.bind(NioEndpoint.java:223)
		at org.apache.tomcat.util.net.AbstractEndpoint.bindWithCleanup(AbstractEndpoint.java:1373)
		at org.apache.tomcat.util.net.AbstractEndpoint.init(AbstractEndpoint.java:1386)
		at org.apache.coyote.AbstractProtocol.init(AbstractProtocol.java:663)
		at org.apache.coyote.http11.AbstractHttp11Protocol.init(AbstractHttp11Protocol.java:80)
		at org.apache.catalina.connector.Connector.initInternal(Connector.java:1025)
		... 13 more
04-Feb-2025 15:23:20.640 INFO [main] org.apache.catalina.startup.Catalina.load Server initialization in [293] milliseconds
04-Feb-2025 15:23:20.666 INFO [main] org.apache.catalina.core.StandardService.startInternal Starting service [Catalina]
04-Feb-2025 15:23:20.666 INFO [main] org.apache.catalina.core.StandardEngine.startInternal Starting Servlet engine: [Apache Tomcat/9.0.98]
04-Feb-2025 15:23:20.673 INFO [main] org.apache.catalina.startup.HostConfig.deployDirectory Deploying web application directory [C:\Users\logyw\OneDrive\Desktop\CSC435WebServices\tomcat\webapps\docs]
04-Feb-2025 15:23:20.881 INFO [main] org.apache.catalina.startup.HostConfig.deployDirectory Deployment of web application directory [C:\Users\logyw\OneDrive\Desktop\CSC435WebServices\tomcat\webapps\docs] has finished in [208] ms
04-Feb-2025 15:23:20.882 INFO [main] org.apache.catalina.startup.HostConfig.deployDirectory Deploying web application directory [C:\Users\logyw\OneDrive\Desktop\CSC435WebServices\tomcat\webapps\examples]
04-Feb-2025 15:23:21.319 INFO [main] org.apache.catalina.startup.HostConfig.deployDirectory Deployment of web application directory [C:\Users\logyw\OneDrive\Desktop\CSC435WebServices\tomcat\webapps\examples] has finished in [437] ms
04-Feb-2025 15:23:21.320 INFO [main] org.apache.catalina.startup.HostConfig.deployDirectory Deploying web application directory [C:\Users\logyw\OneDrive\Desktop\CSC435WebServices\tomcat\webapps\host-manager]
04-Feb-2025 15:23:21.357 INFO [main] org.apache.catalina.startup.HostConfig.deployDirectory Deployment of web application directory [C:\Users\logyw\OneDrive\Desktop\CSC435WebServices\tomcat\webapps\host-manager] has finished in [37] ms
04-Feb-2025 15:23:21.358 INFO [main] org.apache.catalina.startup.HostConfig.deployDirectory Deploying web application directory [C:\Users\logyw\OneDrive\Desktop\CSC435WebServices\tomcat\webapps\manager]
04-Feb-2025 15:23:21.396 INFO [main] org.apache.catalina.startup.HostConfig.deployDirectory Deployment of web application directory [C:\Users\logyw\OneDrive\Desktop\CSC435WebServices\tomcat\webapps\manager] has finished in [38] ms
04-Feb-2025 15:23:21.397 INFO [main] org.apache.catalina.startup.HostConfig.deployDirectory Deploying web application directory [C:\Users\logyw\OneDrive\Desktop\CSC435WebServices\tomcat\webapps\quote]
04-Feb-2025 15:23:21.442 INFO [main] org.apache.catalina.startup.HostConfig.deployDirectory Deployment of web application directory [C:\Users\logyw\OneDrive\Desktop\CSC435WebServices\tomcat\webapps\quote] has finished in [45] ms
04-Feb-2025 15:23:21.442 INFO [main] org.apache.catalina.startup.HostConfig.deployDirectory Deploying web application directory [C:\Users\logyw\OneDrive\Desktop\CSC435WebServices\tomcat\webapps\ROOT]
04-Feb-2025 15:23:21.468 INFO [main] org.apache.catalina.startup.HostConfig.deployDirectory Deployment of web application directory [C:\Users\logyw\OneDrive\Desktop\CSC435WebServices\tomcat\webapps\ROOT] has finished in [26] ms
04-Feb-2025 15:23:21.472 INFO [main] org.apache.catalina.startup.Catalina.start Server startup in [831] milliseconds
04-Feb-2025 15:23:21.476 SEVERE [main] org.apache.catalina.core.StandardServer.await Failed to create server shutdown socket on address [localhost] and port [8005] (base port [8005] and offset [0])
	java.net.BindException: Address already in use: bind
		at java.base/sun.nio.ch.Net.bind0(Native Method)
		at java.base/sun.nio.ch.Net.bind(Net.java:555)
		at java.base/sun.nio.ch.Net.bind(Net.java:544)
		at java.base/sun.nio.ch.NioSocketImpl.bind(NioSocketImpl.java:648)
		at java.base/java.net.ServerSocket.bind(ServerSocket.java:388)
		at java.base/java.net.ServerSocket.<init>(ServerSocket.java:274)
		at org.apache.catalina.core.StandardServer.await(StandardServer.java:537)
		at org.apache.catalina.startup.Catalina.await(Catalina.java:829)
		at org.apache.catalina.startup.Catalina.start(Catalina.java:777)
		at java.base/jdk.internal.reflect.NativeMethodAccessorImpl.invoke0(Native Method)
		at java.base/jdk.internal.reflect.NativeMethodAccessorImpl.invoke(NativeMethodAccessorImpl.java:77)
		at java.base/jdk.internal.reflect.DelegatingMethodAccessorImpl.invoke(DelegatingMethodAccessorImpl.java:43)
		at java.base/java.lang.reflect.Method.invoke(Method.java:568)
		at org.apache.catalina.startup.Bootstrap.start(Bootstrap.java:345)
		at org.apache.catalina.startup.Bootstrap.main(Bootstrap.java:473)
04-Feb-2025 15:23:21.477 INFO [main] org.apache.coyote.AbstractProtocol.pause Pausing ProtocolHandler ["http-nio-9999"]
04-Feb-2025 15:23:21.477 INFO [main] org.apache.catalina.core.StandardService.stopInternal Stopping service [Catalina]
04-Feb-2025 15:23:21.491 INFO [main] org.apache.coyote.AbstractProtocol.stop Stopping ProtocolHandler ["http-nio-9999"]
04-Feb-2025 15:23:21.492 INFO [main] org.apache.coyote.AbstractProtocol.destroy Destroying ProtocolHandler ["http-nio-9999"]
04-Feb-2025 15:26:21.193 INFO [main] org.apache.catalina.startup.VersionLoggerListener.log Server version name:   Apache Tomcat/9.0.98
04-Feb-2025 15:26:21.195 INFO [main] org.apache.catalina.startup.VersionLoggerListener.log Server built:          Dec 5 2024 19:50:29 UTC
04-Feb-2025 15:26:21.195 INFO [main] org.apache.catalina.startup.VersionLoggerListener.log Server version number: 9.0.98.0
04-Feb-2025 15:26:21.196 INFO [main] org.apache.catalina.startup.VersionLoggerListener.log OS Name:               Windows 10
04-Feb-2025 15:26:21.196 INFO [main] org.apache.catalina.startup.VersionLoggerListener.log OS Version:            10.0
04-Feb-2025 15:26:21.196 INFO [main] org.apache.catalina.startup.VersionLoggerListener.log Architecture:          amd64
04-Feb-2025 15:26:21.196 INFO [main] org.apache.catalina.startup.VersionLoggerListener.log Java Home:             C:\Program Files\Microsoft\jdk-17.0.11.9-hotspot
04-Feb-2025 15:26:21.196 INFO [main] org.apache.catalina.startup.VersionLoggerListener.log JVM Version:           17.0.11+9-LTS
04-Feb-2025 15:26:21.196 INFO [main] org.apache.catalina.startup.VersionLoggerListener.log JVM Vendor:            Microsoft
04-Feb-2025 15:26:21.196 INFO [main] org.apache.catalina.startup.VersionLoggerListener.log CATALINA_BASE:         C:\Users\logyw\OneDrive\Desktop\CSC435WebServices\tomcat
04-Feb-2025 15:26:21.196 INFO [main] org.apache.catalina.startup.VersionLoggerListener.log CATALINA_HOME:         C:\Users\logyw\OneDrive\Desktop\CSC435WebServices\tomcat
04-Feb-2025 15:26:21.202 INFO [main] org.apache.catalina.startup.VersionLoggerListener.log Command line argument: --add-opens=java.base/java.lang=ALL-UNNAMED
04-Feb-2025 15:26:21.203 INFO [main] org.apache.catalina.startup.VersionLoggerListener.log Command line argument: --add-opens=java.base/java.io=ALL-UNNAMED
04-Feb-2025 15:26:21.203 INFO [main] org.apache.catalina.startup.VersionLoggerListener.log Command line argument: --add-opens=java.base/java.util=ALL-UNNAMED
04-Feb-2025 15:26:21.203 INFO [main] org.apache.catalina.startup.VersionLoggerListener.log Command line argument: --add-opens=java.base/java.util.concurrent=ALL-UNNAMED
04-Feb-2025 15:26:21.203 INFO [main] org.apache.catalina.startup.VersionLoggerListener.log Command line argument: --add-opens=java.rmi/sun.rmi.transport=ALL-UNNAMED
04-Feb-2025 15:26:21.203 INFO [main] org.apache.catalina.startup.VersionLoggerListener.log Command line argument: -Djava.util.logging.config.file=C:\Users\logyw\OneDrive\Desktop\CSC435WebServices\tomcat\conf\logging.properties
04-Feb-2025 15:26:21.203 INFO [main] org.apache.catalina.startup.VersionLoggerListener.log Command line argument: -Djava.util.logging.manager=org.apache.juli.ClassLoaderLogManager
04-Feb-2025 15:26:21.204 INFO [main] org.apache.catalina.startup.VersionLoggerListener.log Command line argument: -Djdk.tls.ephemeralDHKeySize=2048
04-Feb-2025 15:26:21.204 INFO [main] org.apache.catalina.startup.VersionLoggerListener.log Command line argument: -Djava.protocol.handler.pkgs=org.apache.catalina.webresources
04-Feb-2025 15:26:21.204 INFO [main] org.apache.catalina.startup.VersionLoggerListener.log Command line argument: -Dignore.endorsed.dirs=
04-Feb-2025 15:26:21.204 INFO [main] org.apache.catalina.startup.VersionLoggerListener.log Command line argument: -Dcatalina.base=C:\Users\logyw\OneDrive\Desktop\CSC435WebServices\tomcat
04-Feb-2025 15:26:21.204 INFO [main] org.apache.catalina.startup.VersionLoggerListener.log Command line argument: -Dcatalina.home=C:\Users\logyw\OneDrive\Desktop\CSC435WebServices\tomcat
04-Feb-2025 15:26:21.205 INFO [main] org.apache.catalina.startup.VersionLoggerListener.log Command line argument: -Djava.io.tmpdir=C:\Users\logyw\OneDrive\Desktop\CSC435WebServices\tomcat\temp
04-Feb-2025 15:26:21.209 INFO [main] org.apache.catalina.core.AprLifecycleListener.lifecycleEvent Loaded Apache Tomcat Native library [1.3.1] using APR version [1.7.4].
04-Feb-2025 15:26:21.209 INFO [main] org.apache.catalina.core.AprLifecycleListener.lifecycleEvent APR capabilities: IPv6 [true], sendfile [true], accept filters [false], random [true], UDS [true].
04-Feb-2025 15:26:21.209 INFO [main] org.apache.catalina.core.AprLifecycleListener.lifecycleEvent APR/OpenSSL configuration: useAprConnector [false], useOpenSSL [true]
04-Feb-2025 15:26:21.214 INFO [main] org.apache.catalina.core.AprLifecycleListener.initializeSSL OpenSSL successfully initialized [OpenSSL 3.0.14 4 Jun 2024]
04-Feb-2025 15:26:21.374 INFO [main] org.apache.coyote.AbstractProtocol.init Initializing ProtocolHandler ["http-nio-9999"]
04-Feb-2025 15:26:21.392 INFO [main] org.apache.catalina.startup.Catalina.load Server initialization in [319] milliseconds
04-Feb-2025 15:26:21.419 INFO [main] org.apache.catalina.core.StandardService.startInternal Starting service [Catalina]
04-Feb-2025 15:26:21.419 INFO [main] org.apache.catalina.core.StandardEngine.startInternal Starting Servlet engine: [Apache Tomcat/9.0.98]
04-Feb-2025 15:26:21.426 INFO [main] org.apache.catalina.startup.HostConfig.deployDirectory Deploying web application directory [C:\Users\logyw\OneDrive\Desktop\CSC435WebServices\tomcat\webapps\docs]
04-Feb-2025 15:26:21.633 INFO [main] org.apache.catalina.startup.HostConfig.deployDirectory Deployment of web application directory [C:\Users\logyw\OneDrive\Desktop\CSC435WebServices\tomcat\webapps\docs] has finished in [206] ms
04-Feb-2025 15:26:21.633 INFO [main] org.apache.catalina.startup.HostConfig.deployDirectory Deploying web application directory [C:\Users\logyw\OneDrive\Desktop\CSC435WebServices\tomcat\webapps\examples]
04-Feb-2025 15:26:22.067 INFO [main] org.apache.catalina.startup.HostConfig.deployDirectory Deployment of web application directory [C:\Users\logyw\OneDrive\Desktop\CSC435WebServices\tomcat\webapps\examples] has finished in [434] ms
04-Feb-2025 15:26:22.067 INFO [main] org.apache.catalina.startup.HostConfig.deployDirectory Deploying web application directory [C:\Users\logyw\OneDrive\Desktop\CSC435WebServices\tomcat\webapps\host-manager]
04-Feb-2025 15:26:22.104 INFO [main] org.apache.catalina.startup.HostConfig.deployDirectory Deployment of web application directory [C:\Users\logyw\OneDrive\Desktop\CSC435WebServices\tomcat\webapps\host-manager] has finished in [37] ms
04-Feb-2025 15:26:22.104 INFO [main] org.apache.catalina.startup.HostConfig.deployDirectory Deploying web application directory [C:\Users\logyw\OneDrive\Desktop\CSC435WebServices\tomcat\webapps\manager]
04-Feb-2025 15:26:22.142 INFO [main] org.apache.catalina.startup.HostConfig.deployDirectory Deployment of web application directory [C:\Users\logyw\OneDrive\Desktop\CSC435WebServices\tomcat\webapps\manager] has finished in [38] ms
04-Feb-2025 15:26:22.142 INFO [main] org.apache.catalina.startup.HostConfig.deployDirectory Deploying web application directory [C:\Users\logyw\OneDrive\Desktop\CSC435WebServices\tomcat\webapps\quote]
04-Feb-2025 15:26:22.185 INFO [main] org.apache.catalina.startup.HostConfig.deployDirectory Deployment of web application directory [C:\Users\logyw\OneDrive\Desktop\CSC435WebServices\tomcat\webapps\quote] has finished in [43] ms
04-Feb-2025 15:26:22.185 INFO [main] org.apache.catalina.startup.HostConfig.deployDirectory Deploying web application directory [C:\Users\logyw\OneDrive\Desktop\CSC435WebServices\tomcat\webapps\ROOT]
04-Feb-2025 15:26:22.212 INFO [main] org.apache.catalina.startup.HostConfig.deployDirectory Deployment of web application directory [C:\Users\logyw\OneDrive\Desktop\CSC435WebServices\tomcat\webapps\ROOT] has finished in [27] ms
04-Feb-2025 15:26:22.215 INFO [main] org.apache.coyote.AbstractProtocol.start Starting ProtocolHandler ["http-nio-9999"]
04-Feb-2025 15:26:22.243 INFO [main] org.apache.catalina.startup.Catalina.start Server startup in [850] milliseconds
04-Feb-2025 15:32:52.801 INFO [main] org.apache.catalina.startup.VersionLoggerListener.log Server version name:   Apache Tomcat/9.0.98
04-Feb-2025 15:32:52.803 INFO [main] org.apache.catalina.startup.VersionLoggerListener.log Server built:          Dec 5 2024 19:50:29 UTC
04-Feb-2025 15:32:52.803 INFO [main] org.apache.catalina.startup.VersionLoggerListener.log Server version number: 9.0.98.0
04-Feb-2025 15:32:52.804 INFO [main] org.apache.catalina.startup.VersionLoggerListener.log OS Name:               Windows 10
04-Feb-2025 15:32:52.804 INFO [main] org.apache.catalina.startup.VersionLoggerListener.log OS Version:            10.0
04-Feb-2025 15:32:52.804 INFO [main] org.apache.catalina.startup.VersionLoggerListener.log Architecture:          amd64
04-Feb-2025 15:32:52.804 INFO [main] org.apache.catalina.startup.VersionLoggerListener.log Java Home:             C:\Program Files\Microsoft\jdk-17.0.11.9-hotspot
04-Feb-2025 15:32:52.804 INFO [main] org.apache.catalina.startup.VersionLoggerListener.log JVM Version:           17.0.11+9-LTS
04-Feb-2025 15:32:52.804 INFO [main] org.apache.catalina.startup.VersionLoggerListener.log JVM Vendor:            Microsoft
04-Feb-2025 15:32:52.804 INFO [main] org.apache.catalina.startup.VersionLoggerListener.log CATALINA_BASE:         C:\Users\logyw\OneDrive\Desktop\CSC435WebServices\tomcat
04-Feb-2025 15:32:52.804 INFO [main] org.apache.catalina.startup.VersionLoggerListener.log CATALINA_HOME:         C:\Users\logyw\OneDrive\Desktop\CSC435WebServices\tomcat
04-Feb-2025 15:32:52.810 INFO [main] org.apache.catalina.startup.VersionLoggerListener.log Command line argument: --add-opens=java.base/java.lang=ALL-UNNAMED
04-Feb-2025 15:32:52.810 INFO [main] org.apache.catalina.startup.VersionLoggerListener.log Command line argument: --add-opens=java.base/java.io=ALL-UNNAMED
04-Feb-2025 15:32:52.810 INFO [main] org.apache.catalina.startup.VersionLoggerListener.log Command line argument: --add-opens=java.base/java.util=ALL-UNNAMED
04-Feb-2025 15:32:52.810 INFO [main] org.apache.catalina.startup.VersionLoggerListener.log Command line argument: --add-opens=java.base/java.util.concurrent=ALL-UNNAMED
04-Feb-2025 15:32:52.811 INFO [main] org.apache.catalina.startup.VersionLoggerListener.log Command line argument: --add-opens=java.rmi/sun.rmi.transport=ALL-UNNAMED
04-Feb-2025 15:32:52.811 INFO [main] org.apache.catalina.startup.VersionLoggerListener.log Command line argument: -Djava.util.logging.config.file=C:\Users\logyw\OneDrive\Desktop\CSC435WebServices\tomcat\conf\logging.properties
04-Feb-2025 15:32:52.811 INFO [main] org.apache.catalina.startup.VersionLoggerListener.log Command line argument: -Djava.util.logging.manager=org.apache.juli.ClassLoaderLogManager
04-Feb-2025 15:32:52.811 INFO [main] org.apache.catalina.startup.VersionLoggerListener.log Command line argument: -Djdk.tls.ephemeralDHKeySize=2048
04-Feb-2025 15:32:52.811 INFO [main] org.apache.catalina.startup.VersionLoggerListener.log Command line argument: -Djava.protocol.handler.pkgs=org.apache.catalina.webresources
04-Feb-2025 15:32:52.812 INFO [main] org.apache.catalina.startup.VersionLoggerListener.log Command line argument: -Dignore.endorsed.dirs=
04-Feb-2025 15:32:52.812 INFO [main] org.apache.catalina.startup.VersionLoggerListener.log Command line argument: -Dcatalina.base=C:\Users\logyw\OneDrive\Desktop\CSC435WebServices\tomcat
04-Feb-2025 15:32:52.812 INFO [main] org.apache.catalina.startup.VersionLoggerListener.log Command line argument: -Dcatalina.home=C:\Users\logyw\OneDrive\Desktop\CSC435WebServices\tomcat
04-Feb-2025 15:32:52.812 INFO [main] org.apache.catalina.startup.VersionLoggerListener.log Command line argument: -Djava.io.tmpdir=C:\Users\logyw\OneDrive\Desktop\CSC435WebServices\tomcat\temp
04-Feb-2025 15:32:52.815 INFO [main] org.apache.catalina.core.AprLifecycleListener.lifecycleEvent Loaded Apache Tomcat Native library [1.3.1] using APR version [1.7.4].
04-Feb-2025 15:32:52.815 INFO [main] org.apache.catalina.core.AprLifecycleListener.lifecycleEvent APR capabilities: IPv6 [true], sendfile [true], accept filters [false], random [true], UDS [true].
04-Feb-2025 15:32:52.815 INFO [main] org.apache.catalina.core.AprLifecycleListener.lifecycleEvent APR/OpenSSL configuration: useAprConnector [false], useOpenSSL [true]
04-Feb-2025 15:32:52.819 INFO [main] org.apache.catalina.core.AprLifecycleListener.initializeSSL OpenSSL successfully initialized [OpenSSL 3.0.14 4 Jun 2024]
04-Feb-2025 15:32:52.974 INFO [main] org.apache.coyote.AbstractProtocol.init Initializing ProtocolHandler ["http-nio-9999"]
04-Feb-2025 15:32:52.984 SEVERE [main] org.apache.catalina.util.LifecycleBase.handleSubClassException Failed to initialize component [Connector["http-nio-9999"]]
	org.apache.catalina.LifecycleException: Protocol handler initialization failed
		at org.apache.catalina.connector.Connector.initInternal(Connector.java:1027)
		at org.apache.catalina.util.LifecycleBase.init(LifecycleBase.java:122)
		at org.apache.catalina.core.StandardService.initInternal(StandardService.java:525)
		at org.apache.catalina.util.LifecycleBase.init(LifecycleBase.java:122)
		at org.apache.catalina.core.StandardServer.initInternal(StandardServer.java:986)
		at org.apache.catalina.util.LifecycleBase.init(LifecycleBase.java:122)
		at org.apache.catalina.startup.Catalina.load(Catalina.java:690)
		at org.apache.catalina.startup.Catalina.load(Catalina.java:713)
		at java.base/jdk.internal.reflect.NativeMethodAccessorImpl.invoke0(Native Method)
		at java.base/jdk.internal.reflect.NativeMethodAccessorImpl.invoke(NativeMethodAccessorImpl.java:77)
		at java.base/jdk.internal.reflect.DelegatingMethodAccessorImpl.invoke(DelegatingMethodAccessorImpl.java:43)
		at java.base/java.lang.reflect.Method.invoke(Method.java:568)
		at org.apache.catalina.startup.Bootstrap.load(Bootstrap.java:302)
		at org.apache.catalina.startup.Bootstrap.main(Bootstrap.java:472)
	Caused by: java.net.BindException: Address already in use: bind
		at java.base/sun.nio.ch.Net.bind0(Native Method)
		at java.base/sun.nio.ch.Net.bind(Net.java:555)
		at java.base/sun.nio.ch.ServerSocketChannelImpl.netBind(ServerSocketChannelImpl.java:337)
		at java.base/sun.nio.ch.ServerSocketChannelImpl.bind(ServerSocketChannelImpl.java:294)
		at org.apache.tomcat.util.net.NioEndpoint.initServerSocket(NioEndpoint.java:268)
		at org.apache.tomcat.util.net.NioEndpoint.bind(NioEndpoint.java:223)
		at org.apache.tomcat.util.net.AbstractEndpoint.bindWithCleanup(AbstractEndpoint.java:1373)
		at org.apache.tomcat.util.net.AbstractEndpoint.init(AbstractEndpoint.java:1386)
		at org.apache.coyote.AbstractProtocol.init(AbstractProtocol.java:663)
		at org.apache.coyote.http11.AbstractHttp11Protocol.init(AbstractHttp11Protocol.java:80)
		at org.apache.catalina.connector.Connector.initInternal(Connector.java:1025)
		... 13 more
04-Feb-2025 15:32:52.985 INFO [main] org.apache.catalina.startup.Catalina.load Server initialization in [291] milliseconds
04-Feb-2025 15:32:53.014 INFO [main] org.apache.catalina.core.StandardService.startInternal Starting service [Catalina]
04-Feb-2025 15:32:53.014 INFO [main] org.apache.catalina.core.StandardEngine.startInternal Starting Servlet engine: [Apache Tomcat/9.0.98]
04-Feb-2025 15:32:53.021 INFO [main] org.apache.catalina.startup.HostConfig.deployDirectory Deploying web application directory [C:\Users\logyw\OneDrive\Desktop\CSC435WebServices\tomcat\webapps\docs]
04-Feb-2025 15:32:53.229 INFO [main] org.apache.catalina.startup.HostConfig.deployDirectory Deployment of web application directory [C:\Users\logyw\OneDrive\Desktop\CSC435WebServices\tomcat\webapps\docs] has finished in [208] ms
04-Feb-2025 15:32:53.229 INFO [main] org.apache.catalina.startup.HostConfig.deployDirectory Deploying web application directory [C:\Users\logyw\OneDrive\Desktop\CSC435WebServices\tomcat\webapps\examples]
04-Feb-2025 15:32:53.467 INFO [Catalina-utility-2] org.apache.catalina.core.StandardContext.reload Reloading Context with name [/quote] has started
04-Feb-2025 15:32:53.514 INFO [Catalina-utility-2] org.apache.catalina.core.StandardContext.reload Reloading Context with name [/quote] is completed
04-Feb-2025 15:32:53.673 INFO [main] org.apache.catalina.startup.HostConfig.deployDirectory Deployment of web application directory [C:\Users\logyw\OneDrive\Desktop\CSC435WebServices\tomcat\webapps\examples] has finished in [443] ms
04-Feb-2025 15:32:53.673 INFO [main] org.apache.catalina.startup.HostConfig.deployDirectory Deploying web application directory [C:\Users\logyw\OneDrive\Desktop\CSC435WebServices\tomcat\webapps\host-manager]
04-Feb-2025 15:32:53.711 INFO [main] org.apache.catalina.startup.HostConfig.deployDirectory Deployment of web application directory [C:\Users\logyw\OneDrive\Desktop\CSC435WebServices\tomcat\webapps\host-manager] has finished in [37] ms
04-Feb-2025 15:32:53.711 INFO [main] org.apache.catalina.startup.HostConfig.deployDirectory Deploying web application directory [C:\Users\logyw\OneDrive\Desktop\CSC435WebServices\tomcat\webapps\manager]
04-Feb-2025 15:32:53.749 INFO [main] org.apache.catalina.startup.HostConfig.deployDirectory Deployment of web application directory [C:\Users\logyw\OneDrive\Desktop\CSC435WebServices\tomcat\webapps\manager] has finished in [38] ms
04-Feb-2025 15:32:53.750 INFO [main] org.apache.catalina.startup.HostConfig.deployDirectory Deploying web application directory [C:\Users\logyw\OneDrive\Desktop\CSC435WebServices\tomcat\webapps\quote]
04-Feb-2025 15:32:53.793 INFO [main] org.apache.catalina.startup.HostConfig.deployDirectory Deployment of web application directory [C:\Users\logyw\OneDrive\Desktop\CSC435WebServices\tomcat\webapps\quote] has finished in [43] ms
04-Feb-2025 15:32:53.793 INFO [main] org.apache.catalina.startup.HostConfig.deployDirectory Deploying web application directory [C:\Users\logyw\OneDrive\Desktop\CSC435WebServices\tomcat\webapps\ROOT]
04-Feb-2025 15:32:53.818 INFO [main] org.apache.catalina.startup.HostConfig.deployDirectory Deployment of web application directory [C:\Users\logyw\OneDrive\Desktop\CSC435WebServices\tomcat\webapps\ROOT] has finished in [25] ms
04-Feb-2025 15:32:53.822 INFO [main] org.apache.catalina.startup.Catalina.start Server startup in [837] milliseconds
04-Feb-2025 15:32:53.826 SEVERE [main] org.apache.catalina.core.StandardServer.await Failed to create server shutdown socket on address [localhost] and port [8005] (base port [8005] and offset [0])
	java.net.BindException: Address already in use: bind
		at java.base/sun.nio.ch.Net.bind0(Native Method)
		at java.base/sun.nio.ch.Net.bind(Net.java:555)
		at java.base/sun.nio.ch.Net.bind(Net.java:544)
		at java.base/sun.nio.ch.NioSocketImpl.bind(NioSocketImpl.java:648)
		at java.base/java.net.ServerSocket.bind(ServerSocket.java:388)
		at java.base/java.net.ServerSocket.<init>(ServerSocket.java:274)
		at org.apache.catalina.core.StandardServer.await(StandardServer.java:537)
		at org.apache.catalina.startup.Catalina.await(Catalina.java:829)
		at org.apache.catalina.startup.Catalina.start(Catalina.java:777)
		at java.base/jdk.internal.reflect.NativeMethodAccessorImpl.invoke0(Native Method)
		at java.base/jdk.internal.reflect.NativeMethodAccessorImpl.invoke(NativeMethodAccessorImpl.java:77)
		at java.base/jdk.internal.reflect.DelegatingMethodAccessorImpl.invoke(DelegatingMethodAccessorImpl.java:43)
		at java.base/java.lang.reflect.Method.invoke(Method.java:568)
		at org.apache.catalina.startup.Bootstrap.start(Bootstrap.java:345)
		at org.apache.catalina.startup.Bootstrap.main(Bootstrap.java:473)
04-Feb-2025 15:32:53.827 INFO [main] org.apache.coyote.AbstractProtocol.pause Pausing ProtocolHandler ["http-nio-9999"]
04-Feb-2025 15:32:53.827 INFO [main] org.apache.catalina.core.StandardService.stopInternal Stopping service [Catalina]
04-Feb-2025 15:32:53.841 INFO [main] org.apache.coyote.AbstractProtocol.stop Stopping ProtocolHandler ["http-nio-9999"]
04-Feb-2025 15:32:53.842 INFO [main] org.apache.coyote.AbstractProtocol.destroy Destroying ProtocolHandler ["http-nio-9999"]
04-Feb-2025 15:45:49.610 INFO [main] org.apache.catalina.startup.VersionLoggerListener.log Server version name:   Apache Tomcat/9.0.98
04-Feb-2025 15:45:49.612 INFO [main] org.apache.catalina.startup.VersionLoggerListener.log Server built:          Dec 5 2024 19:50:29 UTC
04-Feb-2025 15:45:49.612 INFO [main] org.apache.catalina.startup.VersionLoggerListener.log Server version number: 9.0.98.0
04-Feb-2025 15:45:49.612 INFO [main] org.apache.catalina.startup.VersionLoggerListener.log OS Name:               Windows 10
04-Feb-2025 15:45:49.613 INFO [main] org.apache.catalina.startup.VersionLoggerListener.log OS Version:            10.0
04-Feb-2025 15:45:49.613 INFO [main] org.apache.catalina.startup.VersionLoggerListener.log Architecture:          amd64
04-Feb-2025 15:45:49.613 INFO [main] org.apache.catalina.startup.VersionLoggerListener.log Java Home:             C:\Program Files\Microsoft\jdk-17.0.11.9-hotspot
04-Feb-2025 15:45:49.613 INFO [main] org.apache.catalina.startup.VersionLoggerListener.log JVM Version:           17.0.11+9-LTS
04-Feb-2025 15:45:49.613 INFO [main] org.apache.catalina.startup.VersionLoggerListener.log JVM Vendor:            Microsoft
04-Feb-2025 15:45:49.613 INFO [main] org.apache.catalina.startup.VersionLoggerListener.log CATALINA_BASE:         C:\Users\logyw\OneDrive\Desktop\CSC435WebServices\tomcat
04-Feb-2025 15:45:49.613 INFO [main] org.apache.catalina.startup.VersionLoggerListener.log CATALINA_HOME:         C:\Users\logyw\OneDrive\Desktop\CSC435WebServices\tomcat
04-Feb-2025 15:45:49.620 INFO [main] org.apache.catalina.startup.VersionLoggerListener.log Command line argument: --add-opens=java.base/java.lang=ALL-UNNAMED
04-Feb-2025 15:45:49.620 INFO [main] org.apache.catalina.startup.VersionLoggerListener.log Command line argument: --add-opens=java.base/java.io=ALL-UNNAMED
04-Feb-2025 15:45:49.620 INFO [main] org.apache.catalina.startup.VersionLoggerListener.log Command line argument: --add-opens=java.base/java.util=ALL-UNNAMED
04-Feb-2025 15:45:49.620 INFO [main] org.apache.catalina.startup.VersionLoggerListener.log Command line argument: --add-opens=java.base/java.util.concurrent=ALL-UNNAMED
04-Feb-2025 15:45:49.620 INFO [main] org.apache.catalina.startup.VersionLoggerListener.log Command line argument: --add-opens=java.rmi/sun.rmi.transport=ALL-UNNAMED
04-Feb-2025 15:45:49.620 INFO [main] org.apache.catalina.startup.VersionLoggerListener.log Command line argument: -Djava.util.logging.config.file=C:\Users\logyw\OneDrive\Desktop\CSC435WebServices\tomcat\conf\logging.properties
04-Feb-2025 15:45:49.621 INFO [main] org.apache.catalina.startup.VersionLoggerListener.log Command line argument: -Djava.util.logging.manager=org.apache.juli.ClassLoaderLogManager
04-Feb-2025 15:45:49.621 INFO [main] org.apache.catalina.startup.VersionLoggerListener.log Command line argument: -Djdk.tls.ephemeralDHKeySize=2048
04-Feb-2025 15:45:49.621 INFO [main] org.apache.catalina.startup.VersionLoggerListener.log Command line argument: -Djava.protocol.handler.pkgs=org.apache.catalina.webresources
04-Feb-2025 15:45:49.621 INFO [main] org.apache.catalina.startup.VersionLoggerListener.log Command line argument: -Dignore.endorsed.dirs=
04-Feb-2025 15:45:49.621 INFO [main] org.apache.catalina.startup.VersionLoggerListener.log Command line argument: -Dcatalina.base=C:\Users\logyw\OneDrive\Desktop\CSC435WebServices\tomcat
04-Feb-2025 15:45:49.622 INFO [main] org.apache.catalina.startup.VersionLoggerListener.log Command line argument: -Dcatalina.home=C:\Users\logyw\OneDrive\Desktop\CSC435WebServices\tomcat
04-Feb-2025 15:45:49.622 INFO [main] org.apache.catalina.startup.VersionLoggerListener.log Command line argument: -Djava.io.tmpdir=C:\Users\logyw\OneDrive\Desktop\CSC435WebServices\tomcat\temp
04-Feb-2025 15:45:49.624 INFO [main] org.apache.catalina.core.AprLifecycleListener.lifecycleEvent Loaded Apache Tomcat Native library [1.3.1] using APR version [1.7.4].
04-Feb-2025 15:45:49.624 INFO [main] org.apache.catalina.core.AprLifecycleListener.lifecycleEvent APR capabilities: IPv6 [true], sendfile [true], accept filters [false], random [true], UDS [true].
04-Feb-2025 15:45:49.625 INFO [main] org.apache.catalina.core.AprLifecycleListener.lifecycleEvent APR/OpenSSL configuration: useAprConnector [false], useOpenSSL [true]
04-Feb-2025 15:45:49.628 INFO [main] org.apache.catalina.core.AprLifecycleListener.initializeSSL OpenSSL successfully initialized [OpenSSL 3.0.14 4 Jun 2024]
04-Feb-2025 15:45:49.782 INFO [main] org.apache.coyote.AbstractProtocol.init Initializing ProtocolHandler ["http-nio-9999"]
04-Feb-2025 15:45:49.799 INFO [main] org.apache.catalina.startup.Catalina.load Server initialization in [295] milliseconds
04-Feb-2025 15:45:49.826 INFO [main] org.apache.catalina.core.StandardService.startInternal Starting service [Catalina]
04-Feb-2025 15:45:49.826 INFO [main] org.apache.catalina.core.StandardEngine.startInternal Starting Servlet engine: [Apache Tomcat/9.0.98]
04-Feb-2025 15:45:49.834 INFO [main] org.apache.catalina.startup.HostConfig.deployDirectory Deploying web application directory [C:\Users\logyw\OneDrive\Desktop\CSC435WebServices\tomcat\webapps\docs]
04-Feb-2025 15:45:50.039 INFO [main] org.apache.catalina.startup.HostConfig.deployDirectory Deployment of web application directory [C:\Users\logyw\OneDrive\Desktop\CSC435WebServices\tomcat\webapps\docs] has finished in [205] ms
04-Feb-2025 15:45:50.040 INFO [main] org.apache.catalina.startup.HostConfig.deployDirectory Deploying web application directory [C:\Users\logyw\OneDrive\Desktop\CSC435WebServices\tomcat\webapps\examples]
04-Feb-2025 15:45:50.465 INFO [main] org.apache.catalina.startup.HostConfig.deployDirectory Deployment of web application directory [C:\Users\logyw\OneDrive\Desktop\CSC435WebServices\tomcat\webapps\examples] has finished in [425] ms
04-Feb-2025 15:45:50.466 INFO [main] org.apache.catalina.startup.HostConfig.deployDirectory Deploying web application directory [C:\Users\logyw\OneDrive\Desktop\CSC435WebServices\tomcat\webapps\host-manager]
04-Feb-2025 15:45:50.506 INFO [main] org.apache.catalina.startup.HostConfig.deployDirectory Deployment of web application directory [C:\Users\logyw\OneDrive\Desktop\CSC435WebServices\tomcat\webapps\host-manager] has finished in [40] ms
04-Feb-2025 15:45:50.506 INFO [main] org.apache.catalina.startup.HostConfig.deployDirectory Deploying web application directory [C:\Users\logyw\OneDrive\Desktop\CSC435WebServices\tomcat\webapps\manager]
04-Feb-2025 15:45:50.551 INFO [main] org.apache.catalina.startup.HostConfig.deployDirectory Deployment of web application directory [C:\Users\logyw\OneDrive\Desktop\CSC435WebServices\tomcat\webapps\manager] has finished in [44] ms
04-Feb-2025 15:45:50.551 INFO [main] org.apache.catalina.startup.HostConfig.deployDirectory Deploying web application directory [C:\Users\logyw\OneDrive\Desktop\CSC435WebServices\tomcat\webapps\quote]
04-Feb-2025 15:45:50.597 INFO [main] org.apache.catalina.startup.HostConfig.deployDirectory Deployment of web application directory [C:\Users\logyw\OneDrive\Desktop\CSC435WebServices\tomcat\webapps\quote] has finished in [46] ms
04-Feb-2025 15:45:50.597 INFO [main] org.apache.catalina.startup.HostConfig.deployDirectory Deploying web application directory [C:\Users\logyw\OneDrive\Desktop\CSC435WebServices\tomcat\webapps\ROOT]
04-Feb-2025 15:45:50.624 INFO [main] org.apache.catalina.startup.HostConfig.deployDirectory Deployment of web application directory [C:\Users\logyw\OneDrive\Desktop\CSC435WebServices\tomcat\webapps\ROOT] has finished in [27] ms
04-Feb-2025 15:45:50.627 INFO [main] org.apache.coyote.AbstractProtocol.start Starting ProtocolHandler ["http-nio-9999"]
04-Feb-2025 15:45:50.656 INFO [main] org.apache.catalina.startup.Catalina.start Server startup in [856] milliseconds
04-Feb-2025 15:47:40.145 INFO [main] org.apache.catalina.startup.VersionLoggerListener.log Server version name:   Apache Tomcat/9.0.98
04-Feb-2025 15:47:40.147 INFO [main] org.apache.catalina.startup.VersionLoggerListener.log Server built:          Dec 5 2024 19:50:29 UTC
04-Feb-2025 15:47:40.147 INFO [main] org.apache.catalina.startup.VersionLoggerListener.log Server version number: 9.0.98.0
04-Feb-2025 15:47:40.147 INFO [main] org.apache.catalina.startup.VersionLoggerListener.log OS Name:               Windows 10
04-Feb-2025 15:47:40.147 INFO [main] org.apache.catalina.startup.VersionLoggerListener.log OS Version:            10.0
04-Feb-2025 15:47:40.147 INFO [main] org.apache.catalina.startup.VersionLoggerListener.log Architecture:          amd64
04-Feb-2025 15:47:40.147 INFO [main] org.apache.catalina.startup.VersionLoggerListener.log Java Home:             C:\Program Files\Microsoft\jdk-17.0.11.9-hotspot
04-Feb-2025 15:47:40.147 INFO [main] org.apache.catalina.startup.VersionLoggerListener.log JVM Version:           17.0.11+9-LTS
04-Feb-2025 15:47:40.148 INFO [main] org.apache.catalina.startup.VersionLoggerListener.log JVM Vendor:            Microsoft
04-Feb-2025 15:47:40.148 INFO [main] org.apache.catalina.startup.VersionLoggerListener.log CATALINA_BASE:         C:\Users\logyw\OneDrive\Desktop\CSC435WebServices\tomcat
04-Feb-2025 15:47:40.148 INFO [main] org.apache.catalina.startup.VersionLoggerListener.log CATALINA_HOME:         C:\Users\logyw\OneDrive\Desktop\CSC435WebServices\tomcat
04-Feb-2025 15:47:40.154 INFO [main] org.apache.catalina.startup.VersionLoggerListener.log Command line argument: --add-opens=java.base/java.lang=ALL-UNNAMED
04-Feb-2025 15:47:40.154 INFO [main] org.apache.catalina.startup.VersionLoggerListener.log Command line argument: --add-opens=java.base/java.io=ALL-UNNAMED
04-Feb-2025 15:47:40.155 INFO [main] org.apache.catalina.startup.VersionLoggerListener.log Command line argument: --add-opens=java.base/java.util=ALL-UNNAMED
04-Feb-2025 15:47:40.155 INFO [main] org.apache.catalina.startup.VersionLoggerListener.log Command line argument: --add-opens=java.base/java.util.concurrent=ALL-UNNAMED
04-Feb-2025 15:47:40.155 INFO [main] org.apache.catalina.startup.VersionLoggerListener.log Command line argument: --add-opens=java.rmi/sun.rmi.transport=ALL-UNNAMED
04-Feb-2025 15:47:40.155 INFO [main] org.apache.catalina.startup.VersionLoggerListener.log Command line argument: -Djava.util.logging.config.file=C:\Users\logyw\OneDrive\Desktop\CSC435WebServices\tomcat\conf\logging.properties
04-Feb-2025 15:47:40.155 INFO [main] org.apache.catalina.startup.VersionLoggerListener.log Command line argument: -Djava.util.logging.manager=org.apache.juli.ClassLoaderLogManager
04-Feb-2025 15:47:40.156 INFO [main] org.apache.catalina.startup.VersionLoggerListener.log Command line argument: -Djdk.tls.ephemeralDHKeySize=2048
04-Feb-2025 15:47:40.156 INFO [main] org.apache.catalina.startup.VersionLoggerListener.log Command line argument: -Djava.protocol.handler.pkgs=org.apache.catalina.webresources
04-Feb-2025 15:47:40.156 INFO [main] org.apache.catalina.startup.VersionLoggerListener.log Command line argument: -Dignore.endorsed.dirs=
04-Feb-2025 15:47:40.156 INFO [main] org.apache.catalina.startup.VersionLoggerListener.log Command line argument: -Dcatalina.base=C:\Users\logyw\OneDrive\Desktop\CSC435WebServices\tomcat
04-Feb-2025 15:47:40.157 INFO [main] org.apache.catalina.startup.VersionLoggerListener.log Command line argument: -Dcatalina.home=C:\Users\logyw\OneDrive\Desktop\CSC435WebServices\tomcat
04-Feb-2025 15:47:40.158 INFO [main] org.apache.catalina.startup.VersionLoggerListener.log Command line argument: -Djava.io.tmpdir=C:\Users\logyw\OneDrive\Desktop\CSC435WebServices\tomcat\temp
04-Feb-2025 15:47:40.161 INFO [main] org.apache.catalina.core.AprLifecycleListener.lifecycleEvent Loaded Apache Tomcat Native library [1.3.1] using APR version [1.7.4].
04-Feb-2025 15:47:40.161 INFO [main] org.apache.catalina.core.AprLifecycleListener.lifecycleEvent APR capabilities: IPv6 [true], sendfile [true], accept filters [false], random [true], UDS [true].
04-Feb-2025 15:47:40.161 INFO [main] org.apache.catalina.core.AprLifecycleListener.lifecycleEvent APR/OpenSSL configuration: useAprConnector [false], useOpenSSL [true]
04-Feb-2025 15:47:40.165 INFO [main] org.apache.catalina.core.AprLifecycleListener.initializeSSL OpenSSL successfully initialized [OpenSSL 3.0.14 4 Jun 2024]
04-Feb-2025 15:47:40.328 INFO [main] org.apache.coyote.AbstractProtocol.init Initializing ProtocolHandler ["http-nio-9999"]
04-Feb-2025 15:47:40.345 INFO [main] org.apache.catalina.startup.Catalina.load Server initialization in [308] milliseconds
04-Feb-2025 15:47:40.374 INFO [main] org.apache.catalina.core.StandardService.startInternal Starting service [Catalina]
04-Feb-2025 15:47:40.375 INFO [main] org.apache.catalina.core.StandardEngine.startInternal Starting Servlet engine: [Apache Tomcat/9.0.98]
04-Feb-2025 15:47:40.382 INFO [main] org.apache.catalina.startup.HostConfig.deployDirectory Deploying web application directory [C:\Users\logyw\OneDrive\Desktop\CSC435WebServices\tomcat\webapps\docs]
04-Feb-2025 15:47:40.588 INFO [main] org.apache.catalina.startup.HostConfig.deployDirectory Deployment of web application directory [C:\Users\logyw\OneDrive\Desktop\CSC435WebServices\tomcat\webapps\docs] has finished in [205] ms
04-Feb-2025 15:47:40.588 INFO [main] org.apache.catalina.startup.HostConfig.deployDirectory Deploying web application directory [C:\Users\logyw\OneDrive\Desktop\CSC435WebServices\tomcat\webapps\examples]
04-Feb-2025 15:47:41.008 INFO [main] org.apache.catalina.startup.HostConfig.deployDirectory Deployment of web application directory [C:\Users\logyw\OneDrive\Desktop\CSC435WebServices\tomcat\webapps\examples] has finished in [420] ms
04-Feb-2025 15:47:41.009 INFO [main] org.apache.catalina.startup.HostConfig.deployDirectory Deploying web application directory [C:\Users\logyw\OneDrive\Desktop\CSC435WebServices\tomcat\webapps\host-manager]
04-Feb-2025 15:47:41.045 INFO [main] org.apache.catalina.startup.HostConfig.deployDirectory Deployment of web application directory [C:\Users\logyw\OneDrive\Desktop\CSC435WebServices\tomcat\webapps\host-manager] has finished in [37] ms
04-Feb-2025 15:47:41.045 INFO [main] org.apache.catalina.startup.HostConfig.deployDirectory Deploying web application directory [C:\Users\logyw\OneDrive\Desktop\CSC435WebServices\tomcat\webapps\manager]
04-Feb-2025 15:47:41.085 INFO [main] org.apache.catalina.startup.HostConfig.deployDirectory Deployment of web application directory [C:\Users\logyw\OneDrive\Desktop\CSC435WebServices\tomcat\webapps\manager] has finished in [40] ms
04-Feb-2025 15:47:41.085 INFO [main] org.apache.catalina.startup.HostConfig.deployDirectory Deploying web application directory [C:\Users\logyw\OneDrive\Desktop\CSC435WebServices\tomcat\webapps\quote]
04-Feb-2025 15:47:41.131 INFO [main] org.apache.catalina.startup.HostConfig.deployDirectory Deployment of web application directory [C:\Users\logyw\OneDrive\Desktop\CSC435WebServices\tomcat\webapps\quote] has finished in [46] ms
04-Feb-2025 15:47:41.132 INFO [main] org.apache.catalina.startup.HostConfig.deployDirectory Deploying web application directory [C:\Users\logyw\OneDrive\Desktop\CSC435WebServices\tomcat\webapps\ROOT]
04-Feb-2025 15:47:41.160 INFO [main] org.apache.catalina.startup.HostConfig.deployDirectory Deployment of web application directory [C:\Users\logyw\OneDrive\Desktop\CSC435WebServices\tomcat\webapps\ROOT] has finished in [28] ms
04-Feb-2025 15:47:41.163 INFO [main] org.apache.coyote.AbstractProtocol.start Starting ProtocolHandler ["http-nio-9999"]
04-Feb-2025 15:47:41.193 INFO [main] org.apache.catalina.startup.Catalina.start Server startup in [848] milliseconds
