29-Jan-2025 10:24:17.180 INFO [main] org.apache.catalina.startup.VersionLoggerListener.log Server version name:   Apache Tomcat/9.0.98
29-Jan-2025 10:24:17.183 INFO [main] org.apache.catalina.startup.VersionLoggerListener.log Server built:          Dec 5 2024 19:50:29 UTC
29-Jan-2025 10:24:17.183 INFO [main] org.apache.catalina.startup.VersionLoggerListener.log Server version number: 9.0.98.0
29-Jan-2025 10:24:17.183 INFO [main] org.apache.catalina.startup.VersionLoggerListener.log OS Name:               Windows 10
29-Jan-2025 10:24:17.183 INFO [main] org.apache.catalina.startup.VersionLoggerListener.log OS Version:            10.0
29-Jan-2025 10:24:17.184 INFO [main] org.apache.catalina.startup.VersionLoggerListener.log Architecture:          amd64
29-Jan-2025 10:24:17.184 INFO [main] org.apache.catalina.startup.VersionLoggerListener.log Java Home:             C:\Program Files\Microsoft\jdk-17.0.11.9-hotspot
29-Jan-2025 10:24:17.184 INFO [main] org.apache.catalina.startup.VersionLoggerListener.log JVM Version:           17.0.11+9-LTS
29-Jan-2025 10:24:17.184 INFO [main] org.apache.catalina.startup.VersionLoggerListener.log JVM Vendor:            Microsoft
29-Jan-2025 10:24:17.184 INFO [main] org.apache.catalina.startup.VersionLoggerListener.log CATALINA_BASE:         C:\Users\logyw\OneDrive\Desktop\CSC435 Web Services\tomcat
29-Jan-2025 10:24:17.184 INFO [main] org.apache.catalina.startup.VersionLoggerListener.log CATALINA_HOME:         C:\Users\logyw\OneDrive\Desktop\CSC435 Web Services\tomcat
29-Jan-2025 10:24:17.195 INFO [main] org.apache.catalina.startup.VersionLoggerListener.log Command line argument: --add-opens=java.base/java.lang=ALL-UNNAMED
29-Jan-2025 10:24:17.195 INFO [main] org.apache.catalina.startup.VersionLoggerListener.log Command line argument: --add-opens=java.base/java.io=ALL-UNNAMED
29-Jan-2025 10:24:17.195 INFO [main] org.apache.catalina.startup.VersionLoggerListener.log Command line argument: --add-opens=java.base/java.util=ALL-UNNAMED
29-Jan-2025 10:24:17.195 INFO [main] org.apache.catalina.startup.VersionLoggerListener.log Command line argument: --add-opens=java.base/java.util.concurrent=ALL-UNNAMED
29-Jan-2025 10:24:17.195 INFO [main] org.apache.catalina.startup.VersionLoggerListener.log Command line argument: --add-opens=java.rmi/sun.rmi.transport=ALL-UNNAMED
29-Jan-2025 10:24:17.195 INFO [main] org.apache.catalina.startup.VersionLoggerListener.log Command line argument: -Djava.util.logging.config.file=C:\Users\logyw\OneDrive\Desktop\CSC435 Web Services\tomcat\conf\logging.properties
29-Jan-2025 10:24:17.196 INFO [main] org.apache.catalina.startup.VersionLoggerListener.log Command line argument: -Djava.util.logging.manager=org.apache.juli.ClassLoaderLogManager
29-Jan-2025 10:24:17.196 INFO [main] org.apache.catalina.startup.VersionLoggerListener.log Command line argument: -Djdk.tls.ephemeralDHKeySize=2048
29-Jan-2025 10:24:17.196 INFO [main] org.apache.catalina.startup.VersionLoggerListener.log Command line argument: -Djava.protocol.handler.pkgs=org.apache.catalina.webresources
29-Jan-2025 10:24:17.196 INFO [main] org.apache.catalina.startup.VersionLoggerListener.log Command line argument: -Dignore.endorsed.dirs=
29-Jan-2025 10:24:17.196 INFO [main] org.apache.catalina.startup.VersionLoggerListener.log Command line argument: -Dcatalina.base=C:\Users\logyw\OneDrive\Desktop\CSC435 Web Services\tomcat
29-Jan-2025 10:24:17.196 INFO [main] org.apache.catalina.startup.VersionLoggerListener.log Command line argument: -Dcatalina.home=C:\Users\logyw\OneDrive\Desktop\CSC435 Web Services\tomcat
29-Jan-2025 10:24:17.197 INFO [main] org.apache.catalina.startup.VersionLoggerListener.log Command line argument: -Djava.io.tmpdir=C:\Users\logyw\OneDrive\Desktop\CSC435 Web Services\tomcat\temp
29-Jan-2025 10:24:17.200 INFO [main] org.apache.catalina.core.AprLifecycleListener.lifecycleEvent Loaded Apache Tomcat Native library [1.3.1] using APR version [1.7.4].
29-Jan-2025 10:24:17.200 INFO [main] org.apache.catalina.core.AprLifecycleListener.lifecycleEvent APR capabilities: IPv6 [true], sendfile [true], accept filters [false], random [true], UDS [true].
29-Jan-2025 10:24:17.200 INFO [main] org.apache.catalina.core.AprLifecycleListener.lifecycleEvent APR/OpenSSL configuration: useAprConnector [false], useOpenSSL [true]
29-Jan-2025 10:24:17.205 INFO [main] org.apache.catalina.core.AprLifecycleListener.initializeSSL OpenSSL successfully initialized [OpenSSL 3.0.14 4 Jun 2024]
29-Jan-2025 10:24:17.383 INFO [main] org.apache.coyote.AbstractProtocol.init Initializing ProtocolHandler ["http-nio-9999"]
29-Jan-2025 10:24:17.402 INFO [main] org.apache.catalina.startup.Catalina.load Server initialization in [348] milliseconds
29-Jan-2025 10:24:17.433 INFO [main] org.apache.catalina.core.StandardService.startInternal Starting service [Catalina]
29-Jan-2025 10:24:17.433 INFO [main] org.apache.catalina.core.StandardEngine.startInternal Starting Servlet engine: [Apache Tomcat/9.0.98]
29-Jan-2025 10:24:17.440 INFO [main] org.apache.catalina.startup.HostConfig.deployDirectory Deploying web application directory [C:\Users\logyw\OneDrive\Desktop\CSC435 Web Services\tomcat\webapps\docs]
29-Jan-2025 10:24:17.675 INFO [main] org.apache.catalina.startup.HostConfig.deployDirectory Deployment of web application directory [C:\Users\logyw\OneDrive\Desktop\CSC435 Web Services\tomcat\webapps\docs] has finished in [234] ms
29-Jan-2025 10:24:17.675 INFO [main] org.apache.catalina.startup.HostConfig.deployDirectory Deploying web application directory [C:\Users\logyw\OneDrive\Desktop\CSC435 Web Services\tomcat\webapps\examples]
29-Jan-2025 10:24:18.115 INFO [main] org.apache.catalina.startup.HostConfig.deployDirectory Deployment of web application directory [C:\Users\logyw\OneDrive\Desktop\CSC435 Web Services\tomcat\webapps\examples] has finished in [440] ms
29-Jan-2025 10:24:18.115 INFO [main] org.apache.catalina.startup.HostConfig.deployDirectory Deploying web application directory [C:\Users\logyw\OneDrive\Desktop\CSC435 Web Services\tomcat\webapps\host-manager]
29-Jan-2025 10:24:18.163 INFO [main] org.apache.catalina.startup.HostConfig.deployDirectory Deployment of web application directory [C:\Users\logyw\OneDrive\Desktop\CSC435 Web Services\tomcat\webapps\host-manager] has finished in [48] ms
29-Jan-2025 10:24:18.164 INFO [main] org.apache.catalina.startup.HostConfig.deployDirectory Deploying web application directory [C:\Users\logyw\OneDrive\Desktop\CSC435 Web Services\tomcat\webapps\manager]
29-Jan-2025 10:24:18.210 INFO [main] org.apache.catalina.startup.HostConfig.deployDirectory Deployment of web application directory [C:\Users\logyw\OneDrive\Desktop\CSC435 Web Services\tomcat\webapps\manager] has finished in [46] ms
29-Jan-2025 10:24:18.210 INFO [main] org.apache.catalina.startup.HostConfig.deployDirectory Deploying web application directory [C:\Users\logyw\OneDrive\Desktop\CSC435 Web Services\tomcat\webapps\ROOT]
29-Jan-2025 10:24:18.239 INFO [main] org.apache.catalina.startup.HostConfig.deployDirectory Deployment of web application directory [C:\Users\logyw\OneDrive\Desktop\CSC435 Web Services\tomcat\webapps\ROOT] has finished in [29] ms
29-Jan-2025 10:24:18.242 INFO [main] org.apache.coyote.AbstractProtocol.start Starting ProtocolHandler ["http-nio-9999"]
29-Jan-2025 10:24:18.275 INFO [main] org.apache.catalina.startup.Catalina.start Server startup in [872] milliseconds
29-Jan-2025 10:25:20.977 INFO [main] org.apache.catalina.core.StandardServer.await A valid shutdown command was received via the shutdown port. Stopping the Server instance.
29-Jan-2025 10:25:24.393 INFO [main] org.apache.coyote.AbstractProtocol.pause Pausing ProtocolHandler ["http-nio-9999"]
29-Jan-2025 10:25:24.493 INFO [main] org.apache.catalina.core.StandardService.stopInternal Stopping service [Catalina]
29-Jan-2025 10:25:24.506 INFO [main] org.apache.coyote.AbstractProtocol.stop Stopping ProtocolHandler ["http-nio-9999"]
29-Jan-2025 10:25:24.519 INFO [main] org.apache.coyote.AbstractProtocol.destroy Destroying ProtocolHandler ["http-nio-9999"]
29-Jan-2025 10:26:59.778 INFO [main] org.apache.catalina.startup.VersionLoggerListener.log Server version name:   Apache Tomcat/9.0.98
29-Jan-2025 10:26:59.780 INFO [main] org.apache.catalina.startup.VersionLoggerListener.log Server built:          Dec 5 2024 19:50:29 UTC
29-Jan-2025 10:26:59.780 INFO [main] org.apache.catalina.startup.VersionLoggerListener.log Server version number: 9.0.98.0
29-Jan-2025 10:26:59.780 INFO [main] org.apache.catalina.startup.VersionLoggerListener.log OS Name:               Windows 10
29-Jan-2025 10:26:59.780 INFO [main] org.apache.catalina.startup.VersionLoggerListener.log OS Version:            10.0
29-Jan-2025 10:26:59.780 INFO [main] org.apache.catalina.startup.VersionLoggerListener.log Architecture:          amd64
29-Jan-2025 10:26:59.780 INFO [main] org.apache.catalina.startup.VersionLoggerListener.log Java Home:             C:\Program Files\Microsoft\jdk-17.0.11.9-hotspot
29-Jan-2025 10:26:59.781 INFO [main] org.apache.catalina.startup.VersionLoggerListener.log JVM Version:           17.0.11+9-LTS
29-Jan-2025 10:26:59.781 INFO [main] org.apache.catalina.startup.VersionLoggerListener.log JVM Vendor:            Microsoft
29-Jan-2025 10:26:59.781 INFO [main] org.apache.catalina.startup.VersionLoggerListener.log CATALINA_BASE:         C:\Users\logyw\OneDrive\Desktop\CSC435 Web Services\tomcat
29-Jan-2025 10:26:59.781 INFO [main] org.apache.catalina.startup.VersionLoggerListener.log CATALINA_HOME:         C:\Users\logyw\OneDrive\Desktop\CSC435 Web Services\tomcat
29-Jan-2025 10:26:59.787 INFO [main] org.apache.catalina.startup.VersionLoggerListener.log Command line argument: --add-opens=java.base/java.lang=ALL-UNNAMED
29-Jan-2025 10:26:59.787 INFO [main] org.apache.catalina.startup.VersionLoggerListener.log Command line argument: --add-opens=java.base/java.io=ALL-UNNAMED
29-Jan-2025 10:26:59.787 INFO [main] org.apache.catalina.startup.VersionLoggerListener.log Command line argument: --add-opens=java.base/java.util=ALL-UNNAMED
29-Jan-2025 10:26:59.787 INFO [main] org.apache.catalina.startup.VersionLoggerListener.log Command line argument: --add-opens=java.base/java.util.concurrent=ALL-UNNAMED
29-Jan-2025 10:26:59.787 INFO [main] org.apache.catalina.startup.VersionLoggerListener.log Command line argument: --add-opens=java.rmi/sun.rmi.transport=ALL-UNNAMED
29-Jan-2025 10:26:59.788 INFO [main] org.apache.catalina.startup.VersionLoggerListener.log Command line argument: -Djava.util.logging.config.file=C:\Users\logyw\OneDrive\Desktop\CSC435 Web Services\tomcat\conf\logging.properties
29-Jan-2025 10:26:59.788 INFO [main] org.apache.catalina.startup.VersionLoggerListener.log Command line argument: -Djava.util.logging.manager=org.apache.juli.ClassLoaderLogManager
29-Jan-2025 10:26:59.788 INFO [main] org.apache.catalina.startup.VersionLoggerListener.log Command line argument: -Djdk.tls.ephemeralDHKeySize=2048
29-Jan-2025 10:26:59.788 INFO [main] org.apache.catalina.startup.VersionLoggerListener.log Command line argument: -Djava.protocol.handler.pkgs=org.apache.catalina.webresources
29-Jan-2025 10:26:59.788 INFO [main] org.apache.catalina.startup.VersionLoggerListener.log Command line argument: -Dignore.endorsed.dirs=
29-Jan-2025 10:26:59.788 INFO [main] org.apache.catalina.startup.VersionLoggerListener.log Command line argument: -Dcatalina.base=C:\Users\logyw\OneDrive\Desktop\CSC435 Web Services\tomcat
29-Jan-2025 10:26:59.789 INFO [main] org.apache.catalina.startup.VersionLoggerListener.log Command line argument: -Dcatalina.home=C:\Users\logyw\OneDrive\Desktop\CSC435 Web Services\tomcat
29-Jan-2025 10:26:59.789 INFO [main] org.apache.catalina.startup.VersionLoggerListener.log Command line argument: -Djava.io.tmpdir=C:\Users\logyw\OneDrive\Desktop\CSC435 Web Services\tomcat\temp
29-Jan-2025 10:26:59.791 INFO [main] org.apache.catalina.core.AprLifecycleListener.lifecycleEvent Loaded Apache Tomcat Native library [1.3.1] using APR version [1.7.4].
29-Jan-2025 10:26:59.792 INFO [main] org.apache.catalina.core.AprLifecycleListener.lifecycleEvent APR capabilities: IPv6 [true], sendfile [true], accept filters [false], random [true], UDS [true].
29-Jan-2025 10:26:59.793 INFO [main] org.apache.catalina.core.AprLifecycleListener.lifecycleEvent APR/OpenSSL configuration: useAprConnector [false], useOpenSSL [true]
29-Jan-2025 10:26:59.797 INFO [main] org.apache.catalina.core.AprLifecycleListener.initializeSSL OpenSSL successfully initialized [OpenSSL 3.0.14 4 Jun 2024]
29-Jan-2025 10:26:59.948 INFO [main] org.apache.coyote.AbstractProtocol.init Initializing ProtocolHandler ["http-nio-9999"]
29-Jan-2025 10:26:59.964 INFO [main] org.apache.catalina.startup.Catalina.load Server initialization in [292] milliseconds
29-Jan-2025 10:26:59.989 INFO [main] org.apache.catalina.core.StandardService.startInternal Starting service [Catalina]
29-Jan-2025 10:26:59.989 INFO [main] org.apache.catalina.core.StandardEngine.startInternal Starting Servlet engine: [Apache Tomcat/9.0.98]
29-Jan-2025 10:26:59.995 INFO [main] org.apache.catalina.startup.HostConfig.deployDirectory Deploying web application directory [C:\Users\logyw\OneDrive\Desktop\CSC435 Web Services\tomcat\webapps\docs]
29-Jan-2025 10:27:00.204 INFO [main] org.apache.catalina.startup.HostConfig.deployDirectory Deployment of web application directory [C:\Users\logyw\OneDrive\Desktop\CSC435 Web Services\tomcat\webapps\docs] has finished in [209] ms
29-Jan-2025 10:27:00.204 INFO [main] org.apache.catalina.startup.HostConfig.deployDirectory Deploying web application directory [C:\Users\logyw\OneDrive\Desktop\CSC435 Web Services\tomcat\webapps\examples]
29-Jan-2025 10:27:00.636 INFO [main] org.apache.catalina.startup.HostConfig.deployDirectory Deployment of web application directory [C:\Users\logyw\OneDrive\Desktop\CSC435 Web Services\tomcat\webapps\examples] has finished in [432] ms
29-Jan-2025 10:27:00.636 INFO [main] org.apache.catalina.startup.HostConfig.deployDirectory Deploying web application directory [C:\Users\logyw\OneDrive\Desktop\CSC435 Web Services\tomcat\webapps\hello]
29-Jan-2025 10:27:00.669 INFO [main] org.apache.catalina.startup.HostConfig.deployDirectory Deployment of web application directory [C:\Users\logyw\OneDrive\Desktop\CSC435 Web Services\tomcat\webapps\hello] has finished in [33] ms
29-Jan-2025 10:27:00.669 INFO [main] org.apache.catalina.startup.HostConfig.deployDirectory Deploying web application directory [C:\Users\logyw\OneDrive\Desktop\CSC435 Web Services\tomcat\webapps\host-manager]
29-Jan-2025 10:27:00.706 INFO [main] org.apache.catalina.startup.HostConfig.deployDirectory Deployment of web application directory [C:\Users\logyw\OneDrive\Desktop\CSC435 Web Services\tomcat\webapps\host-manager] has finished in [37] ms
29-Jan-2025 10:27:00.706 INFO [main] org.apache.catalina.startup.HostConfig.deployDirectory Deploying web application directory [C:\Users\logyw\OneDrive\Desktop\CSC435 Web Services\tomcat\webapps\manager]
29-Jan-2025 10:27:00.744 INFO [main] org.apache.catalina.startup.HostConfig.deployDirectory Deployment of web application directory [C:\Users\logyw\OneDrive\Desktop\CSC435 Web Services\tomcat\webapps\manager] has finished in [38] ms
29-Jan-2025 10:27:00.744 INFO [main] org.apache.catalina.startup.HostConfig.deployDirectory Deploying web application directory [C:\Users\logyw\OneDrive\Desktop\CSC435 Web Services\tomcat\webapps\ROOT]
29-Jan-2025 10:27:00.768 INFO [main] org.apache.catalina.startup.HostConfig.deployDirectory Deployment of web application directory [C:\Users\logyw\OneDrive\Desktop\CSC435 Web Services\tomcat\webapps\ROOT] has finished in [24] ms
29-Jan-2025 10:27:00.772 INFO [main] org.apache.coyote.AbstractProtocol.start Starting ProtocolHandler ["http-nio-9999"]
29-Jan-2025 10:27:00.799 INFO [main] org.apache.catalina.startup.Catalina.start Server startup in [834] milliseconds
29-Jan-2025 10:27:21.613 INFO [Thread-1] org.apache.coyote.AbstractProtocol.pause Pausing ProtocolHandler ["http-nio-9999"]
29-Jan-2025 10:27:21.713 INFO [Thread-1] org.apache.catalina.core.StandardService.stopInternal Stopping service [Catalina]
29-Jan-2025 10:27:21.725 INFO [Thread-1] org.apache.coyote.AbstractProtocol.stop Stopping ProtocolHandler ["http-nio-9999"]
29-Jan-2025 10:27:21.750 INFO [Thread-1] org.apache.coyote.AbstractProtocol.destroy Destroying ProtocolHandler ["http-nio-9999"]
29-Jan-2025 10:28:17.322 INFO [main] org.apache.catalina.startup.VersionLoggerListener.log Server version name:   Apache Tomcat/9.0.98
29-Jan-2025 10:28:17.324 INFO [main] org.apache.catalina.startup.VersionLoggerListener.log Server built:          Dec 5 2024 19:50:29 UTC
29-Jan-2025 10:28:17.324 INFO [main] org.apache.catalina.startup.VersionLoggerListener.log Server version number: 9.0.98.0
29-Jan-2025 10:28:17.324 INFO [main] org.apache.catalina.startup.VersionLoggerListener.log OS Name:               Windows 10
29-Jan-2025 10:28:17.324 INFO [main] org.apache.catalina.startup.VersionLoggerListener.log OS Version:            10.0
29-Jan-2025 10:28:17.324 INFO [main] org.apache.catalina.startup.VersionLoggerListener.log Architecture:          amd64
29-Jan-2025 10:28:17.325 INFO [main] org.apache.catalina.startup.VersionLoggerListener.log Java Home:             C:\Program Files\Microsoft\jdk-17.0.11.9-hotspot
29-Jan-2025 10:28:17.325 INFO [main] org.apache.catalina.startup.VersionLoggerListener.log JVM Version:           17.0.11+9-LTS
29-Jan-2025 10:28:17.325 INFO [main] org.apache.catalina.startup.VersionLoggerListener.log JVM Vendor:            Microsoft
29-Jan-2025 10:28:17.325 INFO [main] org.apache.catalina.startup.VersionLoggerListener.log CATALINA_BASE:         C:\Users\logyw\OneDrive\Desktop\CSC435 Web Services\tomcat
29-Jan-2025 10:28:17.325 INFO [main] org.apache.catalina.startup.VersionLoggerListener.log CATALINA_HOME:         C:\Users\logyw\OneDrive\Desktop\CSC435 Web Services\tomcat
29-Jan-2025 10:28:17.331 INFO [main] org.apache.catalina.startup.VersionLoggerListener.log Command line argument: --add-opens=java.base/java.lang=ALL-UNNAMED
29-Jan-2025 10:28:17.331 INFO [main] org.apache.catalina.startup.VersionLoggerListener.log Command line argument: --add-opens=java.base/java.io=ALL-UNNAMED
29-Jan-2025 10:28:17.331 INFO [main] org.apache.catalina.startup.VersionLoggerListener.log Command line argument: --add-opens=java.base/java.util=ALL-UNNAMED
29-Jan-2025 10:28:17.331 INFO [main] org.apache.catalina.startup.VersionLoggerListener.log Command line argument: --add-opens=java.base/java.util.concurrent=ALL-UNNAMED
29-Jan-2025 10:28:17.331 INFO [main] org.apache.catalina.startup.VersionLoggerListener.log Command line argument: --add-opens=java.rmi/sun.rmi.transport=ALL-UNNAMED
29-Jan-2025 10:28:17.332 INFO [main] org.apache.catalina.startup.VersionLoggerListener.log Command line argument: -Djava.util.logging.config.file=C:\Users\logyw\OneDrive\Desktop\CSC435 Web Services\tomcat\conf\logging.properties
29-Jan-2025 10:28:17.332 INFO [main] org.apache.catalina.startup.VersionLoggerListener.log Command line argument: -Djava.util.logging.manager=org.apache.juli.ClassLoaderLogManager
29-Jan-2025 10:28:17.332 INFO [main] org.apache.catalina.startup.VersionLoggerListener.log Command line argument: -Djdk.tls.ephemeralDHKeySize=2048
29-Jan-2025 10:28:17.332 INFO [main] org.apache.catalina.startup.VersionLoggerListener.log Command line argument: -Djava.protocol.handler.pkgs=org.apache.catalina.webresources
29-Jan-2025 10:28:17.332 INFO [main] org.apache.catalina.startup.VersionLoggerListener.log Command line argument: -Dignore.endorsed.dirs=
29-Jan-2025 10:28:17.333 INFO [main] org.apache.catalina.startup.VersionLoggerListener.log Command line argument: -Dcatalina.base=C:\Users\logyw\OneDrive\Desktop\CSC435 Web Services\tomcat
29-Jan-2025 10:28:17.333 INFO [main] org.apache.catalina.startup.VersionLoggerListener.log Command line argument: -Dcatalina.home=C:\Users\logyw\OneDrive\Desktop\CSC435 Web Services\tomcat
29-Jan-2025 10:28:17.333 INFO [main] org.apache.catalina.startup.VersionLoggerListener.log Command line argument: -Djava.io.tmpdir=C:\Users\logyw\OneDrive\Desktop\CSC435 Web Services\tomcat\temp
29-Jan-2025 10:28:17.336 INFO [main] org.apache.catalina.core.AprLifecycleListener.lifecycleEvent Loaded Apache Tomcat Native library [1.3.1] using APR version [1.7.4].
29-Jan-2025 10:28:17.336 INFO [main] org.apache.catalina.core.AprLifecycleListener.lifecycleEvent APR capabilities: IPv6 [true], sendfile [true], accept filters [false], random [true], UDS [true].
29-Jan-2025 10:28:17.336 INFO [main] org.apache.catalina.core.AprLifecycleListener.lifecycleEvent APR/OpenSSL configuration: useAprConnector [false], useOpenSSL [true]
29-Jan-2025 10:28:17.340 INFO [main] org.apache.catalina.core.AprLifecycleListener.initializeSSL OpenSSL successfully initialized [OpenSSL 3.0.14 4 Jun 2024]
29-Jan-2025 10:28:17.492 INFO [main] org.apache.coyote.AbstractProtocol.init Initializing ProtocolHandler ["http-nio-9999"]
29-Jan-2025 10:28:17.508 INFO [main] org.apache.catalina.startup.Catalina.load Server initialization in [292] milliseconds
29-Jan-2025 10:28:17.533 INFO [main] org.apache.catalina.core.StandardService.startInternal Starting service [Catalina]
29-Jan-2025 10:28:17.534 INFO [main] org.apache.catalina.core.StandardEngine.startInternal Starting Servlet engine: [Apache Tomcat/9.0.98]
29-Jan-2025 10:28:17.540 INFO [main] org.apache.catalina.startup.HostConfig.deployDirectory Deploying web application directory [C:\Users\logyw\OneDrive\Desktop\CSC435 Web Services\tomcat\webapps\docs]
29-Jan-2025 10:28:17.749 INFO [main] org.apache.catalina.startup.HostConfig.deployDirectory Deployment of web application directory [C:\Users\logyw\OneDrive\Desktop\CSC435 Web Services\tomcat\webapps\docs] has finished in [208] ms
29-Jan-2025 10:28:17.749 INFO [main] org.apache.catalina.startup.HostConfig.deployDirectory Deploying web application directory [C:\Users\logyw\OneDrive\Desktop\CSC435 Web Services\tomcat\webapps\examples]
29-Jan-2025 10:28:18.191 INFO [main] org.apache.catalina.startup.HostConfig.deployDirectory Deployment of web application directory [C:\Users\logyw\OneDrive\Desktop\CSC435 Web Services\tomcat\webapps\examples] has finished in [442] ms
29-Jan-2025 10:28:18.192 INFO [main] org.apache.catalina.startup.HostConfig.deployDirectory Deploying web application directory [C:\Users\logyw\OneDrive\Desktop\CSC435 Web Services\tomcat\webapps\hello]
29-Jan-2025 10:28:18.226 INFO [main] org.apache.catalina.startup.HostConfig.deployDirectory Deployment of web application directory [C:\Users\logyw\OneDrive\Desktop\CSC435 Web Services\tomcat\webapps\hello] has finished in [33] ms
29-Jan-2025 10:28:18.226 INFO [main] org.apache.catalina.startup.HostConfig.deployDirectory Deploying web application directory [C:\Users\logyw\OneDrive\Desktop\CSC435 Web Services\tomcat\webapps\host-manager]
29-Jan-2025 10:28:18.265 INFO [main] org.apache.catalina.startup.HostConfig.deployDirectory Deployment of web application directory [C:\Users\logyw\OneDrive\Desktop\CSC435 Web Services\tomcat\webapps\host-manager] has finished in [39] ms
29-Jan-2025 10:28:18.266 INFO [main] org.apache.catalina.startup.HostConfig.deployDirectory Deploying web application directory [C:\Users\logyw\OneDrive\Desktop\CSC435 Web Services\tomcat\webapps\manager]
29-Jan-2025 10:28:18.306 INFO [main] org.apache.catalina.startup.HostConfig.deployDirectory Deployment of web application directory [C:\Users\logyw\OneDrive\Desktop\CSC435 Web Services\tomcat\webapps\manager] has finished in [40] ms
29-Jan-2025 10:28:18.307 INFO [main] org.apache.catalina.startup.HostConfig.deployDirectory Deploying web application directory [C:\Users\logyw\OneDrive\Desktop\CSC435 Web Services\tomcat\webapps\ROOT]
29-Jan-2025 10:28:18.334 INFO [main] org.apache.catalina.startup.HostConfig.deployDirectory Deployment of web application directory [C:\Users\logyw\OneDrive\Desktop\CSC435 Web Services\tomcat\webapps\ROOT] has finished in [27] ms
29-Jan-2025 10:28:18.336 INFO [main] org.apache.coyote.AbstractProtocol.start Starting ProtocolHandler ["http-nio-9999"]
29-Jan-2025 10:28:18.363 INFO [main] org.apache.catalina.startup.Catalina.start Server startup in [855] milliseconds
29-Jan-2025 10:44:21.197 INFO [main] org.apache.catalina.startup.VersionLoggerListener.log Server version name:   Apache Tomcat/9.0.98
29-Jan-2025 10:44:21.200 INFO [main] org.apache.catalina.startup.VersionLoggerListener.log Server built:          Dec 5 2024 19:50:29 UTC
29-Jan-2025 10:44:21.200 INFO [main] org.apache.catalina.startup.VersionLoggerListener.log Server version number: 9.0.98.0
29-Jan-2025 10:44:21.200 INFO [main] org.apache.catalina.startup.VersionLoggerListener.log OS Name:               Windows 10
29-Jan-2025 10:44:21.200 INFO [main] org.apache.catalina.startup.VersionLoggerListener.log OS Version:            10.0
29-Jan-2025 10:44:21.200 INFO [main] org.apache.catalina.startup.VersionLoggerListener.log Architecture:          amd64
29-Jan-2025 10:44:21.200 INFO [main] org.apache.catalina.startup.VersionLoggerListener.log Java Home:             C:\Program Files\Microsoft\jdk-17.0.11.9-hotspot
29-Jan-2025 10:44:21.200 INFO [main] org.apache.catalina.startup.VersionLoggerListener.log JVM Version:           17.0.11+9-LTS
29-Jan-2025 10:44:21.200 INFO [main] org.apache.catalina.startup.VersionLoggerListener.log JVM Vendor:            Microsoft
29-Jan-2025 10:44:21.200 INFO [main] org.apache.catalina.startup.VersionLoggerListener.log CATALINA_BASE:         C:\Users\logyw\OneDrive\Desktop\CSC435WebServices\tomcat
29-Jan-2025 10:44:21.201 INFO [main] org.apache.catalina.startup.VersionLoggerListener.log CATALINA_HOME:         C:\Users\logyw\OneDrive\Desktop\CSC435WebServices\tomcat
29-Jan-2025 10:44:21.206 INFO [main] org.apache.catalina.startup.VersionLoggerListener.log Command line argument: --add-opens=java.base/java.lang=ALL-UNNAMED
29-Jan-2025 10:44:21.207 INFO [main] org.apache.catalina.startup.VersionLoggerListener.log Command line argument: --add-opens=java.base/java.io=ALL-UNNAMED
29-Jan-2025 10:44:21.207 INFO [main] org.apache.catalina.startup.VersionLoggerListener.log Command line argument: --add-opens=java.base/java.util=ALL-UNNAMED
29-Jan-2025 10:44:21.207 INFO [main] org.apache.catalina.startup.VersionLoggerListener.log Command line argument: --add-opens=java.base/java.util.concurrent=ALL-UNNAMED
29-Jan-2025 10:44:21.207 INFO [main] org.apache.catalina.startup.VersionLoggerListener.log Command line argument: --add-opens=java.rmi/sun.rmi.transport=ALL-UNNAMED
29-Jan-2025 10:44:21.207 INFO [main] org.apache.catalina.startup.VersionLoggerListener.log Command line argument: -Djava.util.logging.config.file=C:\Users\logyw\OneDrive\Desktop\CSC435WebServices\tomcat\conf\logging.properties
29-Jan-2025 10:44:21.207 INFO [main] org.apache.catalina.startup.VersionLoggerListener.log Command line argument: -Djava.util.logging.manager=org.apache.juli.ClassLoaderLogManager
29-Jan-2025 10:44:21.207 INFO [main] org.apache.catalina.startup.VersionLoggerListener.log Command line argument: -Djdk.tls.ephemeralDHKeySize=2048
29-Jan-2025 10:44:21.208 INFO [main] org.apache.catalina.startup.VersionLoggerListener.log Command line argument: -Djava.protocol.handler.pkgs=org.apache.catalina.webresources
29-Jan-2025 10:44:21.208 INFO [main] org.apache.catalina.startup.VersionLoggerListener.log Command line argument: -Dignore.endorsed.dirs=
29-Jan-2025 10:44:21.208 INFO [main] org.apache.catalina.startup.VersionLoggerListener.log Command line argument: -Dcatalina.base=C:\Users\logyw\OneDrive\Desktop\CSC435WebServices\tomcat
29-Jan-2025 10:44:21.208 INFO [main] org.apache.catalina.startup.VersionLoggerListener.log Command line argument: -Dcatalina.home=C:\Users\logyw\OneDrive\Desktop\CSC435WebServices\tomcat
29-Jan-2025 10:44:21.208 INFO [main] org.apache.catalina.startup.VersionLoggerListener.log Command line argument: -Djava.io.tmpdir=C:\Users\logyw\OneDrive\Desktop\CSC435WebServices\tomcat\temp
29-Jan-2025 10:44:21.211 INFO [main] org.apache.catalina.core.AprLifecycleListener.lifecycleEvent Loaded Apache Tomcat Native library [1.3.1] using APR version [1.7.4].
29-Jan-2025 10:44:21.212 INFO [main] org.apache.catalina.core.AprLifecycleListener.lifecycleEvent APR capabilities: IPv6 [true], sendfile [true], accept filters [false], random [true], UDS [true].
29-Jan-2025 10:44:21.212 INFO [main] org.apache.catalina.core.AprLifecycleListener.lifecycleEvent APR/OpenSSL configuration: useAprConnector [false], useOpenSSL [true]
29-Jan-2025 10:44:21.217 INFO [main] org.apache.catalina.core.AprLifecycleListener.initializeSSL OpenSSL successfully initialized [OpenSSL 3.0.14 4 Jun 2024]
29-Jan-2025 10:44:21.373 INFO [main] org.apache.coyote.AbstractProtocol.init Initializing ProtocolHandler ["http-nio-9999"]
29-Jan-2025 10:44:21.390 INFO [main] org.apache.catalina.startup.Catalina.load Server initialization in [306] milliseconds
29-Jan-2025 10:44:21.420 INFO [main] org.apache.catalina.core.StandardService.startInternal Starting service [Catalina]
29-Jan-2025 10:44:21.420 INFO [main] org.apache.catalina.core.StandardEngine.startInternal Starting Servlet engine: [Apache Tomcat/9.0.98]
29-Jan-2025 10:44:21.426 INFO [main] org.apache.catalina.startup.HostConfig.deployDirectory Deploying web application directory [C:\Users\logyw\OneDrive\Desktop\CSC435WebServices\tomcat\webapps\docs]
29-Jan-2025 10:44:21.629 INFO [main] org.apache.catalina.startup.HostConfig.deployDirectory Deployment of web application directory [C:\Users\logyw\OneDrive\Desktop\CSC435WebServices\tomcat\webapps\docs] has finished in [203] ms
29-Jan-2025 10:44:21.630 INFO [main] org.apache.catalina.startup.HostConfig.deployDirectory Deploying web application directory [C:\Users\logyw\OneDrive\Desktop\CSC435WebServices\tomcat\webapps\examples]
29-Jan-2025 10:44:22.054 INFO [main] org.apache.catalina.startup.HostConfig.deployDirectory Deployment of web application directory [C:\Users\logyw\OneDrive\Desktop\CSC435WebServices\tomcat\webapps\examples] has finished in [425] ms
29-Jan-2025 10:44:22.055 INFO [main] org.apache.catalina.startup.HostConfig.deployDirectory Deploying web application directory [C:\Users\logyw\OneDrive\Desktop\CSC435WebServices\tomcat\webapps\hello]
29-Jan-2025 10:44:22.095 INFO [main] org.apache.catalina.startup.HostConfig.deployDirectory Deployment of web application directory [C:\Users\logyw\OneDrive\Desktop\CSC435WebServices\tomcat\webapps\hello] has finished in [39] ms
29-Jan-2025 10:44:22.095 INFO [main] org.apache.catalina.startup.HostConfig.deployDirectory Deploying web application directory [C:\Users\logyw\OneDrive\Desktop\CSC435WebServices\tomcat\webapps\host-manager]
29-Jan-2025 10:44:22.132 INFO [main] org.apache.catalina.startup.HostConfig.deployDirectory Deployment of web application directory [C:\Users\logyw\OneDrive\Desktop\CSC435WebServices\tomcat\webapps\host-manager] has finished in [37] ms
29-Jan-2025 10:44:22.133 INFO [main] org.apache.catalina.startup.HostConfig.deployDirectory Deploying web application directory [C:\Users\logyw\OneDrive\Desktop\CSC435WebServices\tomcat\webapps\manager]
29-Jan-2025 10:44:22.173 INFO [main] org.apache.catalina.startup.HostConfig.deployDirectory Deployment of web application directory [C:\Users\logyw\OneDrive\Desktop\CSC435WebServices\tomcat\webapps\manager] has finished in [40] ms
29-Jan-2025 10:44:22.173 INFO [main] org.apache.catalina.startup.HostConfig.deployDirectory Deploying web application directory [C:\Users\logyw\OneDrive\Desktop\CSC435WebServices\tomcat\webapps\ROOT]
29-Jan-2025 10:44:22.199 INFO [main] org.apache.catalina.startup.HostConfig.deployDirectory Deployment of web application directory [C:\Users\logyw\OneDrive\Desktop\CSC435WebServices\tomcat\webapps\ROOT] has finished in [26] ms
29-Jan-2025 10:44:22.203 INFO [main] org.apache.coyote.AbstractProtocol.start Starting ProtocolHandler ["http-nio-9999"]
29-Jan-2025 10:44:22.230 INFO [main] org.apache.catalina.startup.Catalina.start Server startup in [840] milliseconds
29-Jan-2025 10:44:49.393 INFO [Thread-1] org.apache.coyote.AbstractProtocol.pause Pausing ProtocolHandler ["http-nio-9999"]
29-Jan-2025 10:44:49.495 INFO [Thread-1] org.apache.catalina.core.StandardService.stopInternal Stopping service [Catalina]
29-Jan-2025 10:44:49.508 INFO [Thread-1] org.apache.coyote.AbstractProtocol.stop Stopping ProtocolHandler ["http-nio-9999"]
29-Jan-2025 10:44:49.525 INFO [Thread-1] org.apache.coyote.AbstractProtocol.destroy Destroying ProtocolHandler ["http-nio-9999"]
29-Jan-2025 18:50:41.699 INFO [main] org.apache.catalina.startup.VersionLoggerListener.log Server version name:   Apache Tomcat/9.0.98
29-Jan-2025 18:50:41.701 INFO [main] org.apache.catalina.startup.VersionLoggerListener.log Server built:          Dec 5 2024 19:50:29 UTC
29-Jan-2025 18:50:41.701 INFO [main] org.apache.catalina.startup.VersionLoggerListener.log Server version number: 9.0.98.0
29-Jan-2025 18:50:41.701 INFO [main] org.apache.catalina.startup.VersionLoggerListener.log OS Name:               Windows 10
29-Jan-2025 18:50:41.701 INFO [main] org.apache.catalina.startup.VersionLoggerListener.log OS Version:            10.0
29-Jan-2025 18:50:41.701 INFO [main] org.apache.catalina.startup.VersionLoggerListener.log Architecture:          amd64
29-Jan-2025 18:50:41.701 INFO [main] org.apache.catalina.startup.VersionLoggerListener.log Java Home:             C:\Program Files\Microsoft\jdk-17.0.11.9-hotspot
29-Jan-2025 18:50:41.701 INFO [main] org.apache.catalina.startup.VersionLoggerListener.log JVM Version:           17.0.11+9-LTS
29-Jan-2025 18:50:41.702 INFO [main] org.apache.catalina.startup.VersionLoggerListener.log JVM Vendor:            Microsoft
29-Jan-2025 18:50:41.702 INFO [main] org.apache.catalina.startup.VersionLoggerListener.log CATALINA_BASE:         C:\Users\logyw\OneDrive\Desktop\CSC435WebServices\tomcat
29-Jan-2025 18:50:41.702 INFO [main] org.apache.catalina.startup.VersionLoggerListener.log CATALINA_HOME:         C:\Users\logyw\OneDrive\Desktop\CSC435WebServices\tomcat
29-Jan-2025 18:50:41.708 INFO [main] org.apache.catalina.startup.VersionLoggerListener.log Command line argument: --add-opens=java.base/java.lang=ALL-UNNAMED
29-Jan-2025 18:50:41.708 INFO [main] org.apache.catalina.startup.VersionLoggerListener.log Command line argument: --add-opens=java.base/java.io=ALL-UNNAMED
29-Jan-2025 18:50:41.708 INFO [main] org.apache.catalina.startup.VersionLoggerListener.log Command line argument: --add-opens=java.base/java.util=ALL-UNNAMED
29-Jan-2025 18:50:41.709 INFO [main] org.apache.catalina.startup.VersionLoggerListener.log Command line argument: --add-opens=java.base/java.util.concurrent=ALL-UNNAMED
29-Jan-2025 18:50:41.709 INFO [main] org.apache.catalina.startup.VersionLoggerListener.log Command line argument: --add-opens=java.rmi/sun.rmi.transport=ALL-UNNAMED
29-Jan-2025 18:50:41.709 INFO [main] org.apache.catalina.startup.VersionLoggerListener.log Command line argument: -Djava.util.logging.config.file=C:\Users\logyw\OneDrive\Desktop\CSC435WebServices\tomcat\conf\logging.properties
29-Jan-2025 18:50:41.709 INFO [main] org.apache.catalina.startup.VersionLoggerListener.log Command line argument: -Djava.util.logging.manager=org.apache.juli.ClassLoaderLogManager
29-Jan-2025 18:50:41.709 INFO [main] org.apache.catalina.startup.VersionLoggerListener.log Command line argument: -Djdk.tls.ephemeralDHKeySize=2048
29-Jan-2025 18:50:41.709 INFO [main] org.apache.catalina.startup.VersionLoggerListener.log Command line argument: -Djava.protocol.handler.pkgs=org.apache.catalina.webresources
29-Jan-2025 18:50:41.710 INFO [main] org.apache.catalina.startup.VersionLoggerListener.log Command line argument: -Dignore.endorsed.dirs=
29-Jan-2025 18:50:41.710 INFO [main] org.apache.catalina.startup.VersionLoggerListener.log Command line argument: -Dcatalina.base=C:\Users\logyw\OneDrive\Desktop\CSC435WebServices\tomcat
29-Jan-2025 18:50:41.710 INFO [main] org.apache.catalina.startup.VersionLoggerListener.log Command line argument: -Dcatalina.home=C:\Users\logyw\OneDrive\Desktop\CSC435WebServices\tomcat
29-Jan-2025 18:50:41.710 INFO [main] org.apache.catalina.startup.VersionLoggerListener.log Command line argument: -Djava.io.tmpdir=C:\Users\logyw\OneDrive\Desktop\CSC435WebServices\tomcat\temp
29-Jan-2025 18:50:41.713 INFO [main] org.apache.catalina.core.AprLifecycleListener.lifecycleEvent Loaded Apache Tomcat Native library [1.3.1] using APR version [1.7.4].
29-Jan-2025 18:50:41.713 INFO [main] org.apache.catalina.core.AprLifecycleListener.lifecycleEvent APR capabilities: IPv6 [true], sendfile [true], accept filters [false], random [true], UDS [true].
29-Jan-2025 18:50:41.713 INFO [main] org.apache.catalina.core.AprLifecycleListener.lifecycleEvent APR/OpenSSL configuration: useAprConnector [false], useOpenSSL [true]
29-Jan-2025 18:50:41.717 INFO [main] org.apache.catalina.core.AprLifecycleListener.initializeSSL OpenSSL successfully initialized [OpenSSL 3.0.14 4 Jun 2024]
29-Jan-2025 18:50:41.879 INFO [main] org.apache.coyote.AbstractProtocol.init Initializing ProtocolHandler ["http-nio-9999"]
29-Jan-2025 18:50:41.896 INFO [main] org.apache.catalina.startup.Catalina.load Server initialization in [312] milliseconds
29-Jan-2025 18:50:41.927 INFO [main] org.apache.catalina.core.StandardService.startInternal Starting service [Catalina]
29-Jan-2025 18:50:41.928 INFO [main] org.apache.catalina.core.StandardEngine.startInternal Starting Servlet engine: [Apache Tomcat/9.0.98]
29-Jan-2025 18:50:41.935 INFO [main] org.apache.catalina.startup.HostConfig.deployDirectory Deploying web application directory [C:\Users\logyw\OneDrive\Desktop\CSC435WebServices\tomcat\webapps\docs]
29-Jan-2025 18:50:42.155 INFO [main] org.apache.catalina.startup.HostConfig.deployDirectory Deployment of web application directory [C:\Users\logyw\OneDrive\Desktop\CSC435WebServices\tomcat\webapps\docs] has finished in [220] ms
29-Jan-2025 18:50:42.156 INFO [main] org.apache.catalina.startup.HostConfig.deployDirectory Deploying web application directory [C:\Users\logyw\OneDrive\Desktop\CSC435WebServices\tomcat\webapps\examples]
29-Jan-2025 18:50:42.598 INFO [main] org.apache.catalina.startup.HostConfig.deployDirectory Deployment of web application directory [C:\Users\logyw\OneDrive\Desktop\CSC435WebServices\tomcat\webapps\examples] has finished in [442] ms
29-Jan-2025 18:50:42.598 INFO [main] org.apache.catalina.startup.HostConfig.deployDirectory Deploying web application directory [C:\Users\logyw\OneDrive\Desktop\CSC435WebServices\tomcat\webapps\hello]
29-Jan-2025 18:50:42.639 INFO [main] org.apache.catalina.startup.HostConfig.deployDirectory Deployment of web application directory [C:\Users\logyw\OneDrive\Desktop\CSC435WebServices\tomcat\webapps\hello] has finished in [41] ms
29-Jan-2025 18:50:42.639 INFO [main] org.apache.catalina.startup.HostConfig.deployDirectory Deploying web application directory [C:\Users\logyw\OneDrive\Desktop\CSC435WebServices\tomcat\webapps\host-manager]
29-Jan-2025 18:50:42.676 INFO [main] org.apache.catalina.startup.HostConfig.deployDirectory Deployment of web application directory [C:\Users\logyw\OneDrive\Desktop\CSC435WebServices\tomcat\webapps\host-manager] has finished in [37] ms
29-Jan-2025 18:50:42.677 INFO [main] org.apache.catalina.startup.HostConfig.deployDirectory Deploying web application directory [C:\Users\logyw\OneDrive\Desktop\CSC435WebServices\tomcat\webapps\manager]
29-Jan-2025 18:50:42.716 INFO [main] org.apache.catalina.startup.HostConfig.deployDirectory Deployment of web application directory [C:\Users\logyw\OneDrive\Desktop\CSC435WebServices\tomcat\webapps\manager] has finished in [39] ms
29-Jan-2025 18:50:42.716 INFO [main] org.apache.catalina.startup.HostConfig.deployDirectory Deploying web application directory [C:\Users\logyw\OneDrive\Desktop\CSC435WebServices\tomcat\webapps\ROOT]
29-Jan-2025 18:50:42.745 INFO [main] org.apache.catalina.startup.HostConfig.deployDirectory Deployment of web application directory [C:\Users\logyw\OneDrive\Desktop\CSC435WebServices\tomcat\webapps\ROOT] has finished in [28] ms
29-Jan-2025 18:50:42.748 INFO [main] org.apache.coyote.AbstractProtocol.start Starting ProtocolHandler ["http-nio-9999"]
29-Jan-2025 18:50:42.776 INFO [main] org.apache.catalina.startup.Catalina.start Server startup in [880] milliseconds
29-Jan-2025 18:51:33.395 INFO [Catalina-utility-1] org.apache.catalina.startup.HostConfig.undeploy Undeploying context [/hello]
29-Jan-2025 18:51:33.409 INFO [Catalina-utility-1] org.apache.catalina.startup.HostConfig.deployDirectory Deploying web application directory [C:\Users\logyw\OneDrive\Desktop\CSC435WebServices\tomcat\webapps\generate-quote]
29-Jan-2025 18:51:33.441 INFO [Catalina-utility-1] org.apache.catalina.startup.HostConfig.deployDirectory Deployment of web application directory [C:\Users\logyw\OneDrive\Desktop\CSC435WebServices\tomcat\webapps\generate-quote] has finished in [31] ms
29-Jan-2025 18:51:43.970 INFO [Catalina-utility-1] org.apache.catalina.startup.HostConfig.undeploy Undeploying context [/generate-quote]
29-Jan-2025 18:51:43.981 INFO [Catalina-utility-1] org.apache.catalina.startup.HostConfig.deployDirectory Deploying web application directory [C:\Users\logyw\OneDrive\Desktop\CSC435WebServices\tomcat\webapps\quote]
29-Jan-2025 18:51:44.013 INFO [Catalina-utility-1] org.apache.catalina.startup.HostConfig.deployDirectory Deployment of web application directory [C:\Users\logyw\OneDrive\Desktop\CSC435WebServices\tomcat\webapps\quote] has finished in [32] ms
29-Jan-2025 18:51:47.037 INFO [Thread-1] org.apache.coyote.AbstractProtocol.pause Pausing ProtocolHandler ["http-nio-9999"]
29-Jan-2025 18:51:47.138 INFO [Thread-1] org.apache.catalina.core.StandardService.stopInternal Stopping service [Catalina]
29-Jan-2025 18:51:47.146 INFO [Thread-1] org.apache.coyote.AbstractProtocol.stop Stopping ProtocolHandler ["http-nio-9999"]
29-Jan-2025 18:51:47.150 INFO [Thread-1] org.apache.coyote.AbstractProtocol.destroy Destroying ProtocolHandler ["http-nio-9999"]
29-Jan-2025 18:51:49.594 INFO [main] org.apache.catalina.startup.VersionLoggerListener.log Server version name:   Apache Tomcat/9.0.98
29-Jan-2025 18:51:49.596 INFO [main] org.apache.catalina.startup.VersionLoggerListener.log Server built:          Dec 5 2024 19:50:29 UTC
29-Jan-2025 18:51:49.597 INFO [main] org.apache.catalina.startup.VersionLoggerListener.log Server version number: 9.0.98.0
29-Jan-2025 18:51:49.597 INFO [main] org.apache.catalina.startup.VersionLoggerListener.log OS Name:               Windows 10
29-Jan-2025 18:51:49.597 INFO [main] org.apache.catalina.startup.VersionLoggerListener.log OS Version:            10.0
29-Jan-2025 18:51:49.597 INFO [main] org.apache.catalina.startup.VersionLoggerListener.log Architecture:          amd64
29-Jan-2025 18:51:49.597 INFO [main] org.apache.catalina.startup.VersionLoggerListener.log Java Home:             C:\Program Files\Microsoft\jdk-17.0.11.9-hotspot
29-Jan-2025 18:51:49.597 INFO [main] org.apache.catalina.startup.VersionLoggerListener.log JVM Version:           17.0.11+9-LTS
29-Jan-2025 18:51:49.597 INFO [main] org.apache.catalina.startup.VersionLoggerListener.log JVM Vendor:            Microsoft
29-Jan-2025 18:51:49.597 INFO [main] org.apache.catalina.startup.VersionLoggerListener.log CATALINA_BASE:         C:\Users\logyw\OneDrive\Desktop\CSC435WebServices\tomcat
29-Jan-2025 18:51:49.597 INFO [main] org.apache.catalina.startup.VersionLoggerListener.log CATALINA_HOME:         C:\Users\logyw\OneDrive\Desktop\CSC435WebServices\tomcat
29-Jan-2025 18:51:49.603 INFO [main] org.apache.catalina.startup.VersionLoggerListener.log Command line argument: --add-opens=java.base/java.lang=ALL-UNNAMED
29-Jan-2025 18:51:49.603 INFO [main] org.apache.catalina.startup.VersionLoggerListener.log Command line argument: --add-opens=java.base/java.io=ALL-UNNAMED
29-Jan-2025 18:51:49.604 INFO [main] org.apache.catalina.startup.VersionLoggerListener.log Command line argument: --add-opens=java.base/java.util=ALL-UNNAMED
29-Jan-2025 18:51:49.604 INFO [main] org.apache.catalina.startup.VersionLoggerListener.log Command line argument: --add-opens=java.base/java.util.concurrent=ALL-UNNAMED
29-Jan-2025 18:51:49.604 INFO [main] org.apache.catalina.startup.VersionLoggerListener.log Command line argument: --add-opens=java.rmi/sun.rmi.transport=ALL-UNNAMED
29-Jan-2025 18:51:49.604 INFO [main] org.apache.catalina.startup.VersionLoggerListener.log Command line argument: -Djava.util.logging.config.file=C:\Users\logyw\OneDrive\Desktop\CSC435WebServices\tomcat\conf\logging.properties
29-Jan-2025 18:51:49.604 INFO [main] org.apache.catalina.startup.VersionLoggerListener.log Command line argument: -Djava.util.logging.manager=org.apache.juli.ClassLoaderLogManager
29-Jan-2025 18:51:49.604 INFO [main] org.apache.catalina.startup.VersionLoggerListener.log Command line argument: -Djdk.tls.ephemeralDHKeySize=2048
29-Jan-2025 18:51:49.605 INFO [main] org.apache.catalina.startup.VersionLoggerListener.log Command line argument: -Djava.protocol.handler.pkgs=org.apache.catalina.webresources
29-Jan-2025 18:51:49.605 INFO [main] org.apache.catalina.startup.VersionLoggerListener.log Command line argument: -Dignore.endorsed.dirs=
29-Jan-2025 18:51:49.605 INFO [main] org.apache.catalina.startup.VersionLoggerListener.log Command line argument: -Dcatalina.base=C:\Users\logyw\OneDrive\Desktop\CSC435WebServices\tomcat
29-Jan-2025 18:51:49.605 INFO [main] org.apache.catalina.startup.VersionLoggerListener.log Command line argument: -Dcatalina.home=C:\Users\logyw\OneDrive\Desktop\CSC435WebServices\tomcat
29-Jan-2025 18:51:49.605 INFO [main] org.apache.catalina.startup.VersionLoggerListener.log Command line argument: -Djava.io.tmpdir=C:\Users\logyw\OneDrive\Desktop\CSC435WebServices\tomcat\temp
29-Jan-2025 18:51:49.608 INFO [main] org.apache.catalina.core.AprLifecycleListener.lifecycleEvent Loaded Apache Tomcat Native library [1.3.1] using APR version [1.7.4].
29-Jan-2025 18:51:49.608 INFO [main] org.apache.catalina.core.AprLifecycleListener.lifecycleEvent APR capabilities: IPv6 [true], sendfile [true], accept filters [false], random [true], UDS [true].
29-Jan-2025 18:51:49.608 INFO [main] org.apache.catalina.core.AprLifecycleListener.lifecycleEvent APR/OpenSSL configuration: useAprConnector [false], useOpenSSL [true]
29-Jan-2025 18:51:49.612 INFO [main] org.apache.catalina.core.AprLifecycleListener.initializeSSL OpenSSL successfully initialized [OpenSSL 3.0.14 4 Jun 2024]
29-Jan-2025 18:51:49.768 INFO [main] org.apache.coyote.AbstractProtocol.init Initializing ProtocolHandler ["http-nio-9999"]
29-Jan-2025 18:51:49.785 INFO [main] org.apache.catalina.startup.Catalina.load Server initialization in [296] milliseconds
29-Jan-2025 18:51:49.814 INFO [main] org.apache.catalina.core.StandardService.startInternal Starting service [Catalina]
29-Jan-2025 18:51:49.815 INFO [main] org.apache.catalina.core.StandardEngine.startInternal Starting Servlet engine: [Apache Tomcat/9.0.98]
29-Jan-2025 18:51:49.821 INFO [main] org.apache.catalina.startup.HostConfig.deployDirectory Deploying web application directory [C:\Users\logyw\OneDrive\Desktop\CSC435WebServices\tomcat\webapps\docs]
29-Jan-2025 18:51:50.027 INFO [main] org.apache.catalina.startup.HostConfig.deployDirectory Deployment of web application directory [C:\Users\logyw\OneDrive\Desktop\CSC435WebServices\tomcat\webapps\docs] has finished in [206] ms
29-Jan-2025 18:51:50.028 INFO [main] org.apache.catalina.startup.HostConfig.deployDirectory Deploying web application directory [C:\Users\logyw\OneDrive\Desktop\CSC435WebServices\tomcat\webapps\examples]
29-Jan-2025 18:51:50.469 INFO [main] org.apache.catalina.startup.HostConfig.deployDirectory Deployment of web application directory [C:\Users\logyw\OneDrive\Desktop\CSC435WebServices\tomcat\webapps\examples] has finished in [441] ms
29-Jan-2025 18:51:50.469 INFO [main] org.apache.catalina.startup.HostConfig.deployDirectory Deploying web application directory [C:\Users\logyw\OneDrive\Desktop\CSC435WebServices\tomcat\webapps\host-manager]
29-Jan-2025 18:51:50.508 INFO [main] org.apache.catalina.startup.HostConfig.deployDirectory Deployment of web application directory [C:\Users\logyw\OneDrive\Desktop\CSC435WebServices\tomcat\webapps\host-manager] has finished in [39] ms
29-Jan-2025 18:51:50.508 INFO [main] org.apache.catalina.startup.HostConfig.deployDirectory Deploying web application directory [C:\Users\logyw\OneDrive\Desktop\CSC435WebServices\tomcat\webapps\manager]
29-Jan-2025 18:51:50.546 INFO [main] org.apache.catalina.startup.HostConfig.deployDirectory Deployment of web application directory [C:\Users\logyw\OneDrive\Desktop\CSC435WebServices\tomcat\webapps\manager] has finished in [38] ms
29-Jan-2025 18:51:50.546 INFO [main] org.apache.catalina.startup.HostConfig.deployDirectory Deploying web application directory [C:\Users\logyw\OneDrive\Desktop\CSC435WebServices\tomcat\webapps\quote]
29-Jan-2025 18:51:50.586 INFO [main] org.apache.catalina.startup.HostConfig.deployDirectory Deployment of web application directory [C:\Users\logyw\OneDrive\Desktop\CSC435WebServices\tomcat\webapps\quote] has finished in [39] ms
29-Jan-2025 18:51:50.586 INFO [main] org.apache.catalina.startup.HostConfig.deployDirectory Deploying web application directory [C:\Users\logyw\OneDrive\Desktop\CSC435WebServices\tomcat\webapps\ROOT]
29-Jan-2025 18:51:50.610 INFO [main] org.apache.catalina.startup.HostConfig.deployDirectory Deployment of web application directory [C:\Users\logyw\OneDrive\Desktop\CSC435WebServices\tomcat\webapps\ROOT] has finished in [23] ms
29-Jan-2025 18:51:50.613 INFO [main] org.apache.coyote.AbstractProtocol.start Starting ProtocolHandler ["http-nio-9999"]
29-Jan-2025 18:51:50.640 INFO [main] org.apache.catalina.startup.Catalina.start Server startup in [855] milliseconds
29-Jan-2025 19:05:38.855 INFO [Thread-1] org.apache.coyote.AbstractProtocol.pause Pausing ProtocolHandler ["http-nio-9999"]
29-Jan-2025 19:05:38.956 INFO [Thread-1] org.apache.catalina.core.StandardService.stopInternal Stopping service [Catalina]
29-Jan-2025 19:05:38.970 INFO [Thread-1] org.apache.coyote.AbstractProtocol.stop Stopping ProtocolHandler ["http-nio-9999"]
29-Jan-2025 19:05:38.993 INFO [Thread-1] org.apache.coyote.AbstractProtocol.destroy Destroying ProtocolHandler ["http-nio-9999"]
