04-Feb-2025 14:24:12.896 INFO [main] org.apache.catalina.core.ApplicationContext.log ContextListener: contextInitialized()
04-Feb-2025 14:24:12.896 INFO [main] org.apache.catalina.core.ApplicationContext.log SessionListener: contextInitialized()
04-Feb-2025 14:24:12.898 INFO [main] org.apache.catalina.core.ApplicationContext.log ContextListener: attributeAdded('StockTicker', 'async.Stockticker@44c79f32')
04-Feb-2025 14:53:51.817 INFO [main] org.apache.catalina.core.ApplicationContext.log ContextListener: contextInitialized()
04-Feb-2025 14:53:51.817 INFO [main] org.apache.catalina.core.ApplicationContext.log SessionListener: contextInitialized()
04-Feb-2025 14:53:51.820 INFO [main] org.apache.catalina.core.ApplicationContext.log ContextListener: attributeAdded('StockTicker', 'async.Stockticker@d5ae57e')
04-Feb-2025 14:53:52.003 INFO [main] org.apache.catalina.core.ApplicationContext.log SessionListener: contextDestroyed()
04-Feb-2025 14:53:52.003 INFO [main] org.apache.catalina.core.ApplicationContext.log ContextListener: contextDestroyed()
04-Feb-2025 14:57:21.775 INFO [main] org.apache.catalina.core.ApplicationContext.log ContextListener: contextInitialized()
04-Feb-2025 14:57:21.775 INFO [main] org.apache.catalina.core.ApplicationContext.log SessionListener: contextInitialized()
04-Feb-2025 14:57:21.777 INFO [main] org.apache.catalina.core.ApplicationContext.log ContextListener: attributeAdded('StockTicker', 'async.Stockticker@44c79f32')
04-Feb-2025 15:04:25.641 INFO [main] org.apache.catalina.core.ApplicationContext.log ContextListener: contextInitialized()
04-Feb-2025 15:04:25.641 INFO [main] org.apache.catalina.core.ApplicationContext.log SessionListener: contextInitialized()
04-Feb-2025 15:04:25.643 INFO [main] org.apache.catalina.core.ApplicationContext.log ContextListener: attributeAdded('StockTicker', 'async.Stockticker@7fcbe147')
04-Feb-2025 15:04:36.401 SEVERE [http-nio-9999-exec-2] org.apache.catalina.core.StandardWrapperValve.invoke Servlet.service() for servlet [EstimateServlet] in context with path [/quote] threw exception
	java.lang.NullPointerException: Cannot invoke "String.equals(Object)" because "<local9>" is null
		at EstimateServlet.doPost(EstimateServlet.java:32)
		at javax.servlet.http.HttpServlet.service(HttpServlet.java:555)
		at javax.servlet.http.HttpServlet.service(HttpServlet.java:623)
		at org.apache.catalina.core.ApplicationFilterChain.internalDoFilter(ApplicationFilterChain.java:199)
		at org.apache.catalina.core.ApplicationFilterChain.doFilter(ApplicationFilterChain.java:144)
		at org.apache.tomcat.websocket.server.WsFilter.doFilter(WsFilter.java:51)
		at org.apache.catalina.core.ApplicationFilterChain.internalDoFilter(ApplicationFilterChain.java:168)
		at org.apache.catalina.core.ApplicationFilterChain.doFilter(ApplicationFilterChain.java:144)
		at org.apache.catalina.core.StandardWrapperValve.invoke(StandardWrapperValve.java:168)
		at org.apache.catalina.core.StandardContextValve.invoke(StandardContextValve.java:90)
		at org.apache.catalina.authenticator.AuthenticatorBase.invoke(AuthenticatorBase.java:482)
		at org.apache.catalina.core.StandardHostValve.invoke(StandardHostValve.java:130)
		at org.apache.catalina.valves.ErrorReportValve.invoke(ErrorReportValve.java:93)
		at org.apache.catalina.valves.AbstractAccessLogValve.invoke(AbstractAccessLogValve.java:660)
		at org.apache.catalina.core.StandardEngineValve.invoke(StandardEngineValve.java:74)
		at org.apache.catalina.connector.CoyoteAdapter.service(CoyoteAdapter.java:346)
		at org.apache.coyote.http11.Http11Processor.service(Http11Processor.java:396)
		at org.apache.coyote.AbstractProcessorLight.process(AbstractProcessorLight.java:63)
		at org.apache.coyote.AbstractProtocol$ConnectionHandler.process(AbstractProtocol.java:937)
		at org.apache.tomcat.util.net.NioEndpoint$SocketProcessor.doRun(NioEndpoint.java:1791)
		at org.apache.tomcat.util.net.SocketProcessorBase.run(SocketProcessorBase.java:52)
		at org.apache.tomcat.util.threads.ThreadPoolExecutor.runWorker(ThreadPoolExecutor.java:1190)
		at org.apache.tomcat.util.threads.ThreadPoolExecutor$Worker.run(ThreadPoolExecutor.java:659)
		at org.apache.tomcat.util.threads.TaskThread$WrappingRunnable.run(TaskThread.java:63)
		at java.base/java.lang.Thread.run(Thread.java:840)
04-Feb-2025 15:23:21.308 INFO [main] org.apache.catalina.core.ApplicationContext.log ContextListener: contextInitialized()
04-Feb-2025 15:23:21.308 INFO [main] org.apache.catalina.core.ApplicationContext.log SessionListener: contextInitialized()
04-Feb-2025 15:23:21.310 INFO [main] org.apache.catalina.core.ApplicationContext.log ContextListener: attributeAdded('StockTicker', 'async.Stockticker@28276e50')
04-Feb-2025 15:23:21.484 INFO [main] org.apache.catalina.core.ApplicationContext.log SessionListener: contextDestroyed()
04-Feb-2025 15:23:21.484 INFO [main] org.apache.catalina.core.ApplicationContext.log ContextListener: contextDestroyed()
04-Feb-2025 15:26:22.057 INFO [main] org.apache.catalina.core.ApplicationContext.log ContextListener: contextInitialized()
04-Feb-2025 15:26:22.057 INFO [main] org.apache.catalina.core.ApplicationContext.log SessionListener: contextInitialized()
04-Feb-2025 15:26:22.058 INFO [main] org.apache.catalina.core.ApplicationContext.log ContextListener: attributeAdded('StockTicker', 'async.Stockticker@6256ac4f')
04-Feb-2025 15:32:53.662 INFO [main] org.apache.catalina.core.ApplicationContext.log ContextListener: contextInitialized()
04-Feb-2025 15:32:53.662 INFO [main] org.apache.catalina.core.ApplicationContext.log SessionListener: contextInitialized()
04-Feb-2025 15:32:53.664 INFO [main] org.apache.catalina.core.ApplicationContext.log ContextListener: attributeAdded('StockTicker', 'async.Stockticker@675d8c96')
04-Feb-2025 15:32:53.833 INFO [main] org.apache.catalina.core.ApplicationContext.log SessionListener: contextDestroyed()
04-Feb-2025 15:32:53.833 INFO [main] org.apache.catalina.core.ApplicationContext.log ContextListener: contextDestroyed()
04-Feb-2025 15:45:50.454 INFO [main] org.apache.catalina.core.ApplicationContext.log ContextListener: contextInitialized()
04-Feb-2025 15:45:50.454 INFO [main] org.apache.catalina.core.ApplicationContext.log SessionListener: contextInitialized()
04-Feb-2025 15:45:50.456 INFO [main] org.apache.catalina.core.ApplicationContext.log ContextListener: attributeAdded('StockTicker', 'async.Stockticker@743cb8e0')
04-Feb-2025 15:47:40.997 INFO [main] org.apache.catalina.core.ApplicationContext.log ContextListener: contextInitialized()
04-Feb-2025 15:47:40.997 INFO [main] org.apache.catalina.core.ApplicationContext.log SessionListener: contextInitialized()
04-Feb-2025 15:47:40.999 INFO [main] org.apache.catalina.core.ApplicationContext.log ContextListener: attributeAdded('StockTicker', 'async.Stockticker@7fcbe147')
